WARNING - 2023-09-20 08:57:20 --> [DEPRECATED] Creation of dynamic property App\Controllers\LandingController::$cms is deprecated in APPPATH\Controllers\LandingController.php on line 17.
 1 SYSTEMPATH\CodeIgniter.php(906): App\Controllers\LandingController->__construct()
 2 SYSTEMPATH\CodeIgniter.php(490): CodeIgniter\CodeIgniter->createController()
 3 SYSTEMPATH\CodeIgniter.php(368): CodeIgniter\CodeIgniter->handleRequest(null, Object(Config\Cache), false)
 4 FCPATH\index.php(67): CodeIgniter\CodeIgniter->run()
 5 SYSTEMPATH\Commands\Server\rewrite.php(47): require_once('FCPATH\\index.php')
WARNING - 2023-09-20 08:57:20 --> [DEPRECATED] Creation of dynamic property App\Controllers\LandingController::$faq is deprecated in APPPATH\Controllers\LandingController.php on line 18.
 1 SYSTEMPATH\CodeIgniter.php(906): App\Controllers\LandingController->__construct()
 2 SYSTEMPATH\CodeIgniter.php(490): CodeIgniter\CodeIgniter->createController()
 3 SYSTEMPATH\CodeIgniter.php(368): CodeIgniter\CodeIgniter->handleRequest(null, Object(Config\Cache), false)
 4 FCPATH\index.php(67): CodeIgniter\CodeIgniter->run()
 5 SYSTEMPATH\Commands\Server\rewrite.php(47): require_once('FCPATH\\index.php')
WARNING - 2023-09-20 08:57:20 --> [DEPRECATED] Creation of dynamic property App\Controllers\LandingController::$alumni_berprestasi is deprecated in APPPATH\Controllers\LandingController.php on line 19.
 1 SYSTEMPATH\CodeIgniter.php(906): App\Controllers\LandingController->__construct()
 2 SYSTEMPATH\CodeIgniter.php(490): CodeIgniter\CodeIgniter->createController()
 3 SYSTEMPATH\CodeIgniter.php(368): CodeIgniter\CodeIgniter->handleRequest(null, Object(Config\Cache), false)
 4 FCPATH\index.php(67): CodeIgniter\CodeIgniter->run()
 5 SYSTEMPATH\Commands\Server\rewrite.php(47): require_once('FCPATH\\index.php')
WARNING - 2023-09-20 08:57:20 --> [DEPRECATED] Creation of dynamic property App\Controllers\LandingController::$lowongan_kerja is deprecated in APPPATH\Controllers\LandingController.php on line 20.
 1 SYSTEMPATH\CodeIgniter.php(906): App\Controllers\LandingController->__construct()
 2 SYSTEMPATH\CodeIgniter.php(490): CodeIgniter\CodeIgniter->createController()
 3 SYSTEMPATH\CodeIgniter.php(368): CodeIgniter\CodeIgniter->handleRequest(null, Object(Config\Cache), false)
 4 FCPATH\index.php(67): CodeIgniter\CodeIgniter->run()
 5 SYSTEMPATH\Commands\Server\rewrite.php(47): require_once('FCPATH\\index.php')
WARNING - 2023-09-20 08:57:20 --> [DEPRECATED] Creation of dynamic property App\Controllers\LandingController::$informasi_magang is deprecated in APPPATH\Controllers\LandingController.php on line 21.
 1 SYSTEMPATH\CodeIgniter.php(906): App\Controllers\LandingController->__construct()
 2 SYSTEMPATH\CodeIgniter.php(490): CodeIgniter\CodeIgniter->createController()
 3 SYSTEMPATH\CodeIgniter.php(368): CodeIgniter\CodeIgniter->handleRequest(null, Object(Config\Cache), false)
 4 FCPATH\index.php(67): CodeIgniter\CodeIgniter->run()
 5 SYSTEMPATH\Commands\Server\rewrite.php(47): require_once('FCPATH\\index.php')
WARNING - 2023-09-20 08:57:20 --> [DEPRECATED] Creation of dynamic property App\Controllers\LandingController::$tips_karir is deprecated in APPPATH\Controllers\LandingController.php on line 22.
 1 SYSTEMPATH\CodeIgniter.php(906): App\Controllers\LandingController->__construct()
 2 SYSTEMPATH\CodeIgniter.php(490): CodeIgniter\CodeIgniter->createController()
 3 SYSTEMPATH\CodeIgniter.php(368): CodeIgniter\CodeIgniter->handleRequest(null, Object(Config\Cache), false)
 4 FCPATH\index.php(67): CodeIgniter\CodeIgniter->run()
 5 SYSTEMPATH\Commands\Server\rewrite.php(47): require_once('FCPATH\\index.php')
INFO - 2023-09-20 08:57:27 --> Session: Class initialized using 'CodeIgniter\Session\Handlers\FileHandler' driver.
WARNING - 2023-09-20 08:57:32 --> [DEPRECATED] Creation of dynamic property App\Controllers\LandingController::$cms is deprecated in APPPATH\Controllers\LandingController.php on line 17.
 1 SYSTEMPATH\CodeIgniter.php(906): App\Controllers\LandingController->__construct()
 2 SYSTEMPATH\CodeIgniter.php(490): CodeIgniter\CodeIgniter->createController()
 3 SYSTEMPATH\CodeIgniter.php(368): CodeIgniter\CodeIgniter->handleRequest(null, Object(Config\Cache), false)
 4 FCPATH\index.php(67): CodeIgniter\CodeIgniter->run()
 5 SYSTEMPATH\Commands\Server\rewrite.php(47): require_once('FCPATH\\index.php')
WARNING - 2023-09-20 08:57:32 --> [DEPRECATED] Creation of dynamic property App\Controllers\LandingController::$faq is deprecated in APPPATH\Controllers\LandingController.php on line 18.
 1 SYSTEMPATH\CodeIgniter.php(906): App\Controllers\LandingController->__construct()
 2 SYSTEMPATH\CodeIgniter.php(490): CodeIgniter\CodeIgniter->createController()
 3 SYSTEMPATH\CodeIgniter.php(368): CodeIgniter\CodeIgniter->handleRequest(null, Object(Config\Cache), false)
 4 FCPATH\index.php(67): CodeIgniter\CodeIgniter->run()
 5 SYSTEMPATH\Commands\Server\rewrite.php(47): require_once('FCPATH\\index.php')
WARNING - 2023-09-20 08:57:32 --> [DEPRECATED] Creation of dynamic property App\Controllers\LandingController::$alumni_berprestasi is deprecated in APPPATH\Controllers\LandingController.php on line 19.
 1 SYSTEMPATH\CodeIgniter.php(906): App\Controllers\LandingController->__construct()
 2 SYSTEMPATH\CodeIgniter.php(490): CodeIgniter\CodeIgniter->createController()
 3 SYSTEMPATH\CodeIgniter.php(368): CodeIgniter\CodeIgniter->handleRequest(null, Object(Config\Cache), false)
 4 FCPATH\index.php(67): CodeIgniter\CodeIgniter->run()
 5 SYSTEMPATH\Commands\Server\rewrite.php(47): require_once('FCPATH\\index.php')
WARNING - 2023-09-20 08:57:32 --> [DEPRECATED] Creation of dynamic property App\Controllers\LandingController::$lowongan_kerja is deprecated in APPPATH\Controllers\LandingController.php on line 20.
 1 SYSTEMPATH\CodeIgniter.php(906): App\Controllers\LandingController->__construct()
 2 SYSTEMPATH\CodeIgniter.php(490): CodeIgniter\CodeIgniter->createController()
 3 SYSTEMPATH\CodeIgniter.php(368): CodeIgniter\CodeIgniter->handleRequest(null, Object(Config\Cache), false)
 4 FCPATH\index.php(67): CodeIgniter\CodeIgniter->run()
 5 SYSTEMPATH\Commands\Server\rewrite.php(47): require_once('FCPATH\\index.php')
WARNING - 2023-09-20 08:57:32 --> [DEPRECATED] Creation of dynamic property App\Controllers\LandingController::$informasi_magang is deprecated in APPPATH\Controllers\LandingController.php on line 21.
 1 SYSTEMPATH\CodeIgniter.php(906): App\Controllers\LandingController->__construct()
 2 SYSTEMPATH\CodeIgniter.php(490): CodeIgniter\CodeIgniter->createController()
 3 SYSTEMPATH\CodeIgniter.php(368): CodeIgniter\CodeIgniter->handleRequest(null, Object(Config\Cache), false)
 4 FCPATH\index.php(67): CodeIgniter\CodeIgniter->run()
 5 SYSTEMPATH\Commands\Server\rewrite.php(47): require_once('FCPATH\\index.php')
WARNING - 2023-09-20 08:57:32 --> [DEPRECATED] Creation of dynamic property App\Controllers\LandingController::$tips_karir is deprecated in APPPATH\Controllers\LandingController.php on line 22.
 1 SYSTEMPATH\CodeIgniter.php(906): App\Controllers\LandingController->__construct()
 2 SYSTEMPATH\CodeIgniter.php(490): CodeIgniter\CodeIgniter->createController()
 3 SYSTEMPATH\CodeIgniter.php(368): CodeIgniter\CodeIgniter->handleRequest(null, Object(Config\Cache), false)
 4 FCPATH\index.php(67): CodeIgniter\CodeIgniter->run()
 5 SYSTEMPATH\Commands\Server\rewrite.php(47): require_once('FCPATH\\index.php')
INFO - 2023-09-20 08:57:37 --> Session: Class initialized using 'CodeIgniter\Session\Handlers\FileHandler' driver.
INFO - 2023-09-20 08:57:43 --> Session: Class initialized using 'CodeIgniter\Session\Handlers\FileHandler' driver.
INFO - 2023-09-20 08:57:54 --> Session: Class initialized using 'CodeIgniter\Session\Handlers\FileHandler' driver.
INFO - 2023-09-20 08:57:59 --> Session: Class initialized using 'CodeIgniter\Session\Handlers\FileHandler' driver.
WARNING - 2023-09-20 08:58:04 --> [DEPRECATED] Creation of dynamic property App\Controllers\DashboardController::$rekomendasi_mahasiswa is deprecated in APPPATH\Controllers\DashboardController.php on line 31.
 1 SYSTEMPATH\CodeIgniter.php(906): App\Controllers\DashboardController->__construct()
 2 SYSTEMPATH\CodeIgniter.php(490): CodeIgniter\CodeIgniter->createController()
 3 SYSTEMPATH\CodeIgniter.php(368): CodeIgniter\CodeIgniter->handleRequest(null, Object(Config\Cache), false)
 4 FCPATH\index.php(67): CodeIgniter\CodeIgniter->run()
 5 SYSTEMPATH\Commands\Server\rewrite.php(47): require_once('FCPATH\\index.php')
WARNING - 2023-09-20 08:58:04 --> [DEPRECATED] Creation of dynamic property App\Controllers\DashboardController::$group is deprecated in APPPATH\Controllers\DashboardController.php on line 32.
 1 SYSTEMPATH\CodeIgniter.php(906): App\Controllers\DashboardController->__construct()
 2 SYSTEMPATH\CodeIgniter.php(490): CodeIgniter\CodeIgniter->createController()
 3 SYSTEMPATH\CodeIgniter.php(368): CodeIgniter\CodeIgniter->handleRequest(null, Object(Config\Cache), false)
 4 FCPATH\index.php(67): CodeIgniter\CodeIgniter->run()
 5 SYSTEMPATH\Commands\Server\rewrite.php(47): require_once('FCPATH\\index.php')
WARNING - 2023-09-20 08:58:04 --> [DEPRECATED] Creation of dynamic property App\Controllers\DashboardController::$permission is deprecated in APPPATH\Controllers\DashboardController.php on line 33.
 1 SYSTEMPATH\CodeIgniter.php(906): App\Controllers\DashboardController->__construct()
 2 SYSTEMPATH\CodeIgniter.php(490): CodeIgniter\CodeIgniter->createController()
 3 SYSTEMPATH\CodeIgniter.php(368): CodeIgniter\CodeIgniter->handleRequest(null, Object(Config\Cache), false)
 4 FCPATH\index.php(67): CodeIgniter\CodeIgniter->run()
 5 SYSTEMPATH\Commands\Server\rewrite.php(47): require_once('FCPATH\\index.php')
WARNING - 2023-09-20 08:58:04 --> [DEPRECATED] Creation of dynamic property App\Controllers\DashboardController::$users is deprecated in APPPATH\Controllers\DashboardController.php on line 34.
 1 SYSTEMPATH\CodeIgniter.php(906): App\Controllers\DashboardController->__construct()
 2 SYSTEMPATH\CodeIgniter.php(490): CodeIgniter\CodeIgniter->createController()
 3 SYSTEMPATH\CodeIgniter.php(368): CodeIgniter\CodeIgniter->handleRequest(null, Object(Config\Cache), false)
 4 FCPATH\index.php(67): CodeIgniter\CodeIgniter->run()
 5 SYSTEMPATH\Commands\Server\rewrite.php(47): require_once('FCPATH\\index.php')
WARNING - 2023-09-20 08:58:04 --> [DEPRECATED] Creation of dynamic property App\Controllers\DashboardController::$hasil_pemetaan_keterampilan is deprecated in APPPATH\Controllers\DashboardController.php on line 35.
 1 SYSTEMPATH\CodeIgniter.php(906): App\Controllers\DashboardController->__construct()
 2 SYSTEMPATH\CodeIgniter.php(490): CodeIgniter\CodeIgniter->createController()
 3 SYSTEMPATH\CodeIgniter.php(368): CodeIgniter\CodeIgniter->handleRequest(null, Object(Config\Cache), false)
 4 FCPATH\index.php(67): CodeIgniter\CodeIgniter->run()
 5 SYSTEMPATH\Commands\Server\rewrite.php(47): require_once('FCPATH\\index.php')
WARNING - 2023-09-20 08:58:04 --> [DEPRECATED] Creation of dynamic property App\Controllers\DashboardController::$berkas is deprecated in APPPATH\Controllers\DashboardController.php on line 36.
 1 SYSTEMPATH\CodeIgniter.php(906): App\Controllers\DashboardController->__construct()
 2 SYSTEMPATH\CodeIgniter.php(490): CodeIgniter\CodeIgniter->createController()
 3 SYSTEMPATH\CodeIgniter.php(368): CodeIgniter\CodeIgniter->handleRequest(null, Object(Config\Cache), false)
 4 FCPATH\index.php(67): CodeIgniter\CodeIgniter->run()
 5 SYSTEMPATH\Commands\Server\rewrite.php(47): require_once('FCPATH\\index.php')
WARNING - 2023-09-20 08:58:04 --> [DEPRECATED] Creation of dynamic property App\Controllers\DashboardController::$berkas1 is deprecated in APPPATH\Controllers\DashboardController.php on line 37.
 1 SYSTEMPATH\CodeIgniter.php(906): App\Controllers\DashboardController->__construct()
 2 SYSTEMPATH\CodeIgniter.php(490): CodeIgniter\CodeIgniter->createController()
 3 SYSTEMPATH\CodeIgniter.php(368): CodeIgniter\CodeIgniter->handleRequest(null, Object(Config\Cache), false)
 4 FCPATH\index.php(67): CodeIgniter\CodeIgniter->run()
 5 SYSTEMPATH\Commands\Server\rewrite.php(47): require_once('FCPATH\\index.php')
WARNING - 2023-09-20 08:58:04 --> [DEPRECATED] Creation of dynamic property App\Controllers\DashboardController::$taterdahulu is deprecated in APPPATH\Controllers\DashboardController.php on line 38.
 1 SYSTEMPATH\CodeIgniter.php(906): App\Controllers\DashboardController->__construct()
 2 SYSTEMPATH\CodeIgniter.php(490): CodeIgniter\CodeIgniter->createController()
 3 SYSTEMPATH\CodeIgniter.php(368): CodeIgniter\CodeIgniter->handleRequest(null, Object(Config\Cache), false)
 4 FCPATH\index.php(67): CodeIgniter\CodeIgniter->run()
 5 SYSTEMPATH\Commands\Server\rewrite.php(47): require_once('FCPATH\\index.php')
WARNING - 2023-09-20 08:58:04 --> [DEPRECATED] Creation of dynamic property App\Controllers\DashboardController::$bobotpenilaian is deprecated in APPPATH\Controllers\DashboardController.php on line 39.
 1 SYSTEMPATH\CodeIgniter.php(906): App\Controllers\DashboardController->__construct()
 2 SYSTEMPATH\CodeIgniter.php(490): CodeIgniter\CodeIgniter->createController()
 3 SYSTEMPATH\CodeIgniter.php(368): CodeIgniter\CodeIgniter->handleRequest(null, Object(Config\Cache), false)
 4 FCPATH\index.php(67): CodeIgniter\CodeIgniter->run()
 5 SYSTEMPATH\Commands\Server\rewrite.php(47): require_once('FCPATH\\index.php')
WARNING - 2023-09-20 08:58:04 --> [DEPRECATED] Creation of dynamic property App\Controllers\DashboardController::$penilaianakhir is deprecated in APPPATH\Controllers\DashboardController.php on line 40.
 1 SYSTEMPATH\CodeIgniter.php(906): App\Controllers\DashboardController->__construct()
 2 SYSTEMPATH\CodeIgniter.php(490): CodeIgniter\CodeIgniter->createController()
 3 SYSTEMPATH\CodeIgniter.php(368): CodeIgniter\CodeIgniter->handleRequest(null, Object(Config\Cache), false)
 4 FCPATH\index.php(67): CodeIgniter\CodeIgniter->run()
 5 SYSTEMPATH\Commands\Server\rewrite.php(47): require_once('FCPATH\\index.php')
WARNING - 2023-09-20 08:58:04 --> [DEPRECATED] Creation of dynamic property App\Controllers\DashboardController::$pengajuanjudul is deprecated in APPPATH\Controllers\DashboardController.php on line 41.
 1 SYSTEMPATH\CodeIgniter.php(906): App\Controllers\DashboardController->__construct()
 2 SYSTEMPATH\CodeIgniter.php(490): CodeIgniter\CodeIgniter->createController()
 3 SYSTEMPATH\CodeIgniter.php(368): CodeIgniter\CodeIgniter->handleRequest(null, Object(Config\Cache), false)
 4 FCPATH\index.php(67): CodeIgniter\CodeIgniter->run()
 5 SYSTEMPATH\Commands\Server\rewrite.php(47): require_once('FCPATH\\index.php')
WARNING - 2023-09-20 08:58:04 --> [DEPRECATED] Creation of dynamic property App\Controllers\DashboardController::$ujianproposal is deprecated in APPPATH\Controllers\DashboardController.php on line 42.
 1 SYSTEMPATH\CodeIgniter.php(906): App\Controllers\DashboardController->__construct()
 2 SYSTEMPATH\CodeIgniter.php(490): CodeIgniter\CodeIgniter->createController()
 3 SYSTEMPATH\CodeIgniter.php(368): CodeIgniter\CodeIgniter->handleRequest(null, Object(Config\Cache), false)
 4 FCPATH\index.php(67): CodeIgniter\CodeIgniter->run()
 5 SYSTEMPATH\Commands\Server\rewrite.php(47): require_once('FCPATH\\index.php')
WARNING - 2023-09-20 08:58:04 --> [DEPRECATED] Creation of dynamic property App\Controllers\DashboardController::$seminarhasil is deprecated in APPPATH\Controllers\DashboardController.php on line 43.
 1 SYSTEMPATH\CodeIgniter.php(906): App\Controllers\DashboardController->__construct()
 2 SYSTEMPATH\CodeIgniter.php(490): CodeIgniter\CodeIgniter->createController()
 3 SYSTEMPATH\CodeIgniter.php(368): CodeIgniter\CodeIgniter->handleRequest(null, Object(Config\Cache), false)
 4 FCPATH\index.php(67): CodeIgniter\CodeIgniter->run()
 5 SYSTEMPATH\Commands\Server\rewrite.php(47): require_once('FCPATH\\index.php')
WARNING - 2023-09-20 08:58:04 --> [DEPRECATED] Creation of dynamic property App\Controllers\DashboardController::$ujianta is deprecated in APPPATH\Controllers\DashboardController.php on line 44.
 1 SYSTEMPATH\CodeIgniter.php(906): App\Controllers\DashboardController->__construct()
 2 SYSTEMPATH\CodeIgniter.php(490): CodeIgniter\CodeIgniter->createController()
 3 SYSTEMPATH\CodeIgniter.php(368): CodeIgniter\CodeIgniter->handleRequest(null, Object(Config\Cache), false)
 4 FCPATH\index.php(67): CodeIgniter\CodeIgniter->run()
 5 SYSTEMPATH\Commands\Server\rewrite.php(47): require_once('FCPATH\\index.php')
WARNING - 2023-09-20 08:58:04 --> [DEPRECATED] Creation of dynamic property App\Controllers\DashboardController::$berkas2 is deprecated in APPPATH\Controllers\DashboardController.php on line 45.
 1 SYSTEMPATH\CodeIgniter.php(906): App\Controllers\DashboardController->__construct()
 2 SYSTEMPATH\CodeIgniter.php(490): CodeIgniter\CodeIgniter->createController()
 3 SYSTEMPATH\CodeIgniter.php(368): CodeIgniter\CodeIgniter->handleRequest(null, Object(Config\Cache), false)
 4 FCPATH\index.php(67): CodeIgniter\CodeIgniter->run()
 5 SYSTEMPATH\Commands\Server\rewrite.php(47): require_once('FCPATH\\index.php')
WARNING - 2023-09-20 08:58:04 --> [DEPRECATED] Creation of dynamic property App\Controllers\DashboardController::$staf is deprecated in APPPATH\Controllers\DashboardController.php on line 46.
 1 SYSTEMPATH\CodeIgniter.php(906): App\Controllers\DashboardController->__construct()
 2 SYSTEMPATH\CodeIgniter.php(490): CodeIgniter\CodeIgniter->createController()
 3 SYSTEMPATH\CodeIgniter.php(368): CodeIgniter\CodeIgniter->handleRequest(null, Object(Config\Cache), false)
 4 FCPATH\index.php(67): CodeIgniter\CodeIgniter->run()
 5 SYSTEMPATH\Commands\Server\rewrite.php(47): require_once('FCPATH\\index.php')
WARNING - 2023-09-20 08:58:04 --> [DEPRECATED] Creation of dynamic property App\Controllers\DashboardController::$mahasiswa is deprecated in APPPATH\Controllers\DashboardController.php on line 47.
 1 SYSTEMPATH\CodeIgniter.php(906): App\Controllers\DashboardController->__construct()
 2 SYSTEMPATH\CodeIgniter.php(490): CodeIgniter\CodeIgniter->createController()
 3 SYSTEMPATH\CodeIgniter.php(368): CodeIgniter\CodeIgniter->handleRequest(null, Object(Config\Cache), false)
 4 FCPATH\index.php(67): CodeIgniter\CodeIgniter->run()
 5 SYSTEMPATH\Commands\Server\rewrite.php(47): require_once('FCPATH\\index.php')
WARNING - 2023-09-20 08:58:04 --> [DEPRECATED] Creation of dynamic property App\Controllers\DashboardController::$mitra is deprecated in APPPATH\Controllers\DashboardController.php on line 48.
 1 SYSTEMPATH\CodeIgniter.php(906): App\Controllers\DashboardController->__construct()
 2 SYSTEMPATH\CodeIgniter.php(490): CodeIgniter\CodeIgniter->createController()
 3 SYSTEMPATH\CodeIgniter.php(368): CodeIgniter\CodeIgniter->handleRequest(null, Object(Config\Cache), false)
 4 FCPATH\index.php(67): CodeIgniter\CodeIgniter->run()
 5 SYSTEMPATH\Commands\Server\rewrite.php(47): require_once('FCPATH\\index.php')
WARNING - 2023-09-20 08:58:04 --> [DEPRECATED] Creation of dynamic property App\Controllers\DashboardController::$mata_kuliah is deprecated in APPPATH\Controllers\DashboardController.php on line 49.
 1 SYSTEMPATH\CodeIgniter.php(906): App\Controllers\DashboardController->__construct()
 2 SYSTEMPATH\CodeIgniter.php(490): CodeIgniter\CodeIgniter->createController()
 3 SYSTEMPATH\CodeIgniter.php(368): CodeIgniter\CodeIgniter->handleRequest(null, Object(Config\Cache), false)
 4 FCPATH\index.php(67): CodeIgniter\CodeIgniter->run()
 5 SYSTEMPATH\Commands\Server\rewrite.php(47): require_once('FCPATH\\index.php')
WARNING - 2023-09-20 08:58:04 --> [DEPRECATED] Creation of dynamic property App\Controllers\DashboardController::$agenda is deprecated in APPPATH\Controllers\DashboardController.php on line 50.
 1 SYSTEMPATH\CodeIgniter.php(906): App\Controllers\DashboardController->__construct()
 2 SYSTEMPATH\CodeIgniter.php(490): CodeIgniter\CodeIgniter->createController()
 3 SYSTEMPATH\CodeIgniter.php(368): CodeIgniter\CodeIgniter->handleRequest(null, Object(Config\Cache), false)
 4 FCPATH\index.php(67): CodeIgniter\CodeIgniter->run()
 5 SYSTEMPATH\Commands\Server\rewrite.php(47): require_once('FCPATH\\index.php')
WARNING - 2023-09-20 08:59:21 --> [DEPRECATED] Creation of dynamic property App\Controllers\LandingController::$cms is deprecated in APPPATH\Controllers\LandingController.php on line 17.
 1 SYSTEMPATH\CodeIgniter.php(906): App\Controllers\LandingController->__construct()
 2 SYSTEMPATH\CodeIgniter.php(490): CodeIgniter\CodeIgniter->createController()
 3 SYSTEMPATH\CodeIgniter.php(368): CodeIgniter\CodeIgniter->handleRequest(null, Object(Config\Cache), false)
 4 FCPATH\index.php(67): CodeIgniter\CodeIgniter->run()
 5 SYSTEMPATH\Commands\Server\rewrite.php(47): require_once('FCPATH\\index.php')
WARNING - 2023-09-20 08:59:21 --> [DEPRECATED] Creation of dynamic property App\Controllers\LandingController::$faq is deprecated in APPPATH\Controllers\LandingController.php on line 18.
 1 SYSTEMPATH\CodeIgniter.php(906): App\Controllers\LandingController->__construct()
 2 SYSTEMPATH\CodeIgniter.php(490): CodeIgniter\CodeIgniter->createController()
 3 SYSTEMPATH\CodeIgniter.php(368): CodeIgniter\CodeIgniter->handleRequest(null, Object(Config\Cache), false)
 4 FCPATH\index.php(67): CodeIgniter\CodeIgniter->run()
 5 SYSTEMPATH\Commands\Server\rewrite.php(47): require_once('FCPATH\\index.php')
WARNING - 2023-09-20 08:59:21 --> [DEPRECATED] Creation of dynamic property App\Controllers\LandingController::$alumni_berprestasi is deprecated in APPPATH\Controllers\LandingController.php on line 19.
 1 SYSTEMPATH\CodeIgniter.php(906): App\Controllers\LandingController->__construct()
 2 SYSTEMPATH\CodeIgniter.php(490): CodeIgniter\CodeIgniter->createController()
 3 SYSTEMPATH\CodeIgniter.php(368): CodeIgniter\CodeIgniter->handleRequest(null, Object(Config\Cache), false)
 4 FCPATH\index.php(67): CodeIgniter\CodeIgniter->run()
 5 SYSTEMPATH\Commands\Server\rewrite.php(47): require_once('FCPATH\\index.php')
WARNING - 2023-09-20 08:59:21 --> [DEPRECATED] Creation of dynamic property App\Controllers\LandingController::$lowongan_kerja is deprecated in APPPATH\Controllers\LandingController.php on line 20.
 1 SYSTEMPATH\CodeIgniter.php(906): App\Controllers\LandingController->__construct()
 2 SYSTEMPATH\CodeIgniter.php(490): CodeIgniter\CodeIgniter->createController()
 3 SYSTEMPATH\CodeIgniter.php(368): CodeIgniter\CodeIgniter->handleRequest(null, Object(Config\Cache), false)
 4 FCPATH\index.php(67): CodeIgniter\CodeIgniter->run()
 5 SYSTEMPATH\Commands\Server\rewrite.php(47): require_once('FCPATH\\index.php')
WARNING - 2023-09-20 08:59:21 --> [DEPRECATED] Creation of dynamic property App\Controllers\LandingController::$informasi_magang is deprecated in APPPATH\Controllers\LandingController.php on line 21.
 1 SYSTEMPATH\CodeIgniter.php(906): App\Controllers\LandingController->__construct()
 2 SYSTEMPATH\CodeIgniter.php(490): CodeIgniter\CodeIgniter->createController()
 3 SYSTEMPATH\CodeIgniter.php(368): CodeIgniter\CodeIgniter->handleRequest(null, Object(Config\Cache), false)
 4 FCPATH\index.php(67): CodeIgniter\CodeIgniter->run()
 5 SYSTEMPATH\Commands\Server\rewrite.php(47): require_once('FCPATH\\index.php')
WARNING - 2023-09-20 08:59:21 --> [DEPRECATED] Creation of dynamic property App\Controllers\LandingController::$tips_karir is deprecated in APPPATH\Controllers\LandingController.php on line 22.
 1 SYSTEMPATH\CodeIgniter.php(906): App\Controllers\LandingController->__construct()
 2 SYSTEMPATH\CodeIgniter.php(490): CodeIgniter\CodeIgniter->createController()
 3 SYSTEMPATH\CodeIgniter.php(368): CodeIgniter\CodeIgniter->handleRequest(null, Object(Config\Cache), false)
 4 FCPATH\index.php(67): CodeIgniter\CodeIgniter->run()
 5 SYSTEMPATH\Commands\Server\rewrite.php(47): require_once('FCPATH\\index.php')
INFO - 2023-09-20 08:59:28 --> Session: Class initialized using 'CodeIgniter\Session\Handlers\FileHandler' driver.
INFO - 2023-09-20 08:59:32 --> Session: Class initialized using 'CodeIgniter\Session\Handlers\FileHandler' driver.
INFO - 2023-09-20 08:59:49 --> Session: Class initialized using 'CodeIgniter\Session\Handlers\FileHandler' driver.
WARNING - 2023-09-20 08:59:51 --> [DEPRECATED] Creation of dynamic property App\Controllers\LandingController::$cms is deprecated in APPPATH\Controllers\LandingController.php on line 17.
 1 SYSTEMPATH\CodeIgniter.php(906): App\Controllers\LandingController->__construct()
 2 SYSTEMPATH\CodeIgniter.php(490): CodeIgniter\CodeIgniter->createController()
 3 SYSTEMPATH\CodeIgniter.php(368): CodeIgniter\CodeIgniter->handleRequest(null, Object(Config\Cache), false)
 4 FCPATH\index.php(67): CodeIgniter\CodeIgniter->run()
 5 SYSTEMPATH\Commands\Server\rewrite.php(47): require_once('FCPATH\\index.php')
WARNING - 2023-09-20 08:59:51 --> [DEPRECATED] Creation of dynamic property App\Controllers\LandingController::$faq is deprecated in APPPATH\Controllers\LandingController.php on line 18.
 1 SYSTEMPATH\CodeIgniter.php(906): App\Controllers\LandingController->__construct()
 2 SYSTEMPATH\CodeIgniter.php(490): CodeIgniter\CodeIgniter->createController()
 3 SYSTEMPATH\CodeIgniter.php(368): CodeIgniter\CodeIgniter->handleRequest(null, Object(Config\Cache), false)
 4 FCPATH\index.php(67): CodeIgniter\CodeIgniter->run()
 5 SYSTEMPATH\Commands\Server\rewrite.php(47): require_once('FCPATH\\index.php')
WARNING - 2023-09-20 08:59:51 --> [DEPRECATED] Creation of dynamic property App\Controllers\LandingController::$alumni_berprestasi is deprecated in APPPATH\Controllers\LandingController.php on line 19.
 1 SYSTEMPATH\CodeIgniter.php(906): App\Controllers\LandingController->__construct()
 2 SYSTEMPATH\CodeIgniter.php(490): CodeIgniter\CodeIgniter->createController()
 3 SYSTEMPATH\CodeIgniter.php(368): CodeIgniter\CodeIgniter->handleRequest(null, Object(Config\Cache), false)
 4 FCPATH\index.php(67): CodeIgniter\CodeIgniter->run()
 5 SYSTEMPATH\Commands\Server\rewrite.php(47): require_once('FCPATH\\index.php')
WARNING - 2023-09-20 08:59:51 --> [DEPRECATED] Creation of dynamic property App\Controllers\LandingController::$lowongan_kerja is deprecated in APPPATH\Controllers\LandingController.php on line 20.
 1 SYSTEMPATH\CodeIgniter.php(906): App\Controllers\LandingController->__construct()
 2 SYSTEMPATH\CodeIgniter.php(490): CodeIgniter\CodeIgniter->createController()
 3 SYSTEMPATH\CodeIgniter.php(368): CodeIgniter\CodeIgniter->handleRequest(null, Object(Config\Cache), false)
 4 FCPATH\index.php(67): CodeIgniter\CodeIgniter->run()
 5 SYSTEMPATH\Commands\Server\rewrite.php(47): require_once('FCPATH\\index.php')
WARNING - 2023-09-20 08:59:51 --> [DEPRECATED] Creation of dynamic property App\Controllers\LandingController::$informasi_magang is deprecated in APPPATH\Controllers\LandingController.php on line 21.
 1 SYSTEMPATH\CodeIgniter.php(906): App\Controllers\LandingController->__construct()
 2 SYSTEMPATH\CodeIgniter.php(490): CodeIgniter\CodeIgniter->createController()
 3 SYSTEMPATH\CodeIgniter.php(368): CodeIgniter\CodeIgniter->handleRequest(null, Object(Config\Cache), false)
 4 FCPATH\index.php(67): CodeIgniter\CodeIgniter->run()
 5 SYSTEMPATH\Commands\Server\rewrite.php(47): require_once('FCPATH\\index.php')
WARNING - 2023-09-20 08:59:51 --> [DEPRECATED] Creation of dynamic property App\Controllers\LandingController::$tips_karir is deprecated in APPPATH\Controllers\LandingController.php on line 22.
 1 SYSTEMPATH\CodeIgniter.php(906): App\Controllers\LandingController->__construct()
 2 SYSTEMPATH\CodeIgniter.php(490): CodeIgniter\CodeIgniter->createController()
 3 SYSTEMPATH\CodeIgniter.php(368): CodeIgniter\CodeIgniter->handleRequest(null, Object(Config\Cache), false)
 4 FCPATH\index.php(67): CodeIgniter\CodeIgniter->run()
 5 SYSTEMPATH\Commands\Server\rewrite.php(47): require_once('FCPATH\\index.php')
INFO - 2023-09-20 08:59:52 --> Session: Class initialized using 'CodeIgniter\Session\Handlers\FileHandler' driver.
INFO - 2023-09-20 08:59:59 --> Session: Class initialized using 'CodeIgniter\Session\Handlers\FileHandler' driver.
WARNING - 2023-09-20 09:00:00 --> [DEPRECATED] Creation of dynamic property App\Controllers\DashboardController::$rekomendasi_mahasiswa is deprecated in APPPATH\Controllers\DashboardController.php on line 31.
 1 SYSTEMPATH\CodeIgniter.php(906): App\Controllers\DashboardController->__construct()
 2 SYSTEMPATH\CodeIgniter.php(490): CodeIgniter\CodeIgniter->createController()
 3 SYSTEMPATH\CodeIgniter.php(368): CodeIgniter\CodeIgniter->handleRequest(null, Object(Config\Cache), false)
 4 FCPATH\index.php(67): CodeIgniter\CodeIgniter->run()
 5 SYSTEMPATH\Commands\Server\rewrite.php(47): require_once('FCPATH\\index.php')
WARNING - 2023-09-20 09:00:00 --> [DEPRECATED] Creation of dynamic property App\Controllers\DashboardController::$group is deprecated in APPPATH\Controllers\DashboardController.php on line 32.
 1 SYSTEMPATH\CodeIgniter.php(906): App\Controllers\DashboardController->__construct()
 2 SYSTEMPATH\CodeIgniter.php(490): CodeIgniter\CodeIgniter->createController()
 3 SYSTEMPATH\CodeIgniter.php(368): CodeIgniter\CodeIgniter->handleRequest(null, Object(Config\Cache), false)
 4 FCPATH\index.php(67): CodeIgniter\CodeIgniter->run()
 5 SYSTEMPATH\Commands\Server\rewrite.php(47): require_once('FCPATH\\index.php')
WARNING - 2023-09-20 09:00:00 --> [DEPRECATED] Creation of dynamic property App\Controllers\DashboardController::$permission is deprecated in APPPATH\Controllers\DashboardController.php on line 33.
 1 SYSTEMPATH\CodeIgniter.php(906): App\Controllers\DashboardController->__construct()
 2 SYSTEMPATH\CodeIgniter.php(490): CodeIgniter\CodeIgniter->createController()
 3 SYSTEMPATH\CodeIgniter.php(368): CodeIgniter\CodeIgniter->handleRequest(null, Object(Config\Cache), false)
 4 FCPATH\index.php(67): CodeIgniter\CodeIgniter->run()
 5 SYSTEMPATH\Commands\Server\rewrite.php(47): require_once('FCPATH\\index.php')
WARNING - 2023-09-20 09:00:00 --> [DEPRECATED] Creation of dynamic property App\Controllers\DashboardController::$users is deprecated in APPPATH\Controllers\DashboardController.php on line 34.
 1 SYSTEMPATH\CodeIgniter.php(906): App\Controllers\DashboardController->__construct()
 2 SYSTEMPATH\CodeIgniter.php(490): CodeIgniter\CodeIgniter->createController()
 3 SYSTEMPATH\CodeIgniter.php(368): CodeIgniter\CodeIgniter->handleRequest(null, Object(Config\Cache), false)
 4 FCPATH\index.php(67): CodeIgniter\CodeIgniter->run()
 5 SYSTEMPATH\Commands\Server\rewrite.php(47): require_once('FCPATH\\index.php')
WARNING - 2023-09-20 09:00:00 --> [DEPRECATED] Creation of dynamic property App\Controllers\DashboardController::$hasil_pemetaan_keterampilan is deprecated in APPPATH\Controllers\DashboardController.php on line 35.
 1 SYSTEMPATH\CodeIgniter.php(906): App\Controllers\DashboardController->__construct()
 2 SYSTEMPATH\CodeIgniter.php(490): CodeIgniter\CodeIgniter->createController()
 3 SYSTEMPATH\CodeIgniter.php(368): CodeIgniter\CodeIgniter->handleRequest(null, Object(Config\Cache), false)
 4 FCPATH\index.php(67): CodeIgniter\CodeIgniter->run()
 5 SYSTEMPATH\Commands\Server\rewrite.php(47): require_once('FCPATH\\index.php')
WARNING - 2023-09-20 09:00:00 --> [DEPRECATED] Creation of dynamic property App\Controllers\DashboardController::$berkas is deprecated in APPPATH\Controllers\DashboardController.php on line 36.
 1 SYSTEMPATH\CodeIgniter.php(906): App\Controllers\DashboardController->__construct()
 2 SYSTEMPATH\CodeIgniter.php(490): CodeIgniter\CodeIgniter->createController()
 3 SYSTEMPATH\CodeIgniter.php(368): CodeIgniter\CodeIgniter->handleRequest(null, Object(Config\Cache), false)
 4 FCPATH\index.php(67): CodeIgniter\CodeIgniter->run()
 5 SYSTEMPATH\Commands\Server\rewrite.php(47): require_once('FCPATH\\index.php')
WARNING - 2023-09-20 09:00:00 --> [DEPRECATED] Creation of dynamic property App\Controllers\DashboardController::$berkas1 is deprecated in APPPATH\Controllers\DashboardController.php on line 37.
 1 SYSTEMPATH\CodeIgniter.php(906): App\Controllers\DashboardController->__construct()
 2 SYSTEMPATH\CodeIgniter.php(490): CodeIgniter\CodeIgniter->createController()
 3 SYSTEMPATH\CodeIgniter.php(368): CodeIgniter\CodeIgniter->handleRequest(null, Object(Config\Cache), false)
 4 FCPATH\index.php(67): CodeIgniter\CodeIgniter->run()
 5 SYSTEMPATH\Commands\Server\rewrite.php(47): require_once('FCPATH\\index.php')
WARNING - 2023-09-20 09:00:00 --> [DEPRECATED] Creation of dynamic property App\Controllers\DashboardController::$taterdahulu is deprecated in APPPATH\Controllers\DashboardController.php on line 38.
 1 SYSTEMPATH\CodeIgniter.php(906): App\Controllers\DashboardController->__construct()
 2 SYSTEMPATH\CodeIgniter.php(490): CodeIgniter\CodeIgniter->createController()
 3 SYSTEMPATH\CodeIgniter.php(368): CodeIgniter\CodeIgniter->handleRequest(null, Object(Config\Cache), false)
 4 FCPATH\index.php(67): CodeIgniter\CodeIgniter->run()
 5 SYSTEMPATH\Commands\Server\rewrite.php(47): require_once('FCPATH\\index.php')
WARNING - 2023-09-20 09:00:00 --> [DEPRECATED] Creation of dynamic property App\Controllers\DashboardController::$bobotpenilaian is deprecated in APPPATH\Controllers\DashboardController.php on line 39.
 1 SYSTEMPATH\CodeIgniter.php(906): App\Controllers\DashboardController->__construct()
 2 SYSTEMPATH\CodeIgniter.php(490): CodeIgniter\CodeIgniter->createController()
 3 SYSTEMPATH\CodeIgniter.php(368): CodeIgniter\CodeIgniter->handleRequest(null, Object(Config\Cache), false)
 4 FCPATH\index.php(67): CodeIgniter\CodeIgniter->run()
 5 SYSTEMPATH\Commands\Server\rewrite.php(47): require_once('FCPATH\\index.php')
WARNING - 2023-09-20 09:00:00 --> [DEPRECATED] Creation of dynamic property App\Controllers\DashboardController::$penilaianakhir is deprecated in APPPATH\Controllers\DashboardController.php on line 40.
 1 SYSTEMPATH\CodeIgniter.php(906): App\Controllers\DashboardController->__construct()
 2 SYSTEMPATH\CodeIgniter.php(490): CodeIgniter\CodeIgniter->createController()
 3 SYSTEMPATH\CodeIgniter.php(368): CodeIgniter\CodeIgniter->handleRequest(null, Object(Config\Cache), false)
 4 FCPATH\index.php(67): CodeIgniter\CodeIgniter->run()
 5 SYSTEMPATH\Commands\Server\rewrite.php(47): require_once('FCPATH\\index.php')
WARNING - 2023-09-20 09:00:00 --> [DEPRECATED] Creation of dynamic property App\Controllers\DashboardController::$pengajuanjudul is deprecated in APPPATH\Controllers\DashboardController.php on line 41.
 1 SYSTEMPATH\CodeIgniter.php(906): App\Controllers\DashboardController->__construct()
 2 SYSTEMPATH\CodeIgniter.php(490): CodeIgniter\CodeIgniter->createController()
 3 SYSTEMPATH\CodeIgniter.php(368): CodeIgniter\CodeIgniter->handleRequest(null, Object(Config\Cache), false)
 4 FCPATH\index.php(67): CodeIgniter\CodeIgniter->run()
 5 SYSTEMPATH\Commands\Server\rewrite.php(47): require_once('FCPATH\\index.php')
WARNING - 2023-09-20 09:00:00 --> [DEPRECATED] Creation of dynamic property App\Controllers\DashboardController::$ujianproposal is deprecated in APPPATH\Controllers\DashboardController.php on line 42.
 1 SYSTEMPATH\CodeIgniter.php(906): App\Controllers\DashboardController->__construct()
 2 SYSTEMPATH\CodeIgniter.php(490): CodeIgniter\CodeIgniter->createController()
 3 SYSTEMPATH\CodeIgniter.php(368): CodeIgniter\CodeIgniter->handleRequest(null, Object(Config\Cache), false)
 4 FCPATH\index.php(67): CodeIgniter\CodeIgniter->run()
 5 SYSTEMPATH\Commands\Server\rewrite.php(47): require_once('FCPATH\\index.php')
WARNING - 2023-09-20 09:00:00 --> [DEPRECATED] Creation of dynamic property App\Controllers\DashboardController::$seminarhasil is deprecated in APPPATH\Controllers\DashboardController.php on line 43.
 1 SYSTEMPATH\CodeIgniter.php(906): App\Controllers\DashboardController->__construct()
 2 SYSTEMPATH\CodeIgniter.php(490): CodeIgniter\CodeIgniter->createController()
 3 SYSTEMPATH\CodeIgniter.php(368): CodeIgniter\CodeIgniter->handleRequest(null, Object(Config\Cache), false)
 4 FCPATH\index.php(67): CodeIgniter\CodeIgniter->run()
 5 SYSTEMPATH\Commands\Server\rewrite.php(47): require_once('FCPATH\\index.php')
WARNING - 2023-09-20 09:00:00 --> [DEPRECATED] Creation of dynamic property App\Controllers\DashboardController::$ujianta is deprecated in APPPATH\Controllers\DashboardController.php on line 44.
 1 SYSTEMPATH\CodeIgniter.php(906): App\Controllers\DashboardController->__construct()
 2 SYSTEMPATH\CodeIgniter.php(490): CodeIgniter\CodeIgniter->createController()
 3 SYSTEMPATH\CodeIgniter.php(368): CodeIgniter\CodeIgniter->handleRequest(null, Object(Config\Cache), false)
 4 FCPATH\index.php(67): CodeIgniter\CodeIgniter->run()
 5 SYSTEMPATH\Commands\Server\rewrite.php(47): require_once('FCPATH\\index.php')
WARNING - 2023-09-20 09:00:00 --> [DEPRECATED] Creation of dynamic property App\Controllers\DashboardController::$berkas2 is deprecated in APPPATH\Controllers\DashboardController.php on line 45.
 1 SYSTEMPATH\CodeIgniter.php(906): App\Controllers\DashboardController->__construct()
 2 SYSTEMPATH\CodeIgniter.php(490): CodeIgniter\CodeIgniter->createController()
 3 SYSTEMPATH\CodeIgniter.php(368): CodeIgniter\CodeIgniter->handleRequest(null, Object(Config\Cache), false)
 4 FCPATH\index.php(67): CodeIgniter\CodeIgniter->run()
 5 SYSTEMPATH\Commands\Server\rewrite.php(47): require_once('FCPATH\\index.php')
WARNING - 2023-09-20 09:00:00 --> [DEPRECATED] Creation of dynamic property App\Controllers\DashboardController::$staf is deprecated in APPPATH\Controllers\DashboardController.php on line 46.
 1 SYSTEMPATH\CodeIgniter.php(906): App\Controllers\DashboardController->__construct()
 2 SYSTEMPATH\CodeIgniter.php(490): CodeIgniter\CodeIgniter->createController()
 3 SYSTEMPATH\CodeIgniter.php(368): CodeIgniter\CodeIgniter->handleRequest(null, Object(Config\Cache), false)
 4 FCPATH\index.php(67): CodeIgniter\CodeIgniter->run()
 5 SYSTEMPATH\Commands\Server\rewrite.php(47): require_once('FCPATH\\index.php')
WARNING - 2023-09-20 09:00:00 --> [DEPRECATED] Creation of dynamic property App\Controllers\DashboardController::$mahasiswa is deprecated in APPPATH\Controllers\DashboardController.php on line 47.
 1 SYSTEMPATH\CodeIgniter.php(906): App\Controllers\DashboardController->__construct()
 2 SYSTEMPATH\CodeIgniter.php(490): CodeIgniter\CodeIgniter->createController()
 3 SYSTEMPATH\CodeIgniter.php(368): CodeIgniter\CodeIgniter->handleRequest(null, Object(Config\Cache), false)
 4 FCPATH\index.php(67): CodeIgniter\CodeIgniter->run()
 5 SYSTEMPATH\Commands\Server\rewrite.php(47): require_once('FCPATH\\index.php')
WARNING - 2023-09-20 09:00:00 --> [DEPRECATED] Creation of dynamic property App\Controllers\DashboardController::$mitra is deprecated in APPPATH\Controllers\DashboardController.php on line 48.
 1 SYSTEMPATH\CodeIgniter.php(906): App\Controllers\DashboardController->__construct()
 2 SYSTEMPATH\CodeIgniter.php(490): CodeIgniter\CodeIgniter->createController()
 3 SYSTEMPATH\CodeIgniter.php(368): CodeIgniter\CodeIgniter->handleRequest(null, Object(Config\Cache), false)
 4 FCPATH\index.php(67): CodeIgniter\CodeIgniter->run()
 5 SYSTEMPATH\Commands\Server\rewrite.php(47): require_once('FCPATH\\index.php')
WARNING - 2023-09-20 09:00:00 --> [DEPRECATED] Creation of dynamic property App\Controllers\DashboardController::$mata_kuliah is deprecated in APPPATH\Controllers\DashboardController.php on line 49.
 1 SYSTEMPATH\CodeIgniter.php(906): App\Controllers\DashboardController->__construct()
 2 SYSTEMPATH\CodeIgniter.php(490): CodeIgniter\CodeIgniter->createController()
 3 SYSTEMPATH\CodeIgniter.php(368): CodeIgniter\CodeIgniter->handleRequest(null, Object(Config\Cache), false)
 4 FCPATH\index.php(67): CodeIgniter\CodeIgniter->run()
 5 SYSTEMPATH\Commands\Server\rewrite.php(47): require_once('FCPATH\\index.php')
WARNING - 2023-09-20 09:00:00 --> [DEPRECATED] Creation of dynamic property App\Controllers\DashboardController::$agenda is deprecated in APPPATH\Controllers\DashboardController.php on line 50.
 1 SYSTEMPATH\CodeIgniter.php(906): App\Controllers\DashboardController->__construct()
 2 SYSTEMPATH\CodeIgniter.php(490): CodeIgniter\CodeIgniter->createController()
 3 SYSTEMPATH\CodeIgniter.php(368): CodeIgniter\CodeIgniter->handleRequest(null, Object(Config\Cache), false)
 4 FCPATH\index.php(67): CodeIgniter\CodeIgniter->run()
 5 SYSTEMPATH\Commands\Server\rewrite.php(47): require_once('FCPATH\\index.php')
INFO - 2023-09-20 09:00:10 --> Session: Class initialized using 'CodeIgniter\Session\Handlers\FileHandler' driver.
WARNING - 2023-09-20 09:00:11 --> [DEPRECATED] Creation of dynamic property App\Controllers\Simlab\AlatLaboratoriumController::$alatlab is deprecated in APPPATH\Controllers\Simlab\AlatLaboratoriumController.php on line 16.
 1 SYSTEMPATH\CodeIgniter.php(906): App\Controllers\Simlab\AlatLaboratoriumController->__construct()
 2 SYSTEMPATH\CodeIgniter.php(490): CodeIgniter\CodeIgniter->createController()
 3 SYSTEMPATH\CodeIgniter.php(368): CodeIgniter\CodeIgniter->handleRequest(null, Object(Config\Cache), false)
 4 FCPATH\index.php(67): CodeIgniter\CodeIgniter->run()
 5 SYSTEMPATH\Commands\Server\rewrite.php(47): require_once('FCPATH\\index.php')
WARNING - 2023-09-20 09:00:11 --> [DEPRECATED] Creation of dynamic property App\Controllers\Simlab\AlatLaboratoriumController::$kategori is deprecated in APPPATH\Controllers\Simlab\AlatLaboratoriumController.php on line 17.
 1 SYSTEMPATH\CodeIgniter.php(906): App\Controllers\Simlab\AlatLaboratoriumController->__construct()
 2 SYSTEMPATH\CodeIgniter.php(490): CodeIgniter\CodeIgniter->createController()
 3 SYSTEMPATH\CodeIgniter.php(368): CodeIgniter\CodeIgniter->handleRequest(null, Object(Config\Cache), false)
 4 FCPATH\index.php(67): CodeIgniter\CodeIgniter->run()
 5 SYSTEMPATH\Commands\Server\rewrite.php(47): require_once('FCPATH\\index.php')
WARNING - 2023-09-20 09:00:11 --> [DEPRECATED] Creation of dynamic property App\Controllers\Simlab\AlatLaboratoriumController::$ruanglab is deprecated in APPPATH\Controllers\Simlab\AlatLaboratoriumController.php on line 18.
 1 SYSTEMPATH\CodeIgniter.php(906): App\Controllers\Simlab\AlatLaboratoriumController->__construct()
 2 SYSTEMPATH\CodeIgniter.php(490): CodeIgniter\CodeIgniter->createController()
 3 SYSTEMPATH\CodeIgniter.php(368): CodeIgniter\CodeIgniter->handleRequest(null, Object(Config\Cache), false)
 4 FCPATH\index.php(67): CodeIgniter\CodeIgniter->run()
 5 SYSTEMPATH\Commands\Server\rewrite.php(47): require_once('FCPATH\\index.php')
INFO - 2023-09-20 09:05:23 --> Session: Class initialized using 'CodeIgniter\Session\Handlers\FileHandler' driver.
WARNING - 2023-09-20 09:05:25 --> [DEPRECATED] Creation of dynamic property App\Controllers\Simlab\TransaksiPeminjamanController::$alatlab is deprecated in APPPATH\Controllers\Simlab\TransaksiPeminjamanController.php on line 23.
 1 SYSTEMPATH\CodeIgniter.php(906): App\Controllers\Simlab\TransaksiPeminjamanController->__construct()
 2 SYSTEMPATH\CodeIgniter.php(490): CodeIgniter\CodeIgniter->createController()
 3 SYSTEMPATH\CodeIgniter.php(368): CodeIgniter\CodeIgniter->handleRequest(null, Object(Config\Cache), false)
 4 FCPATH\index.php(67): CodeIgniter\CodeIgniter->run()
 5 SYSTEMPATH\Commands\Server\rewrite.php(47): require_once('FCPATH\\index.php')
WARNING - 2023-09-20 09:05:25 --> [DEPRECATED] Creation of dynamic property App\Controllers\Simlab\TransaksiPeminjamanController::$mahasiswa is deprecated in APPPATH\Controllers\Simlab\TransaksiPeminjamanController.php on line 24.
 1 SYSTEMPATH\CodeIgniter.php(906): App\Controllers\Simlab\TransaksiPeminjamanController->__construct()
 2 SYSTEMPATH\CodeIgniter.php(490): CodeIgniter\CodeIgniter->createController()
 3 SYSTEMPATH\CodeIgniter.php(368): CodeIgniter\CodeIgniter->handleRequest(null, Object(Config\Cache), false)
 4 FCPATH\index.php(67): CodeIgniter\CodeIgniter->run()
 5 SYSTEMPATH\Commands\Server\rewrite.php(47): require_once('FCPATH\\index.php')
WARNING - 2023-09-20 09:05:25 --> [DEPRECATED] Creation of dynamic property App\Controllers\Simlab\TransaksiPeminjamanController::$staf is deprecated in APPPATH\Controllers\Simlab\TransaksiPeminjamanController.php on line 25.
 1 SYSTEMPATH\CodeIgniter.php(906): App\Controllers\Simlab\TransaksiPeminjamanController->__construct()
 2 SYSTEMPATH\CodeIgniter.php(490): CodeIgniter\CodeIgniter->createController()
 3 SYSTEMPATH\CodeIgniter.php(368): CodeIgniter\CodeIgniter->handleRequest(null, Object(Config\Cache), false)
 4 FCPATH\index.php(67): CodeIgniter\CodeIgniter->run()
 5 SYSTEMPATH\Commands\Server\rewrite.php(47): require_once('FCPATH\\index.php')
WARNING - 2023-09-20 09:05:25 --> [DEPRECATED] Creation of dynamic property App\Controllers\Simlab\TransaksiPeminjamanController::$UserMahasiswa is deprecated in APPPATH\Controllers\Simlab\TransaksiPeminjamanController.php on line 26.
 1 SYSTEMPATH\CodeIgniter.php(906): App\Controllers\Simlab\TransaksiPeminjamanController->__construct()
 2 SYSTEMPATH\CodeIgniter.php(490): CodeIgniter\CodeIgniter->createController()
 3 SYSTEMPATH\CodeIgniter.php(368): CodeIgniter\CodeIgniter->handleRequest(null, Object(Config\Cache), false)
 4 FCPATH\index.php(67): CodeIgniter\CodeIgniter->run()
 5 SYSTEMPATH\Commands\Server\rewrite.php(47): require_once('FCPATH\\index.php')
WARNING - 2023-09-20 09:05:25 --> [DEPRECATED] Creation of dynamic property App\Controllers\Simlab\TransaksiPeminjamanController::$UserStaff is deprecated in APPPATH\Controllers\Simlab\TransaksiPeminjamanController.php on line 27.
 1 SYSTEMPATH\CodeIgniter.php(906): App\Controllers\Simlab\TransaksiPeminjamanController->__construct()
 2 SYSTEMPATH\CodeIgniter.php(490): CodeIgniter\CodeIgniter->createController()
 3 SYSTEMPATH\CodeIgniter.php(368): CodeIgniter\CodeIgniter->handleRequest(null, Object(Config\Cache), false)
 4 FCPATH\index.php(67): CodeIgniter\CodeIgniter->run()
 5 SYSTEMPATH\Commands\Server\rewrite.php(47): require_once('FCPATH\\index.php')
WARNING - 2023-09-20 09:05:25 --> [DEPRECATED] Creation of dynamic property App\Controllers\Simlab\TransaksiPeminjamanController::$group is deprecated in APPPATH\Controllers\Simlab\TransaksiPeminjamanController.php on line 28.
 1 SYSTEMPATH\CodeIgniter.php(906): App\Controllers\Simlab\TransaksiPeminjamanController->__construct()
 2 SYSTEMPATH\CodeIgniter.php(490): CodeIgniter\CodeIgniter->createController()
 3 SYSTEMPATH\CodeIgniter.php(368): CodeIgniter\CodeIgniter->handleRequest(null, Object(Config\Cache), false)
 4 FCPATH\index.php(67): CodeIgniter\CodeIgniter->run()
 5 SYSTEMPATH\Commands\Server\rewrite.php(47): require_once('FCPATH\\index.php')
WARNING - 2023-09-20 09:05:25 --> [DEPRECATED] Creation of dynamic property App\Controllers\Simlab\TransaksiPeminjamanController::$pinjamalat is deprecated in APPPATH\Controllers\Simlab\TransaksiPeminjamanController.php on line 29.
 1 SYSTEMPATH\CodeIgniter.php(906): App\Controllers\Simlab\TransaksiPeminjamanController->__construct()
 2 SYSTEMPATH\CodeIgniter.php(490): CodeIgniter\CodeIgniter->createController()
 3 SYSTEMPATH\CodeIgniter.php(368): CodeIgniter\CodeIgniter->handleRequest(null, Object(Config\Cache), false)
 4 FCPATH\index.php(67): CodeIgniter\CodeIgniter->run()
 5 SYSTEMPATH\Commands\Server\rewrite.php(47): require_once('FCPATH\\index.php')
WARNING - 2023-09-20 09:05:25 --> [DEPRECATED] Creation of dynamic property App\Controllers\Simlab\TransaksiPeminjamanController::$detailpinjamalat is deprecated in APPPATH\Controllers\Simlab\TransaksiPeminjamanController.php on line 30.
 1 SYSTEMPATH\CodeIgniter.php(906): App\Controllers\Simlab\TransaksiPeminjamanController->__construct()
 2 SYSTEMPATH\CodeIgniter.php(490): CodeIgniter\CodeIgniter->createController()
 3 SYSTEMPATH\CodeIgniter.php(368): CodeIgniter\CodeIgniter->handleRequest(null, Object(Config\Cache), false)
 4 FCPATH\index.php(67): CodeIgniter\CodeIgniter->run()
 5 SYSTEMPATH\Commands\Server\rewrite.php(47): require_once('FCPATH\\index.php')
WARNING - 2023-09-20 09:05:25 --> [DEPRECATED] Creation of dynamic property App\Controllers\Simlab\TransaksiPeminjamanController::$pinjamruang is deprecated in APPPATH\Controllers\Simlab\TransaksiPeminjamanController.php on line 31.
 1 SYSTEMPATH\CodeIgniter.php(906): App\Controllers\Simlab\TransaksiPeminjamanController->__construct()
 2 SYSTEMPATH\CodeIgniter.php(490): CodeIgniter\CodeIgniter->createController()
 3 SYSTEMPATH\CodeIgniter.php(368): CodeIgniter\CodeIgniter->handleRequest(null, Object(Config\Cache), false)
 4 FCPATH\index.php(67): CodeIgniter\CodeIgniter->run()
 5 SYSTEMPATH\Commands\Server\rewrite.php(47): require_once('FCPATH\\index.php')
WARNING - 2023-09-20 09:05:25 --> [DEPRECATED] Creation of dynamic property App\Controllers\Simlab\TransaksiPeminjamanController::$jadwal is deprecated in APPPATH\Controllers\Simlab\TransaksiPeminjamanController.php on line 32.
 1 SYSTEMPATH\CodeIgniter.php(906): App\Controllers\Simlab\TransaksiPeminjamanController->__construct()
 2 SYSTEMPATH\CodeIgniter.php(490): CodeIgniter\CodeIgniter->createController()
 3 SYSTEMPATH\CodeIgniter.php(368): CodeIgniter\CodeIgniter->handleRequest(null, Object(Config\Cache), false)
 4 FCPATH\index.php(67): CodeIgniter\CodeIgniter->run()
 5 SYSTEMPATH\Commands\Server\rewrite.php(47): require_once('FCPATH\\index.php')
WARNING - 2023-09-20 09:05:25 --> [DEPRECATED] Creation of dynamic property App\Controllers\Simlab\TransaksiPeminjamanController::$session is deprecated in APPPATH\Controllers\Simlab\TransaksiPeminjamanController.php on line 34.
 1 SYSTEMPATH\CodeIgniter.php(906): App\Controllers\Simlab\TransaksiPeminjamanController->__construct()
 2 SYSTEMPATH\CodeIgniter.php(490): CodeIgniter\CodeIgniter->createController()
 3 SYSTEMPATH\CodeIgniter.php(368): CodeIgniter\CodeIgniter->handleRequest(null, Object(Config\Cache), false)
 4 FCPATH\index.php(67): CodeIgniter\CodeIgniter->run()
 5 SYSTEMPATH\Commands\Server\rewrite.php(47): require_once('FCPATH\\index.php')
INFO - 2023-09-20 09:05:27 --> Session: Class initialized using 'CodeIgniter\Session\Handlers\FileHandler' driver.
WARNING - 2023-09-20 09:05:27 --> [DEPRECATED] Creation of dynamic property App\Controllers\Simlab\TransaksiPeminjamanController::$alatlab is deprecated in APPPATH\Controllers\Simlab\TransaksiPeminjamanController.php on line 23.
 1 SYSTEMPATH\CodeIgniter.php(906): App\Controllers\Simlab\TransaksiPeminjamanController->__construct()
 2 SYSTEMPATH\CodeIgniter.php(490): CodeIgniter\CodeIgniter->createController()
 3 SYSTEMPATH\CodeIgniter.php(368): CodeIgniter\CodeIgniter->handleRequest(null, Object(Config\Cache), false)
 4 FCPATH\index.php(67): CodeIgniter\CodeIgniter->run()
 5 SYSTEMPATH\Commands\Server\rewrite.php(47): require_once('FCPATH\\index.php')
WARNING - 2023-09-20 09:05:27 --> [DEPRECATED] Creation of dynamic property App\Controllers\Simlab\TransaksiPeminjamanController::$mahasiswa is deprecated in APPPATH\Controllers\Simlab\TransaksiPeminjamanController.php on line 24.
 1 SYSTEMPATH\CodeIgniter.php(906): App\Controllers\Simlab\TransaksiPeminjamanController->__construct()
 2 SYSTEMPATH\CodeIgniter.php(490): CodeIgniter\CodeIgniter->createController()
 3 SYSTEMPATH\CodeIgniter.php(368): CodeIgniter\CodeIgniter->handleRequest(null, Object(Config\Cache), false)
 4 FCPATH\index.php(67): CodeIgniter\CodeIgniter->run()
 5 SYSTEMPATH\Commands\Server\rewrite.php(47): require_once('FCPATH\\index.php')
WARNING - 2023-09-20 09:05:27 --> [DEPRECATED] Creation of dynamic property App\Controllers\Simlab\TransaksiPeminjamanController::$staf is deprecated in APPPATH\Controllers\Simlab\TransaksiPeminjamanController.php on line 25.
 1 SYSTEMPATH\CodeIgniter.php(906): App\Controllers\Simlab\TransaksiPeminjamanController->__construct()
 2 SYSTEMPATH\CodeIgniter.php(490): CodeIgniter\CodeIgniter->createController()
 3 SYSTEMPATH\CodeIgniter.php(368): CodeIgniter\CodeIgniter->handleRequest(null, Object(Config\Cache), false)
 4 FCPATH\index.php(67): CodeIgniter\CodeIgniter->run()
 5 SYSTEMPATH\Commands\Server\rewrite.php(47): require_once('FCPATH\\index.php')
WARNING - 2023-09-20 09:05:27 --> [DEPRECATED] Creation of dynamic property App\Controllers\Simlab\TransaksiPeminjamanController::$UserMahasiswa is deprecated in APPPATH\Controllers\Simlab\TransaksiPeminjamanController.php on line 26.
 1 SYSTEMPATH\CodeIgniter.php(906): App\Controllers\Simlab\TransaksiPeminjamanController->__construct()
 2 SYSTEMPATH\CodeIgniter.php(490): CodeIgniter\CodeIgniter->createController()
 3 SYSTEMPATH\CodeIgniter.php(368): CodeIgniter\CodeIgniter->handleRequest(null, Object(Config\Cache), false)
 4 FCPATH\index.php(67): CodeIgniter\CodeIgniter->run()
 5 SYSTEMPATH\Commands\Server\rewrite.php(47): require_once('FCPATH\\index.php')
WARNING - 2023-09-20 09:05:27 --> [DEPRECATED] Creation of dynamic property App\Controllers\Simlab\TransaksiPeminjamanController::$UserStaff is deprecated in APPPATH\Controllers\Simlab\TransaksiPeminjamanController.php on line 27.
 1 SYSTEMPATH\CodeIgniter.php(906): App\Controllers\Simlab\TransaksiPeminjamanController->__construct()
 2 SYSTEMPATH\CodeIgniter.php(490): CodeIgniter\CodeIgniter->createController()
 3 SYSTEMPATH\CodeIgniter.php(368): CodeIgniter\CodeIgniter->handleRequest(null, Object(Config\Cache), false)
 4 FCPATH\index.php(67): CodeIgniter\CodeIgniter->run()
 5 SYSTEMPATH\Commands\Server\rewrite.php(47): require_once('FCPATH\\index.php')
WARNING - 2023-09-20 09:05:27 --> [DEPRECATED] Creation of dynamic property App\Controllers\Simlab\TransaksiPeminjamanController::$group is deprecated in APPPATH\Controllers\Simlab\TransaksiPeminjamanController.php on line 28.
 1 SYSTEMPATH\CodeIgniter.php(906): App\Controllers\Simlab\TransaksiPeminjamanController->__construct()
 2 SYSTEMPATH\CodeIgniter.php(490): CodeIgniter\CodeIgniter->createController()
 3 SYSTEMPATH\CodeIgniter.php(368): CodeIgniter\CodeIgniter->handleRequest(null, Object(Config\Cache), false)
 4 FCPATH\index.php(67): CodeIgniter\CodeIgniter->run()
 5 SYSTEMPATH\Commands\Server\rewrite.php(47): require_once('FCPATH\\index.php')
WARNING - 2023-09-20 09:05:27 --> [DEPRECATED] Creation of dynamic property App\Controllers\Simlab\TransaksiPeminjamanController::$pinjamalat is deprecated in APPPATH\Controllers\Simlab\TransaksiPeminjamanController.php on line 29.
 1 SYSTEMPATH\CodeIgniter.php(906): App\Controllers\Simlab\TransaksiPeminjamanController->__construct()
 2 SYSTEMPATH\CodeIgniter.php(490): CodeIgniter\CodeIgniter->createController()
 3 SYSTEMPATH\CodeIgniter.php(368): CodeIgniter\CodeIgniter->handleRequest(null, Object(Config\Cache), false)
 4 FCPATH\index.php(67): CodeIgniter\CodeIgniter->run()
 5 SYSTEMPATH\Commands\Server\rewrite.php(47): require_once('FCPATH\\index.php')
WARNING - 2023-09-20 09:05:27 --> [DEPRECATED] Creation of dynamic property App\Controllers\Simlab\TransaksiPeminjamanController::$detailpinjamalat is deprecated in APPPATH\Controllers\Simlab\TransaksiPeminjamanController.php on line 30.
 1 SYSTEMPATH\CodeIgniter.php(906): App\Controllers\Simlab\TransaksiPeminjamanController->__construct()
 2 SYSTEMPATH\CodeIgniter.php(490): CodeIgniter\CodeIgniter->createController()
 3 SYSTEMPATH\CodeIgniter.php(368): CodeIgniter\CodeIgniter->handleRequest(null, Object(Config\Cache), false)
 4 FCPATH\index.php(67): CodeIgniter\CodeIgniter->run()
 5 SYSTEMPATH\Commands\Server\rewrite.php(47): require_once('FCPATH\\index.php')
WARNING - 2023-09-20 09:05:27 --> [DEPRECATED] Creation of dynamic property App\Controllers\Simlab\TransaksiPeminjamanController::$pinjamruang is deprecated in APPPATH\Controllers\Simlab\TransaksiPeminjamanController.php on line 31.
 1 SYSTEMPATH\CodeIgniter.php(906): App\Controllers\Simlab\TransaksiPeminjamanController->__construct()
 2 SYSTEMPATH\CodeIgniter.php(490): CodeIgniter\CodeIgniter->createController()
 3 SYSTEMPATH\CodeIgniter.php(368): CodeIgniter\CodeIgniter->handleRequest(null, Object(Config\Cache), false)
 4 FCPATH\index.php(67): CodeIgniter\CodeIgniter->run()
 5 SYSTEMPATH\Commands\Server\rewrite.php(47): require_once('FCPATH\\index.php')
WARNING - 2023-09-20 09:05:27 --> [DEPRECATED] Creation of dynamic property App\Controllers\Simlab\TransaksiPeminjamanController::$jadwal is deprecated in APPPATH\Controllers\Simlab\TransaksiPeminjamanController.php on line 32.
 1 SYSTEMPATH\CodeIgniter.php(906): App\Controllers\Simlab\TransaksiPeminjamanController->__construct()
 2 SYSTEMPATH\CodeIgniter.php(490): CodeIgniter\CodeIgniter->createController()
 3 SYSTEMPATH\CodeIgniter.php(368): CodeIgniter\CodeIgniter->handleRequest(null, Object(Config\Cache), false)
 4 FCPATH\index.php(67): CodeIgniter\CodeIgniter->run()
 5 SYSTEMPATH\Commands\Server\rewrite.php(47): require_once('FCPATH\\index.php')
WARNING - 2023-09-20 09:05:27 --> [DEPRECATED] Creation of dynamic property App\Controllers\Simlab\TransaksiPeminjamanController::$session is deprecated in APPPATH\Controllers\Simlab\TransaksiPeminjamanController.php on line 34.
 1 SYSTEMPATH\CodeIgniter.php(906): App\Controllers\Simlab\TransaksiPeminjamanController->__construct()
 2 SYSTEMPATH\CodeIgniter.php(490): CodeIgniter\CodeIgniter->createController()
 3 SYSTEMPATH\CodeIgniter.php(368): CodeIgniter\CodeIgniter->handleRequest(null, Object(Config\Cache), false)
 4 FCPATH\index.php(67): CodeIgniter\CodeIgniter->run()
 5 SYSTEMPATH\Commands\Server\rewrite.php(47): require_once('FCPATH\\index.php')
