WARNING - 2024-01-25 20:14:18 --> [DEPRECATED] Creation of dynamic property App\Controllers\LandingController::$cms is deprecated in APPPATH\Controllers\LandingController.php on line 17.
 1 SYSTEMPATH\CodeIgniter.php(906): App\Controllers\LandingController->__construct()
 2 SYSTEMPATH\CodeIgniter.php(490): CodeIgniter\CodeIgniter->createController()
 3 SYSTEMPATH\CodeIgniter.php(368): CodeIgniter\CodeIgniter->handleRequest(null, Object(Config\Cache), false)
 4 FCPATH\index.php(67): CodeIgniter\CodeIgniter->run()
 5 SYSTEMPATH\Commands\Server\rewrite.php(47): require_once('FCPATH\\index.php')
WARNING - 2024-01-25 20:14:18 --> [DEPRECATED] Creation of dynamic property App\Controllers\LandingController::$faq is deprecated in APPPATH\Controllers\LandingController.php on line 18.
 1 SYSTEMPATH\CodeIgniter.php(906): App\Controllers\LandingController->__construct()
 2 SYSTEMPATH\CodeIgniter.php(490): CodeIgniter\CodeIgniter->createController()
 3 SYSTEMPATH\CodeIgniter.php(368): CodeIgniter\CodeIgniter->handleRequest(null, Object(Config\Cache), false)
 4 FCPATH\index.php(67): CodeIgniter\CodeIgniter->run()
 5 SYSTEMPATH\Commands\Server\rewrite.php(47): require_once('FCPATH\\index.php')
WARNING - 2024-01-25 20:14:18 --> [DEPRECATED] Creation of dynamic property App\Controllers\LandingController::$alumni_berprestasi is deprecated in APPPATH\Controllers\LandingController.php on line 19.
 1 SYSTEMPATH\CodeIgniter.php(906): App\Controllers\LandingController->__construct()
 2 SYSTEMPATH\CodeIgniter.php(490): CodeIgniter\CodeIgniter->createController()
 3 SYSTEMPATH\CodeIgniter.php(368): CodeIgniter\CodeIgniter->handleRequest(null, Object(Config\Cache), false)
 4 FCPATH\index.php(67): CodeIgniter\CodeIgniter->run()
 5 SYSTEMPATH\Commands\Server\rewrite.php(47): require_once('FCPATH\\index.php')
WARNING - 2024-01-25 20:14:18 --> [DEPRECATED] Creation of dynamic property App\Controllers\LandingController::$lowongan_kerja is deprecated in APPPATH\Controllers\LandingController.php on line 20.
 1 SYSTEMPATH\CodeIgniter.php(906): App\Controllers\LandingController->__construct()
 2 SYSTEMPATH\CodeIgniter.php(490): CodeIgniter\CodeIgniter->createController()
 3 SYSTEMPATH\CodeIgniter.php(368): CodeIgniter\CodeIgniter->handleRequest(null, Object(Config\Cache), false)
 4 FCPATH\index.php(67): CodeIgniter\CodeIgniter->run()
 5 SYSTEMPATH\Commands\Server\rewrite.php(47): require_once('FCPATH\\index.php')
WARNING - 2024-01-25 20:14:18 --> [DEPRECATED] Creation of dynamic property App\Controllers\LandingController::$informasi_magang is deprecated in APPPATH\Controllers\LandingController.php on line 21.
 1 SYSTEMPATH\CodeIgniter.php(906): App\Controllers\LandingController->__construct()
 2 SYSTEMPATH\CodeIgniter.php(490): CodeIgniter\CodeIgniter->createController()
 3 SYSTEMPATH\CodeIgniter.php(368): CodeIgniter\CodeIgniter->handleRequest(null, Object(Config\Cache), false)
 4 FCPATH\index.php(67): CodeIgniter\CodeIgniter->run()
 5 SYSTEMPATH\Commands\Server\rewrite.php(47): require_once('FCPATH\\index.php')
WARNING - 2024-01-25 20:14:18 --> [DEPRECATED] Creation of dynamic property App\Controllers\LandingController::$tips_karir is deprecated in APPPATH\Controllers\LandingController.php on line 22.
 1 SYSTEMPATH\CodeIgniter.php(906): App\Controllers\LandingController->__construct()
 2 SYSTEMPATH\CodeIgniter.php(490): CodeIgniter\CodeIgniter->createController()
 3 SYSTEMPATH\CodeIgniter.php(368): CodeIgniter\CodeIgniter->handleRequest(null, Object(Config\Cache), false)
 4 FCPATH\index.php(67): CodeIgniter\CodeIgniter->run()
 5 SYSTEMPATH\Commands\Server\rewrite.php(47): require_once('FCPATH\\index.php')
INFO - 2024-01-25 20:14:32 --> Session: Class initialized using 'CodeIgniter\Session\Handlers\FileHandler' driver.
INFO - 2024-01-25 20:14:36 --> Session: Class initialized using 'CodeIgniter\Session\Handlers\FileHandler' driver.
INFO - 2024-01-25 20:14:55 --> Session: Class initialized using 'CodeIgniter\Session\Handlers\FileHandler' driver.
WARNING - 2024-01-25 20:15:02 --> [DEPRECATED] Creation of dynamic property App\Controllers\LandingController::$cms is deprecated in APPPATH\Controllers\LandingController.php on line 17.
 1 SYSTEMPATH\CodeIgniter.php(906): App\Controllers\LandingController->__construct()
 2 SYSTEMPATH\CodeIgniter.php(490): CodeIgniter\CodeIgniter->createController()
 3 SYSTEMPATH\CodeIgniter.php(368): CodeIgniter\CodeIgniter->handleRequest(null, Object(Config\Cache), false)
 4 FCPATH\index.php(67): CodeIgniter\CodeIgniter->run()
 5 SYSTEMPATH\Commands\Server\rewrite.php(47): require_once('FCPATH\\index.php')
WARNING - 2024-01-25 20:15:02 --> [DEPRECATED] Creation of dynamic property App\Controllers\LandingController::$faq is deprecated in APPPATH\Controllers\LandingController.php on line 18.
 1 SYSTEMPATH\CodeIgniter.php(906): App\Controllers\LandingController->__construct()
 2 SYSTEMPATH\CodeIgniter.php(490): CodeIgniter\CodeIgniter->createController()
 3 SYSTEMPATH\CodeIgniter.php(368): CodeIgniter\CodeIgniter->handleRequest(null, Object(Config\Cache), false)
 4 FCPATH\index.php(67): CodeIgniter\CodeIgniter->run()
 5 SYSTEMPATH\Commands\Server\rewrite.php(47): require_once('FCPATH\\index.php')
WARNING - 2024-01-25 20:15:02 --> [DEPRECATED] Creation of dynamic property App\Controllers\LandingController::$alumni_berprestasi is deprecated in APPPATH\Controllers\LandingController.php on line 19.
 1 SYSTEMPATH\CodeIgniter.php(906): App\Controllers\LandingController->__construct()
 2 SYSTEMPATH\CodeIgniter.php(490): CodeIgniter\CodeIgniter->createController()
 3 SYSTEMPATH\CodeIgniter.php(368): CodeIgniter\CodeIgniter->handleRequest(null, Object(Config\Cache), false)
 4 FCPATH\index.php(67): CodeIgniter\CodeIgniter->run()
 5 SYSTEMPATH\Commands\Server\rewrite.php(47): require_once('FCPATH\\index.php')
WARNING - 2024-01-25 20:15:02 --> [DEPRECATED] Creation of dynamic property App\Controllers\LandingController::$lowongan_kerja is deprecated in APPPATH\Controllers\LandingController.php on line 20.
 1 SYSTEMPATH\CodeIgniter.php(906): App\Controllers\LandingController->__construct()
 2 SYSTEMPATH\CodeIgniter.php(490): CodeIgniter\CodeIgniter->createController()
 3 SYSTEMPATH\CodeIgniter.php(368): CodeIgniter\CodeIgniter->handleRequest(null, Object(Config\Cache), false)
 4 FCPATH\index.php(67): CodeIgniter\CodeIgniter->run()
 5 SYSTEMPATH\Commands\Server\rewrite.php(47): require_once('FCPATH\\index.php')
WARNING - 2024-01-25 20:15:02 --> [DEPRECATED] Creation of dynamic property App\Controllers\LandingController::$informasi_magang is deprecated in APPPATH\Controllers\LandingController.php on line 21.
 1 SYSTEMPATH\CodeIgniter.php(906): App\Controllers\LandingController->__construct()
 2 SYSTEMPATH\CodeIgniter.php(490): CodeIgniter\CodeIgniter->createController()
 3 SYSTEMPATH\CodeIgniter.php(368): CodeIgniter\CodeIgniter->handleRequest(null, Object(Config\Cache), false)
 4 FCPATH\index.php(67): CodeIgniter\CodeIgniter->run()
 5 SYSTEMPATH\Commands\Server\rewrite.php(47): require_once('FCPATH\\index.php')
WARNING - 2024-01-25 20:15:02 --> [DEPRECATED] Creation of dynamic property App\Controllers\LandingController::$tips_karir is deprecated in APPPATH\Controllers\LandingController.php on line 22.
 1 SYSTEMPATH\CodeIgniter.php(906): App\Controllers\LandingController->__construct()
 2 SYSTEMPATH\CodeIgniter.php(490): CodeIgniter\CodeIgniter->createController()
 3 SYSTEMPATH\CodeIgniter.php(368): CodeIgniter\CodeIgniter->handleRequest(null, Object(Config\Cache), false)
 4 FCPATH\index.php(67): CodeIgniter\CodeIgniter->run()
 5 SYSTEMPATH\Commands\Server\rewrite.php(47): require_once('FCPATH\\index.php')
INFO - 2024-01-25 20:15:05 --> Session: Class initialized using 'CodeIgniter\Session\Handlers\FileHandler' driver.
INFO - 2024-01-25 20:15:17 --> Session: Class initialized using 'CodeIgniter\Session\Handlers\FileHandler' driver.
WARNING - 2024-01-25 20:15:22 --> [DEPRECATED] Creation of dynamic property App\Controllers\DashboardController::$rekomendasi_mahasiswa is deprecated in APPPATH\Controllers\DashboardController.php on line 31.
 1 SYSTEMPATH\CodeIgniter.php(906): App\Controllers\DashboardController->__construct()
 2 SYSTEMPATH\CodeIgniter.php(490): CodeIgniter\CodeIgniter->createController()
 3 SYSTEMPATH\CodeIgniter.php(368): CodeIgniter\CodeIgniter->handleRequest(null, Object(Config\Cache), false)
 4 FCPATH\index.php(67): CodeIgniter\CodeIgniter->run()
 5 SYSTEMPATH\Commands\Server\rewrite.php(47): require_once('FCPATH\\index.php')
WARNING - 2024-01-25 20:15:22 --> [DEPRECATED] Creation of dynamic property App\Controllers\DashboardController::$group is deprecated in APPPATH\Controllers\DashboardController.php on line 32.
 1 SYSTEMPATH\CodeIgniter.php(906): App\Controllers\DashboardController->__construct()
 2 SYSTEMPATH\CodeIgniter.php(490): CodeIgniter\CodeIgniter->createController()
 3 SYSTEMPATH\CodeIgniter.php(368): CodeIgniter\CodeIgniter->handleRequest(null, Object(Config\Cache), false)
 4 FCPATH\index.php(67): CodeIgniter\CodeIgniter->run()
 5 SYSTEMPATH\Commands\Server\rewrite.php(47): require_once('FCPATH\\index.php')
WARNING - 2024-01-25 20:15:22 --> [DEPRECATED] Creation of dynamic property App\Controllers\DashboardController::$permission is deprecated in APPPATH\Controllers\DashboardController.php on line 33.
 1 SYSTEMPATH\CodeIgniter.php(906): App\Controllers\DashboardController->__construct()
 2 SYSTEMPATH\CodeIgniter.php(490): CodeIgniter\CodeIgniter->createController()
 3 SYSTEMPATH\CodeIgniter.php(368): CodeIgniter\CodeIgniter->handleRequest(null, Object(Config\Cache), false)
 4 FCPATH\index.php(67): CodeIgniter\CodeIgniter->run()
 5 SYSTEMPATH\Commands\Server\rewrite.php(47): require_once('FCPATH\\index.php')
WARNING - 2024-01-25 20:15:22 --> [DEPRECATED] Creation of dynamic property App\Controllers\DashboardController::$users is deprecated in APPPATH\Controllers\DashboardController.php on line 34.
 1 SYSTEMPATH\CodeIgniter.php(906): App\Controllers\DashboardController->__construct()
 2 SYSTEMPATH\CodeIgniter.php(490): CodeIgniter\CodeIgniter->createController()
 3 SYSTEMPATH\CodeIgniter.php(368): CodeIgniter\CodeIgniter->handleRequest(null, Object(Config\Cache), false)
 4 FCPATH\index.php(67): CodeIgniter\CodeIgniter->run()
 5 SYSTEMPATH\Commands\Server\rewrite.php(47): require_once('FCPATH\\index.php')
WARNING - 2024-01-25 20:15:22 --> [DEPRECATED] Creation of dynamic property App\Controllers\DashboardController::$hasil_pemetaan_keterampilan is deprecated in APPPATH\Controllers\DashboardController.php on line 35.
 1 SYSTEMPATH\CodeIgniter.php(906): App\Controllers\DashboardController->__construct()
 2 SYSTEMPATH\CodeIgniter.php(490): CodeIgniter\CodeIgniter->createController()
 3 SYSTEMPATH\CodeIgniter.php(368): CodeIgniter\CodeIgniter->handleRequest(null, Object(Config\Cache), false)
 4 FCPATH\index.php(67): CodeIgniter\CodeIgniter->run()
 5 SYSTEMPATH\Commands\Server\rewrite.php(47): require_once('FCPATH\\index.php')
WARNING - 2024-01-25 20:15:22 --> [DEPRECATED] Creation of dynamic property App\Controllers\DashboardController::$berkas is deprecated in APPPATH\Controllers\DashboardController.php on line 36.
 1 SYSTEMPATH\CodeIgniter.php(906): App\Controllers\DashboardController->__construct()
 2 SYSTEMPATH\CodeIgniter.php(490): CodeIgniter\CodeIgniter->createController()
 3 SYSTEMPATH\CodeIgniter.php(368): CodeIgniter\CodeIgniter->handleRequest(null, Object(Config\Cache), false)
 4 FCPATH\index.php(67): CodeIgniter\CodeIgniter->run()
 5 SYSTEMPATH\Commands\Server\rewrite.php(47): require_once('FCPATH\\index.php')
WARNING - 2024-01-25 20:15:22 --> [DEPRECATED] Creation of dynamic property App\Controllers\DashboardController::$berkas1 is deprecated in APPPATH\Controllers\DashboardController.php on line 37.
 1 SYSTEMPATH\CodeIgniter.php(906): App\Controllers\DashboardController->__construct()
 2 SYSTEMPATH\CodeIgniter.php(490): CodeIgniter\CodeIgniter->createController()
 3 SYSTEMPATH\CodeIgniter.php(368): CodeIgniter\CodeIgniter->handleRequest(null, Object(Config\Cache), false)
 4 FCPATH\index.php(67): CodeIgniter\CodeIgniter->run()
 5 SYSTEMPATH\Commands\Server\rewrite.php(47): require_once('FCPATH\\index.php')
WARNING - 2024-01-25 20:15:22 --> [DEPRECATED] Creation of dynamic property App\Controllers\DashboardController::$taterdahulu is deprecated in APPPATH\Controllers\DashboardController.php on line 38.
 1 SYSTEMPATH\CodeIgniter.php(906): App\Controllers\DashboardController->__construct()
 2 SYSTEMPATH\CodeIgniter.php(490): CodeIgniter\CodeIgniter->createController()
 3 SYSTEMPATH\CodeIgniter.php(368): CodeIgniter\CodeIgniter->handleRequest(null, Object(Config\Cache), false)
 4 FCPATH\index.php(67): CodeIgniter\CodeIgniter->run()
 5 SYSTEMPATH\Commands\Server\rewrite.php(47): require_once('FCPATH\\index.php')
WARNING - 2024-01-25 20:15:22 --> [DEPRECATED] Creation of dynamic property App\Controllers\DashboardController::$bobotpenilaian is deprecated in APPPATH\Controllers\DashboardController.php on line 39.
 1 SYSTEMPATH\CodeIgniter.php(906): App\Controllers\DashboardController->__construct()
 2 SYSTEMPATH\CodeIgniter.php(490): CodeIgniter\CodeIgniter->createController()
 3 SYSTEMPATH\CodeIgniter.php(368): CodeIgniter\CodeIgniter->handleRequest(null, Object(Config\Cache), false)
 4 FCPATH\index.php(67): CodeIgniter\CodeIgniter->run()
 5 SYSTEMPATH\Commands\Server\rewrite.php(47): require_once('FCPATH\\index.php')
WARNING - 2024-01-25 20:15:22 --> [DEPRECATED] Creation of dynamic property App\Controllers\DashboardController::$penilaianakhir is deprecated in APPPATH\Controllers\DashboardController.php on line 40.
 1 SYSTEMPATH\CodeIgniter.php(906): App\Controllers\DashboardController->__construct()
 2 SYSTEMPATH\CodeIgniter.php(490): CodeIgniter\CodeIgniter->createController()
 3 SYSTEMPATH\CodeIgniter.php(368): CodeIgniter\CodeIgniter->handleRequest(null, Object(Config\Cache), false)
 4 FCPATH\index.php(67): CodeIgniter\CodeIgniter->run()
 5 SYSTEMPATH\Commands\Server\rewrite.php(47): require_once('FCPATH\\index.php')
WARNING - 2024-01-25 20:15:22 --> [DEPRECATED] Creation of dynamic property App\Controllers\DashboardController::$pengajuanjudul is deprecated in APPPATH\Controllers\DashboardController.php on line 41.
 1 SYSTEMPATH\CodeIgniter.php(906): App\Controllers\DashboardController->__construct()
 2 SYSTEMPATH\CodeIgniter.php(490): CodeIgniter\CodeIgniter->createController()
 3 SYSTEMPATH\CodeIgniter.php(368): CodeIgniter\CodeIgniter->handleRequest(null, Object(Config\Cache), false)
 4 FCPATH\index.php(67): CodeIgniter\CodeIgniter->run()
 5 SYSTEMPATH\Commands\Server\rewrite.php(47): require_once('FCPATH\\index.php')
WARNING - 2024-01-25 20:15:22 --> [DEPRECATED] Creation of dynamic property App\Controllers\DashboardController::$ujianproposal is deprecated in APPPATH\Controllers\DashboardController.php on line 42.
 1 SYSTEMPATH\CodeIgniter.php(906): App\Controllers\DashboardController->__construct()
 2 SYSTEMPATH\CodeIgniter.php(490): CodeIgniter\CodeIgniter->createController()
 3 SYSTEMPATH\CodeIgniter.php(368): CodeIgniter\CodeIgniter->handleRequest(null, Object(Config\Cache), false)
 4 FCPATH\index.php(67): CodeIgniter\CodeIgniter->run()
 5 SYSTEMPATH\Commands\Server\rewrite.php(47): require_once('FCPATH\\index.php')
WARNING - 2024-01-25 20:15:22 --> [DEPRECATED] Creation of dynamic property App\Controllers\DashboardController::$seminarhasil is deprecated in APPPATH\Controllers\DashboardController.php on line 43.
 1 SYSTEMPATH\CodeIgniter.php(906): App\Controllers\DashboardController->__construct()
 2 SYSTEMPATH\CodeIgniter.php(490): CodeIgniter\CodeIgniter->createController()
 3 SYSTEMPATH\CodeIgniter.php(368): CodeIgniter\CodeIgniter->handleRequest(null, Object(Config\Cache), false)
 4 FCPATH\index.php(67): CodeIgniter\CodeIgniter->run()
 5 SYSTEMPATH\Commands\Server\rewrite.php(47): require_once('FCPATH\\index.php')
WARNING - 2024-01-25 20:15:22 --> [DEPRECATED] Creation of dynamic property App\Controllers\DashboardController::$ujianta is deprecated in APPPATH\Controllers\DashboardController.php on line 44.
 1 SYSTEMPATH\CodeIgniter.php(906): App\Controllers\DashboardController->__construct()
 2 SYSTEMPATH\CodeIgniter.php(490): CodeIgniter\CodeIgniter->createController()
 3 SYSTEMPATH\CodeIgniter.php(368): CodeIgniter\CodeIgniter->handleRequest(null, Object(Config\Cache), false)
 4 FCPATH\index.php(67): CodeIgniter\CodeIgniter->run()
 5 SYSTEMPATH\Commands\Server\rewrite.php(47): require_once('FCPATH\\index.php')
WARNING - 2024-01-25 20:15:22 --> [DEPRECATED] Creation of dynamic property App\Controllers\DashboardController::$berkas2 is deprecated in APPPATH\Controllers\DashboardController.php on line 45.
 1 SYSTEMPATH\CodeIgniter.php(906): App\Controllers\DashboardController->__construct()
 2 SYSTEMPATH\CodeIgniter.php(490): CodeIgniter\CodeIgniter->createController()
 3 SYSTEMPATH\CodeIgniter.php(368): CodeIgniter\CodeIgniter->handleRequest(null, Object(Config\Cache), false)
 4 FCPATH\index.php(67): CodeIgniter\CodeIgniter->run()
 5 SYSTEMPATH\Commands\Server\rewrite.php(47): require_once('FCPATH\\index.php')
WARNING - 2024-01-25 20:15:22 --> [DEPRECATED] Creation of dynamic property App\Controllers\DashboardController::$staf is deprecated in APPPATH\Controllers\DashboardController.php on line 46.
 1 SYSTEMPATH\CodeIgniter.php(906): App\Controllers\DashboardController->__construct()
 2 SYSTEMPATH\CodeIgniter.php(490): CodeIgniter\CodeIgniter->createController()
 3 SYSTEMPATH\CodeIgniter.php(368): CodeIgniter\CodeIgniter->handleRequest(null, Object(Config\Cache), false)
 4 FCPATH\index.php(67): CodeIgniter\CodeIgniter->run()
 5 SYSTEMPATH\Commands\Server\rewrite.php(47): require_once('FCPATH\\index.php')
WARNING - 2024-01-25 20:15:22 --> [DEPRECATED] Creation of dynamic property App\Controllers\DashboardController::$mahasiswa is deprecated in APPPATH\Controllers\DashboardController.php on line 47.
 1 SYSTEMPATH\CodeIgniter.php(906): App\Controllers\DashboardController->__construct()
 2 SYSTEMPATH\CodeIgniter.php(490): CodeIgniter\CodeIgniter->createController()
 3 SYSTEMPATH\CodeIgniter.php(368): CodeIgniter\CodeIgniter->handleRequest(null, Object(Config\Cache), false)
 4 FCPATH\index.php(67): CodeIgniter\CodeIgniter->run()
 5 SYSTEMPATH\Commands\Server\rewrite.php(47): require_once('FCPATH\\index.php')
WARNING - 2024-01-25 20:15:22 --> [DEPRECATED] Creation of dynamic property App\Controllers\DashboardController::$mitra is deprecated in APPPATH\Controllers\DashboardController.php on line 48.
 1 SYSTEMPATH\CodeIgniter.php(906): App\Controllers\DashboardController->__construct()
 2 SYSTEMPATH\CodeIgniter.php(490): CodeIgniter\CodeIgniter->createController()
 3 SYSTEMPATH\CodeIgniter.php(368): CodeIgniter\CodeIgniter->handleRequest(null, Object(Config\Cache), false)
 4 FCPATH\index.php(67): CodeIgniter\CodeIgniter->run()
 5 SYSTEMPATH\Commands\Server\rewrite.php(47): require_once('FCPATH\\index.php')
WARNING - 2024-01-25 20:15:22 --> [DEPRECATED] Creation of dynamic property App\Controllers\DashboardController::$mata_kuliah is deprecated in APPPATH\Controllers\DashboardController.php on line 49.
 1 SYSTEMPATH\CodeIgniter.php(906): App\Controllers\DashboardController->__construct()
 2 SYSTEMPATH\CodeIgniter.php(490): CodeIgniter\CodeIgniter->createController()
 3 SYSTEMPATH\CodeIgniter.php(368): CodeIgniter\CodeIgniter->handleRequest(null, Object(Config\Cache), false)
 4 FCPATH\index.php(67): CodeIgniter\CodeIgniter->run()
 5 SYSTEMPATH\Commands\Server\rewrite.php(47): require_once('FCPATH\\index.php')
WARNING - 2024-01-25 20:15:22 --> [DEPRECATED] Creation of dynamic property App\Controllers\DashboardController::$agenda is deprecated in APPPATH\Controllers\DashboardController.php on line 50.
 1 SYSTEMPATH\CodeIgniter.php(906): App\Controllers\DashboardController->__construct()
 2 SYSTEMPATH\CodeIgniter.php(490): CodeIgniter\CodeIgniter->createController()
 3 SYSTEMPATH\CodeIgniter.php(368): CodeIgniter\CodeIgniter->handleRequest(null, Object(Config\Cache), false)
 4 FCPATH\index.php(67): CodeIgniter\CodeIgniter->run()
 5 SYSTEMPATH\Commands\Server\rewrite.php(47): require_once('FCPATH\\index.php')
INFO - 2024-01-25 20:15:36 --> Session: Class initialized using 'CodeIgniter\Session\Handlers\FileHandler' driver.
WARNING - 2024-01-25 20:15:40 --> [DEPRECATED] Creation of dynamic property App\Controllers\DashboardController::$rekomendasi_mahasiswa is deprecated in APPPATH\Controllers\DashboardController.php on line 31.
 1 SYSTEMPATH\CodeIgniter.php(906): App\Controllers\DashboardController->__construct()
 2 SYSTEMPATH\CodeIgniter.php(490): CodeIgniter\CodeIgniter->createController()
 3 SYSTEMPATH\CodeIgniter.php(368): CodeIgniter\CodeIgniter->handleRequest(null, Object(Config\Cache), false)
 4 FCPATH\index.php(67): CodeIgniter\CodeIgniter->run()
 5 SYSTEMPATH\Commands\Server\rewrite.php(47): require_once('FCPATH\\index.php')
WARNING - 2024-01-25 20:15:40 --> [DEPRECATED] Creation of dynamic property App\Controllers\DashboardController::$group is deprecated in APPPATH\Controllers\DashboardController.php on line 32.
 1 SYSTEMPATH\CodeIgniter.php(906): App\Controllers\DashboardController->__construct()
 2 SYSTEMPATH\CodeIgniter.php(490): CodeIgniter\CodeIgniter->createController()
 3 SYSTEMPATH\CodeIgniter.php(368): CodeIgniter\CodeIgniter->handleRequest(null, Object(Config\Cache), false)
 4 FCPATH\index.php(67): CodeIgniter\CodeIgniter->run()
 5 SYSTEMPATH\Commands\Server\rewrite.php(47): require_once('FCPATH\\index.php')
WARNING - 2024-01-25 20:15:40 --> [DEPRECATED] Creation of dynamic property App\Controllers\DashboardController::$permission is deprecated in APPPATH\Controllers\DashboardController.php on line 33.
 1 SYSTEMPATH\CodeIgniter.php(906): App\Controllers\DashboardController->__construct()
 2 SYSTEMPATH\CodeIgniter.php(490): CodeIgniter\CodeIgniter->createController()
 3 SYSTEMPATH\CodeIgniter.php(368): CodeIgniter\CodeIgniter->handleRequest(null, Object(Config\Cache), false)
 4 FCPATH\index.php(67): CodeIgniter\CodeIgniter->run()
 5 SYSTEMPATH\Commands\Server\rewrite.php(47): require_once('FCPATH\\index.php')
WARNING - 2024-01-25 20:15:40 --> [DEPRECATED] Creation of dynamic property App\Controllers\DashboardController::$users is deprecated in APPPATH\Controllers\DashboardController.php on line 34.
 1 SYSTEMPATH\CodeIgniter.php(906): App\Controllers\DashboardController->__construct()
 2 SYSTEMPATH\CodeIgniter.php(490): CodeIgniter\CodeIgniter->createController()
 3 SYSTEMPATH\CodeIgniter.php(368): CodeIgniter\CodeIgniter->handleRequest(null, Object(Config\Cache), false)
 4 FCPATH\index.php(67): CodeIgniter\CodeIgniter->run()
 5 SYSTEMPATH\Commands\Server\rewrite.php(47): require_once('FCPATH\\index.php')
WARNING - 2024-01-25 20:15:40 --> [DEPRECATED] Creation of dynamic property App\Controllers\DashboardController::$hasil_pemetaan_keterampilan is deprecated in APPPATH\Controllers\DashboardController.php on line 35.
 1 SYSTEMPATH\CodeIgniter.php(906): App\Controllers\DashboardController->__construct()
 2 SYSTEMPATH\CodeIgniter.php(490): CodeIgniter\CodeIgniter->createController()
 3 SYSTEMPATH\CodeIgniter.php(368): CodeIgniter\CodeIgniter->handleRequest(null, Object(Config\Cache), false)
 4 FCPATH\index.php(67): CodeIgniter\CodeIgniter->run()
 5 SYSTEMPATH\Commands\Server\rewrite.php(47): require_once('FCPATH\\index.php')
WARNING - 2024-01-25 20:15:40 --> [DEPRECATED] Creation of dynamic property App\Controllers\DashboardController::$berkas is deprecated in APPPATH\Controllers\DashboardController.php on line 36.
 1 SYSTEMPATH\CodeIgniter.php(906): App\Controllers\DashboardController->__construct()
 2 SYSTEMPATH\CodeIgniter.php(490): CodeIgniter\CodeIgniter->createController()
 3 SYSTEMPATH\CodeIgniter.php(368): CodeIgniter\CodeIgniter->handleRequest(null, Object(Config\Cache), false)
 4 FCPATH\index.php(67): CodeIgniter\CodeIgniter->run()
 5 SYSTEMPATH\Commands\Server\rewrite.php(47): require_once('FCPATH\\index.php')
WARNING - 2024-01-25 20:15:40 --> [DEPRECATED] Creation of dynamic property App\Controllers\DashboardController::$berkas1 is deprecated in APPPATH\Controllers\DashboardController.php on line 37.
 1 SYSTEMPATH\CodeIgniter.php(906): App\Controllers\DashboardController->__construct()
 2 SYSTEMPATH\CodeIgniter.php(490): CodeIgniter\CodeIgniter->createController()
 3 SYSTEMPATH\CodeIgniter.php(368): CodeIgniter\CodeIgniter->handleRequest(null, Object(Config\Cache), false)
 4 FCPATH\index.php(67): CodeIgniter\CodeIgniter->run()
 5 SYSTEMPATH\Commands\Server\rewrite.php(47): require_once('FCPATH\\index.php')
WARNING - 2024-01-25 20:15:40 --> [DEPRECATED] Creation of dynamic property App\Controllers\DashboardController::$taterdahulu is deprecated in APPPATH\Controllers\DashboardController.php on line 38.
 1 SYSTEMPATH\CodeIgniter.php(906): App\Controllers\DashboardController->__construct()
 2 SYSTEMPATH\CodeIgniter.php(490): CodeIgniter\CodeIgniter->createController()
 3 SYSTEMPATH\CodeIgniter.php(368): CodeIgniter\CodeIgniter->handleRequest(null, Object(Config\Cache), false)
 4 FCPATH\index.php(67): CodeIgniter\CodeIgniter->run()
 5 SYSTEMPATH\Commands\Server\rewrite.php(47): require_once('FCPATH\\index.php')
WARNING - 2024-01-25 20:15:40 --> [DEPRECATED] Creation of dynamic property App\Controllers\DashboardController::$bobotpenilaian is deprecated in APPPATH\Controllers\DashboardController.php on line 39.
 1 SYSTEMPATH\CodeIgniter.php(906): App\Controllers\DashboardController->__construct()
 2 SYSTEMPATH\CodeIgniter.php(490): CodeIgniter\CodeIgniter->createController()
 3 SYSTEMPATH\CodeIgniter.php(368): CodeIgniter\CodeIgniter->handleRequest(null, Object(Config\Cache), false)
 4 FCPATH\index.php(67): CodeIgniter\CodeIgniter->run()
 5 SYSTEMPATH\Commands\Server\rewrite.php(47): require_once('FCPATH\\index.php')
WARNING - 2024-01-25 20:15:40 --> [DEPRECATED] Creation of dynamic property App\Controllers\DashboardController::$penilaianakhir is deprecated in APPPATH\Controllers\DashboardController.php on line 40.
 1 SYSTEMPATH\CodeIgniter.php(906): App\Controllers\DashboardController->__construct()
 2 SYSTEMPATH\CodeIgniter.php(490): CodeIgniter\CodeIgniter->createController()
 3 SYSTEMPATH\CodeIgniter.php(368): CodeIgniter\CodeIgniter->handleRequest(null, Object(Config\Cache), false)
 4 FCPATH\index.php(67): CodeIgniter\CodeIgniter->run()
 5 SYSTEMPATH\Commands\Server\rewrite.php(47): require_once('FCPATH\\index.php')
WARNING - 2024-01-25 20:15:40 --> [DEPRECATED] Creation of dynamic property App\Controllers\DashboardController::$pengajuanjudul is deprecated in APPPATH\Controllers\DashboardController.php on line 41.
 1 SYSTEMPATH\CodeIgniter.php(906): App\Controllers\DashboardController->__construct()
 2 SYSTEMPATH\CodeIgniter.php(490): CodeIgniter\CodeIgniter->createController()
 3 SYSTEMPATH\CodeIgniter.php(368): CodeIgniter\CodeIgniter->handleRequest(null, Object(Config\Cache), false)
 4 FCPATH\index.php(67): CodeIgniter\CodeIgniter->run()
 5 SYSTEMPATH\Commands\Server\rewrite.php(47): require_once('FCPATH\\index.php')
WARNING - 2024-01-25 20:15:40 --> [DEPRECATED] Creation of dynamic property App\Controllers\DashboardController::$ujianproposal is deprecated in APPPATH\Controllers\DashboardController.php on line 42.
 1 SYSTEMPATH\CodeIgniter.php(906): App\Controllers\DashboardController->__construct()
 2 SYSTEMPATH\CodeIgniter.php(490): CodeIgniter\CodeIgniter->createController()
 3 SYSTEMPATH\CodeIgniter.php(368): CodeIgniter\CodeIgniter->handleRequest(null, Object(Config\Cache), false)
 4 FCPATH\index.php(67): CodeIgniter\CodeIgniter->run()
 5 SYSTEMPATH\Commands\Server\rewrite.php(47): require_once('FCPATH\\index.php')
WARNING - 2024-01-25 20:15:40 --> [DEPRECATED] Creation of dynamic property App\Controllers\DashboardController::$seminarhasil is deprecated in APPPATH\Controllers\DashboardController.php on line 43.
 1 SYSTEMPATH\CodeIgniter.php(906): App\Controllers\DashboardController->__construct()
 2 SYSTEMPATH\CodeIgniter.php(490): CodeIgniter\CodeIgniter->createController()
 3 SYSTEMPATH\CodeIgniter.php(368): CodeIgniter\CodeIgniter->handleRequest(null, Object(Config\Cache), false)
 4 FCPATH\index.php(67): CodeIgniter\CodeIgniter->run()
 5 SYSTEMPATH\Commands\Server\rewrite.php(47): require_once('FCPATH\\index.php')
WARNING - 2024-01-25 20:15:40 --> [DEPRECATED] Creation of dynamic property App\Controllers\DashboardController::$ujianta is deprecated in APPPATH\Controllers\DashboardController.php on line 44.
 1 SYSTEMPATH\CodeIgniter.php(906): App\Controllers\DashboardController->__construct()
 2 SYSTEMPATH\CodeIgniter.php(490): CodeIgniter\CodeIgniter->createController()
 3 SYSTEMPATH\CodeIgniter.php(368): CodeIgniter\CodeIgniter->handleRequest(null, Object(Config\Cache), false)
 4 FCPATH\index.php(67): CodeIgniter\CodeIgniter->run()
 5 SYSTEMPATH\Commands\Server\rewrite.php(47): require_once('FCPATH\\index.php')
WARNING - 2024-01-25 20:15:40 --> [DEPRECATED] Creation of dynamic property App\Controllers\DashboardController::$berkas2 is deprecated in APPPATH\Controllers\DashboardController.php on line 45.
 1 SYSTEMPATH\CodeIgniter.php(906): App\Controllers\DashboardController->__construct()
 2 SYSTEMPATH\CodeIgniter.php(490): CodeIgniter\CodeIgniter->createController()
 3 SYSTEMPATH\CodeIgniter.php(368): CodeIgniter\CodeIgniter->handleRequest(null, Object(Config\Cache), false)
 4 FCPATH\index.php(67): CodeIgniter\CodeIgniter->run()
 5 SYSTEMPATH\Commands\Server\rewrite.php(47): require_once('FCPATH\\index.php')
WARNING - 2024-01-25 20:15:40 --> [DEPRECATED] Creation of dynamic property App\Controllers\DashboardController::$staf is deprecated in APPPATH\Controllers\DashboardController.php on line 46.
 1 SYSTEMPATH\CodeIgniter.php(906): App\Controllers\DashboardController->__construct()
 2 SYSTEMPATH\CodeIgniter.php(490): CodeIgniter\CodeIgniter->createController()
 3 SYSTEMPATH\CodeIgniter.php(368): CodeIgniter\CodeIgniter->handleRequest(null, Object(Config\Cache), false)
 4 FCPATH\index.php(67): CodeIgniter\CodeIgniter->run()
 5 SYSTEMPATH\Commands\Server\rewrite.php(47): require_once('FCPATH\\index.php')
WARNING - 2024-01-25 20:15:40 --> [DEPRECATED] Creation of dynamic property App\Controllers\DashboardController::$mahasiswa is deprecated in APPPATH\Controllers\DashboardController.php on line 47.
 1 SYSTEMPATH\CodeIgniter.php(906): App\Controllers\DashboardController->__construct()
 2 SYSTEMPATH\CodeIgniter.php(490): CodeIgniter\CodeIgniter->createController()
 3 SYSTEMPATH\CodeIgniter.php(368): CodeIgniter\CodeIgniter->handleRequest(null, Object(Config\Cache), false)
 4 FCPATH\index.php(67): CodeIgniter\CodeIgniter->run()
 5 SYSTEMPATH\Commands\Server\rewrite.php(47): require_once('FCPATH\\index.php')
WARNING - 2024-01-25 20:15:40 --> [DEPRECATED] Creation of dynamic property App\Controllers\DashboardController::$mitra is deprecated in APPPATH\Controllers\DashboardController.php on line 48.
 1 SYSTEMPATH\CodeIgniter.php(906): App\Controllers\DashboardController->__construct()
 2 SYSTEMPATH\CodeIgniter.php(490): CodeIgniter\CodeIgniter->createController()
 3 SYSTEMPATH\CodeIgniter.php(368): CodeIgniter\CodeIgniter->handleRequest(null, Object(Config\Cache), false)
 4 FCPATH\index.php(67): CodeIgniter\CodeIgniter->run()
 5 SYSTEMPATH\Commands\Server\rewrite.php(47): require_once('FCPATH\\index.php')
WARNING - 2024-01-25 20:15:40 --> [DEPRECATED] Creation of dynamic property App\Controllers\DashboardController::$mata_kuliah is deprecated in APPPATH\Controllers\DashboardController.php on line 49.
 1 SYSTEMPATH\CodeIgniter.php(906): App\Controllers\DashboardController->__construct()
 2 SYSTEMPATH\CodeIgniter.php(490): CodeIgniter\CodeIgniter->createController()
 3 SYSTEMPATH\CodeIgniter.php(368): CodeIgniter\CodeIgniter->handleRequest(null, Object(Config\Cache), false)
 4 FCPATH\index.php(67): CodeIgniter\CodeIgniter->run()
 5 SYSTEMPATH\Commands\Server\rewrite.php(47): require_once('FCPATH\\index.php')
WARNING - 2024-01-25 20:15:40 --> [DEPRECATED] Creation of dynamic property App\Controllers\DashboardController::$agenda is deprecated in APPPATH\Controllers\DashboardController.php on line 50.
 1 SYSTEMPATH\CodeIgniter.php(906): App\Controllers\DashboardController->__construct()
 2 SYSTEMPATH\CodeIgniter.php(490): CodeIgniter\CodeIgniter->createController()
 3 SYSTEMPATH\CodeIgniter.php(368): CodeIgniter\CodeIgniter->handleRequest(null, Object(Config\Cache), false)
 4 FCPATH\index.php(67): CodeIgniter\CodeIgniter->run()
 5 SYSTEMPATH\Commands\Server\rewrite.php(47): require_once('FCPATH\\index.php')
INFO - 2024-01-25 20:17:01 --> Session: Class initialized using 'CodeIgniter\Session\Handlers\FileHandler' driver.
CRITICAL - 2024-01-25 20:20:36 --> Maximum execution time of 60 seconds exceeded
in SYSTEMPATH\Debug\Exceptions.php on line 161.
 1 [internal function]: CodeIgniter\Debug\Exceptions->shutdownHandler()
INFO - 2024-01-25 20:20:39 --> Session: Class initialized using 'CodeIgniter\Session\Handlers\FileHandler' driver.
WARNING - 2024-01-25 20:20:40 --> [DEPRECATED] Creation of dynamic property App\Controllers\Simlab\PeminjamanController::$alatlab is deprecated in APPPATH\Controllers\Simlab\PeminjamanController.php on line 24.
 1 SYSTEMPATH\CodeIgniter.php(906): App\Controllers\Simlab\PeminjamanController->__construct()
 2 SYSTEMPATH\CodeIgniter.php(490): CodeIgniter\CodeIgniter->createController()
 3 SYSTEMPATH\CodeIgniter.php(368): CodeIgniter\CodeIgniter->handleRequest(null, Object(Config\Cache), false)
 4 FCPATH\index.php(67): CodeIgniter\CodeIgniter->run()
 5 SYSTEMPATH\Commands\Server\rewrite.php(47): require_once('FCPATH\\index.php')
WARNING - 2024-01-25 20:20:40 --> [DEPRECATED] Creation of dynamic property App\Controllers\Simlab\PeminjamanController::$ruanglab is deprecated in APPPATH\Controllers\Simlab\PeminjamanController.php on line 25.
 1 SYSTEMPATH\CodeIgniter.php(906): App\Controllers\Simlab\PeminjamanController->__construct()
 2 SYSTEMPATH\CodeIgniter.php(490): CodeIgniter\CodeIgniter->createController()
 3 SYSTEMPATH\CodeIgniter.php(368): CodeIgniter\CodeIgniter->handleRequest(null, Object(Config\Cache), false)
 4 FCPATH\index.php(67): CodeIgniter\CodeIgniter->run()
 5 SYSTEMPATH\Commands\Server\rewrite.php(47): require_once('FCPATH\\index.php')
WARNING - 2024-01-25 20:20:40 --> [DEPRECATED] Creation of dynamic property App\Controllers\Simlab\PeminjamanController::$mahasiswa is deprecated in APPPATH\Controllers\Simlab\PeminjamanController.php on line 26.
 1 SYSTEMPATH\CodeIgniter.php(906): App\Controllers\Simlab\PeminjamanController->__construct()
 2 SYSTEMPATH\CodeIgniter.php(490): CodeIgniter\CodeIgniter->createController()
 3 SYSTEMPATH\CodeIgniter.php(368): CodeIgniter\CodeIgniter->handleRequest(null, Object(Config\Cache), false)
 4 FCPATH\index.php(67): CodeIgniter\CodeIgniter->run()
 5 SYSTEMPATH\Commands\Server\rewrite.php(47): require_once('FCPATH\\index.php')
WARNING - 2024-01-25 20:20:40 --> [DEPRECATED] Creation of dynamic property App\Controllers\Simlab\PeminjamanController::$staf is deprecated in APPPATH\Controllers\Simlab\PeminjamanController.php on line 27.
 1 SYSTEMPATH\CodeIgniter.php(906): App\Controllers\Simlab\PeminjamanController->__construct()
 2 SYSTEMPATH\CodeIgniter.php(490): CodeIgniter\CodeIgniter->createController()
 3 SYSTEMPATH\CodeIgniter.php(368): CodeIgniter\CodeIgniter->handleRequest(null, Object(Config\Cache), false)
 4 FCPATH\index.php(67): CodeIgniter\CodeIgniter->run()
 5 SYSTEMPATH\Commands\Server\rewrite.php(47): require_once('FCPATH\\index.php')
WARNING - 2024-01-25 20:20:40 --> [DEPRECATED] Creation of dynamic property App\Controllers\Simlab\PeminjamanController::$UserMahasiswa is deprecated in APPPATH\Controllers\Simlab\PeminjamanController.php on line 28.
 1 SYSTEMPATH\CodeIgniter.php(906): App\Controllers\Simlab\PeminjamanController->__construct()
 2 SYSTEMPATH\CodeIgniter.php(490): CodeIgniter\CodeIgniter->createController()
 3 SYSTEMPATH\CodeIgniter.php(368): CodeIgniter\CodeIgniter->handleRequest(null, Object(Config\Cache), false)
 4 FCPATH\index.php(67): CodeIgniter\CodeIgniter->run()
 5 SYSTEMPATH\Commands\Server\rewrite.php(47): require_once('FCPATH\\index.php')
WARNING - 2024-01-25 20:20:40 --> [DEPRECATED] Creation of dynamic property App\Controllers\Simlab\PeminjamanController::$UserStaff is deprecated in APPPATH\Controllers\Simlab\PeminjamanController.php on line 29.
 1 SYSTEMPATH\CodeIgniter.php(906): App\Controllers\Simlab\PeminjamanController->__construct()
 2 SYSTEMPATH\CodeIgniter.php(490): CodeIgniter\CodeIgniter->createController()
 3 SYSTEMPATH\CodeIgniter.php(368): CodeIgniter\CodeIgniter->handleRequest(null, Object(Config\Cache), false)
 4 FCPATH\index.php(67): CodeIgniter\CodeIgniter->run()
 5 SYSTEMPATH\Commands\Server\rewrite.php(47): require_once('FCPATH\\index.php')
WARNING - 2024-01-25 20:20:40 --> [DEPRECATED] Creation of dynamic property App\Controllers\Simlab\PeminjamanController::$group is deprecated in APPPATH\Controllers\Simlab\PeminjamanController.php on line 30.
 1 SYSTEMPATH\CodeIgniter.php(906): App\Controllers\Simlab\PeminjamanController->__construct()
 2 SYSTEMPATH\CodeIgniter.php(490): CodeIgniter\CodeIgniter->createController()
 3 SYSTEMPATH\CodeIgniter.php(368): CodeIgniter\CodeIgniter->handleRequest(null, Object(Config\Cache), false)
 4 FCPATH\index.php(67): CodeIgniter\CodeIgniter->run()
 5 SYSTEMPATH\Commands\Server\rewrite.php(47): require_once('FCPATH\\index.php')
WARNING - 2024-01-25 20:20:40 --> [DEPRECATED] Creation of dynamic property App\Controllers\Simlab\PeminjamanController::$pinjamalat is deprecated in APPPATH\Controllers\Simlab\PeminjamanController.php on line 31.
 1 SYSTEMPATH\CodeIgniter.php(906): App\Controllers\Simlab\PeminjamanController->__construct()
 2 SYSTEMPATH\CodeIgniter.php(490): CodeIgniter\CodeIgniter->createController()
 3 SYSTEMPATH\CodeIgniter.php(368): CodeIgniter\CodeIgniter->handleRequest(null, Object(Config\Cache), false)
 4 FCPATH\index.php(67): CodeIgniter\CodeIgniter->run()
 5 SYSTEMPATH\Commands\Server\rewrite.php(47): require_once('FCPATH\\index.php')
WARNING - 2024-01-25 20:20:40 --> [DEPRECATED] Creation of dynamic property App\Controllers\Simlab\PeminjamanController::$detailpinjamalat is deprecated in APPPATH\Controllers\Simlab\PeminjamanController.php on line 32.
 1 SYSTEMPATH\CodeIgniter.php(906): App\Controllers\Simlab\PeminjamanController->__construct()
 2 SYSTEMPATH\CodeIgniter.php(490): CodeIgniter\CodeIgniter->createController()
 3 SYSTEMPATH\CodeIgniter.php(368): CodeIgniter\CodeIgniter->handleRequest(null, Object(Config\Cache), false)
 4 FCPATH\index.php(67): CodeIgniter\CodeIgniter->run()
 5 SYSTEMPATH\Commands\Server\rewrite.php(47): require_once('FCPATH\\index.php')
WARNING - 2024-01-25 20:20:40 --> [DEPRECATED] Creation of dynamic property App\Controllers\Simlab\PeminjamanController::$pinjamruang is deprecated in APPPATH\Controllers\Simlab\PeminjamanController.php on line 33.
 1 SYSTEMPATH\CodeIgniter.php(906): App\Controllers\Simlab\PeminjamanController->__construct()
 2 SYSTEMPATH\CodeIgniter.php(490): CodeIgniter\CodeIgniter->createController()
 3 SYSTEMPATH\CodeIgniter.php(368): CodeIgniter\CodeIgniter->handleRequest(null, Object(Config\Cache), false)
 4 FCPATH\index.php(67): CodeIgniter\CodeIgniter->run()
 5 SYSTEMPATH\Commands\Server\rewrite.php(47): require_once('FCPATH\\index.php')
WARNING - 2024-01-25 20:20:40 --> [DEPRECATED] Creation of dynamic property App\Controllers\Simlab\PeminjamanController::$jadwal is deprecated in APPPATH\Controllers\Simlab\PeminjamanController.php on line 34.
 1 SYSTEMPATH\CodeIgniter.php(906): App\Controllers\Simlab\PeminjamanController->__construct()
 2 SYSTEMPATH\CodeIgniter.php(490): CodeIgniter\CodeIgniter->createController()
 3 SYSTEMPATH\CodeIgniter.php(368): CodeIgniter\CodeIgniter->handleRequest(null, Object(Config\Cache), false)
 4 FCPATH\index.php(67): CodeIgniter\CodeIgniter->run()
 5 SYSTEMPATH\Commands\Server\rewrite.php(47): require_once('FCPATH\\index.php')
WARNING - 2024-01-25 20:20:40 --> [DEPRECATED] Creation of dynamic property App\Controllers\Simlab\PeminjamanController::$session is deprecated in APPPATH\Controllers\Simlab\PeminjamanController.php on line 36.
 1 SYSTEMPATH\CodeIgniter.php(906): App\Controllers\Simlab\PeminjamanController->__construct()
 2 SYSTEMPATH\CodeIgniter.php(490): CodeIgniter\CodeIgniter->createController()
 3 SYSTEMPATH\CodeIgniter.php(368): CodeIgniter\CodeIgniter->handleRequest(null, Object(Config\Cache), false)
 4 FCPATH\index.php(67): CodeIgniter\CodeIgniter->run()
 5 SYSTEMPATH\Commands\Server\rewrite.php(47): require_once('FCPATH\\index.php')
INFO - 2024-01-25 20:20:42 --> Session: Class initialized using 'CodeIgniter\Session\Handlers\FileHandler' driver.
WARNING - 2024-01-25 20:20:43 --> [DEPRECATED] Creation of dynamic property App\Controllers\Simlab\PeminjamanController::$alatlab is deprecated in APPPATH\Controllers\Simlab\PeminjamanController.php on line 24.
 1 SYSTEMPATH\CodeIgniter.php(906): App\Controllers\Simlab\PeminjamanController->__construct()
 2 SYSTEMPATH\CodeIgniter.php(490): CodeIgniter\CodeIgniter->createController()
 3 SYSTEMPATH\CodeIgniter.php(368): CodeIgniter\CodeIgniter->handleRequest(null, Object(Config\Cache), false)
 4 FCPATH\index.php(67): CodeIgniter\CodeIgniter->run()
 5 SYSTEMPATH\Commands\Server\rewrite.php(47): require_once('FCPATH\\index.php')
WARNING - 2024-01-25 20:20:43 --> [DEPRECATED] Creation of dynamic property App\Controllers\Simlab\PeminjamanController::$ruanglab is deprecated in APPPATH\Controllers\Simlab\PeminjamanController.php on line 25.
 1 SYSTEMPATH\CodeIgniter.php(906): App\Controllers\Simlab\PeminjamanController->__construct()
 2 SYSTEMPATH\CodeIgniter.php(490): CodeIgniter\CodeIgniter->createController()
 3 SYSTEMPATH\CodeIgniter.php(368): CodeIgniter\CodeIgniter->handleRequest(null, Object(Config\Cache), false)
 4 FCPATH\index.php(67): CodeIgniter\CodeIgniter->run()
 5 SYSTEMPATH\Commands\Server\rewrite.php(47): require_once('FCPATH\\index.php')
WARNING - 2024-01-25 20:20:43 --> [DEPRECATED] Creation of dynamic property App\Controllers\Simlab\PeminjamanController::$mahasiswa is deprecated in APPPATH\Controllers\Simlab\PeminjamanController.php on line 26.
 1 SYSTEMPATH\CodeIgniter.php(906): App\Controllers\Simlab\PeminjamanController->__construct()
 2 SYSTEMPATH\CodeIgniter.php(490): CodeIgniter\CodeIgniter->createController()
 3 SYSTEMPATH\CodeIgniter.php(368): CodeIgniter\CodeIgniter->handleRequest(null, Object(Config\Cache), false)
 4 FCPATH\index.php(67): CodeIgniter\CodeIgniter->run()
 5 SYSTEMPATH\Commands\Server\rewrite.php(47): require_once('FCPATH\\index.php')
WARNING - 2024-01-25 20:20:43 --> [DEPRECATED] Creation of dynamic property App\Controllers\Simlab\PeminjamanController::$staf is deprecated in APPPATH\Controllers\Simlab\PeminjamanController.php on line 27.
 1 SYSTEMPATH\CodeIgniter.php(906): App\Controllers\Simlab\PeminjamanController->__construct()
 2 SYSTEMPATH\CodeIgniter.php(490): CodeIgniter\CodeIgniter->createController()
 3 SYSTEMPATH\CodeIgniter.php(368): CodeIgniter\CodeIgniter->handleRequest(null, Object(Config\Cache), false)
 4 FCPATH\index.php(67): CodeIgniter\CodeIgniter->run()
 5 SYSTEMPATH\Commands\Server\rewrite.php(47): require_once('FCPATH\\index.php')
WARNING - 2024-01-25 20:20:43 --> [DEPRECATED] Creation of dynamic property App\Controllers\Simlab\PeminjamanController::$UserMahasiswa is deprecated in APPPATH\Controllers\Simlab\PeminjamanController.php on line 28.
 1 SYSTEMPATH\CodeIgniter.php(906): App\Controllers\Simlab\PeminjamanController->__construct()
 2 SYSTEMPATH\CodeIgniter.php(490): CodeIgniter\CodeIgniter->createController()
 3 SYSTEMPATH\CodeIgniter.php(368): CodeIgniter\CodeIgniter->handleRequest(null, Object(Config\Cache), false)
 4 FCPATH\index.php(67): CodeIgniter\CodeIgniter->run()
 5 SYSTEMPATH\Commands\Server\rewrite.php(47): require_once('FCPATH\\index.php')
WARNING - 2024-01-25 20:20:43 --> [DEPRECATED] Creation of dynamic property App\Controllers\Simlab\PeminjamanController::$UserStaff is deprecated in APPPATH\Controllers\Simlab\PeminjamanController.php on line 29.
 1 SYSTEMPATH\CodeIgniter.php(906): App\Controllers\Simlab\PeminjamanController->__construct()
 2 SYSTEMPATH\CodeIgniter.php(490): CodeIgniter\CodeIgniter->createController()
 3 SYSTEMPATH\CodeIgniter.php(368): CodeIgniter\CodeIgniter->handleRequest(null, Object(Config\Cache), false)
 4 FCPATH\index.php(67): CodeIgniter\CodeIgniter->run()
 5 SYSTEMPATH\Commands\Server\rewrite.php(47): require_once('FCPATH\\index.php')
WARNING - 2024-01-25 20:20:43 --> [DEPRECATED] Creation of dynamic property App\Controllers\Simlab\PeminjamanController::$group is deprecated in APPPATH\Controllers\Simlab\PeminjamanController.php on line 30.
 1 SYSTEMPATH\CodeIgniter.php(906): App\Controllers\Simlab\PeminjamanController->__construct()
 2 SYSTEMPATH\CodeIgniter.php(490): CodeIgniter\CodeIgniter->createController()
 3 SYSTEMPATH\CodeIgniter.php(368): CodeIgniter\CodeIgniter->handleRequest(null, Object(Config\Cache), false)
 4 FCPATH\index.php(67): CodeIgniter\CodeIgniter->run()
 5 SYSTEMPATH\Commands\Server\rewrite.php(47): require_once('FCPATH\\index.php')
WARNING - 2024-01-25 20:20:43 --> [DEPRECATED] Creation of dynamic property App\Controllers\Simlab\PeminjamanController::$pinjamalat is deprecated in APPPATH\Controllers\Simlab\PeminjamanController.php on line 31.
 1 SYSTEMPATH\CodeIgniter.php(906): App\Controllers\Simlab\PeminjamanController->__construct()
 2 SYSTEMPATH\CodeIgniter.php(490): CodeIgniter\CodeIgniter->createController()
 3 SYSTEMPATH\CodeIgniter.php(368): CodeIgniter\CodeIgniter->handleRequest(null, Object(Config\Cache), false)
 4 FCPATH\index.php(67): CodeIgniter\CodeIgniter->run()
 5 SYSTEMPATH\Commands\Server\rewrite.php(47): require_once('FCPATH\\index.php')
WARNING - 2024-01-25 20:20:43 --> [DEPRECATED] Creation of dynamic property App\Controllers\Simlab\PeminjamanController::$detailpinjamalat is deprecated in APPPATH\Controllers\Simlab\PeminjamanController.php on line 32.
 1 SYSTEMPATH\CodeIgniter.php(906): App\Controllers\Simlab\PeminjamanController->__construct()
 2 SYSTEMPATH\CodeIgniter.php(490): CodeIgniter\CodeIgniter->createController()
 3 SYSTEMPATH\CodeIgniter.php(368): CodeIgniter\CodeIgniter->handleRequest(null, Object(Config\Cache), false)
 4 FCPATH\index.php(67): CodeIgniter\CodeIgniter->run()
 5 SYSTEMPATH\Commands\Server\rewrite.php(47): require_once('FCPATH\\index.php')
WARNING - 2024-01-25 20:20:43 --> [DEPRECATED] Creation of dynamic property App\Controllers\Simlab\PeminjamanController::$pinjamruang is deprecated in APPPATH\Controllers\Simlab\PeminjamanController.php on line 33.
 1 SYSTEMPATH\CodeIgniter.php(906): App\Controllers\Simlab\PeminjamanController->__construct()
 2 SYSTEMPATH\CodeIgniter.php(490): CodeIgniter\CodeIgniter->createController()
 3 SYSTEMPATH\CodeIgniter.php(368): CodeIgniter\CodeIgniter->handleRequest(null, Object(Config\Cache), false)
 4 FCPATH\index.php(67): CodeIgniter\CodeIgniter->run()
 5 SYSTEMPATH\Commands\Server\rewrite.php(47): require_once('FCPATH\\index.php')
WARNING - 2024-01-25 20:20:43 --> [DEPRECATED] Creation of dynamic property App\Controllers\Simlab\PeminjamanController::$jadwal is deprecated in APPPATH\Controllers\Simlab\PeminjamanController.php on line 34.
 1 SYSTEMPATH\CodeIgniter.php(906): App\Controllers\Simlab\PeminjamanController->__construct()
 2 SYSTEMPATH\CodeIgniter.php(490): CodeIgniter\CodeIgniter->createController()
 3 SYSTEMPATH\CodeIgniter.php(368): CodeIgniter\CodeIgniter->handleRequest(null, Object(Config\Cache), false)
 4 FCPATH\index.php(67): CodeIgniter\CodeIgniter->run()
 5 SYSTEMPATH\Commands\Server\rewrite.php(47): require_once('FCPATH\\index.php')
WARNING - 2024-01-25 20:20:43 --> [DEPRECATED] Creation of dynamic property App\Controllers\Simlab\PeminjamanController::$session is deprecated in APPPATH\Controllers\Simlab\PeminjamanController.php on line 36.
 1 SYSTEMPATH\CodeIgniter.php(906): App\Controllers\Simlab\PeminjamanController->__construct()
 2 SYSTEMPATH\CodeIgniter.php(490): CodeIgniter\CodeIgniter->createController()
 3 SYSTEMPATH\CodeIgniter.php(368): CodeIgniter\CodeIgniter->handleRequest(null, Object(Config\Cache), false)
 4 FCPATH\index.php(67): CodeIgniter\CodeIgniter->run()
 5 SYSTEMPATH\Commands\Server\rewrite.php(47): require_once('FCPATH\\index.php')
INFO - 2024-01-25 20:20:45 --> Session: Class initialized using 'CodeIgniter\Session\Handlers\FileHandler' driver.
WARNING - 2024-01-25 20:20:46 --> [DEPRECATED] Creation of dynamic property App\Controllers\Simlab\PeminjamanController::$alatlab is deprecated in APPPATH\Controllers\Simlab\PeminjamanController.php on line 24.
 1 SYSTEMPATH\CodeIgniter.php(906): App\Controllers\Simlab\PeminjamanController->__construct()
 2 SYSTEMPATH\CodeIgniter.php(490): CodeIgniter\CodeIgniter->createController()
 3 SYSTEMPATH\CodeIgniter.php(368): CodeIgniter\CodeIgniter->handleRequest(null, Object(Config\Cache), false)
 4 FCPATH\index.php(67): CodeIgniter\CodeIgniter->run()
 5 SYSTEMPATH\Commands\Server\rewrite.php(47): require_once('FCPATH\\index.php')
WARNING - 2024-01-25 20:20:46 --> [DEPRECATED] Creation of dynamic property App\Controllers\Simlab\PeminjamanController::$ruanglab is deprecated in APPPATH\Controllers\Simlab\PeminjamanController.php on line 25.
 1 SYSTEMPATH\CodeIgniter.php(906): App\Controllers\Simlab\PeminjamanController->__construct()
 2 SYSTEMPATH\CodeIgniter.php(490): CodeIgniter\CodeIgniter->createController()
 3 SYSTEMPATH\CodeIgniter.php(368): CodeIgniter\CodeIgniter->handleRequest(null, Object(Config\Cache), false)
 4 FCPATH\index.php(67): CodeIgniter\CodeIgniter->run()
 5 SYSTEMPATH\Commands\Server\rewrite.php(47): require_once('FCPATH\\index.php')
WARNING - 2024-01-25 20:20:46 --> [DEPRECATED] Creation of dynamic property App\Controllers\Simlab\PeminjamanController::$mahasiswa is deprecated in APPPATH\Controllers\Simlab\PeminjamanController.php on line 26.
 1 SYSTEMPATH\CodeIgniter.php(906): App\Controllers\Simlab\PeminjamanController->__construct()
 2 SYSTEMPATH\CodeIgniter.php(490): CodeIgniter\CodeIgniter->createController()
 3 SYSTEMPATH\CodeIgniter.php(368): CodeIgniter\CodeIgniter->handleRequest(null, Object(Config\Cache), false)
 4 FCPATH\index.php(67): CodeIgniter\CodeIgniter->run()
 5 SYSTEMPATH\Commands\Server\rewrite.php(47): require_once('FCPATH\\index.php')
WARNING - 2024-01-25 20:20:46 --> [DEPRECATED] Creation of dynamic property App\Controllers\Simlab\PeminjamanController::$staf is deprecated in APPPATH\Controllers\Simlab\PeminjamanController.php on line 27.
 1 SYSTEMPATH\CodeIgniter.php(906): App\Controllers\Simlab\PeminjamanController->__construct()
 2 SYSTEMPATH\CodeIgniter.php(490): CodeIgniter\CodeIgniter->createController()
 3 SYSTEMPATH\CodeIgniter.php(368): CodeIgniter\CodeIgniter->handleRequest(null, Object(Config\Cache), false)
 4 FCPATH\index.php(67): CodeIgniter\CodeIgniter->run()
 5 SYSTEMPATH\Commands\Server\rewrite.php(47): require_once('FCPATH\\index.php')
WARNING - 2024-01-25 20:20:46 --> [DEPRECATED] Creation of dynamic property App\Controllers\Simlab\PeminjamanController::$UserMahasiswa is deprecated in APPPATH\Controllers\Simlab\PeminjamanController.php on line 28.
 1 SYSTEMPATH\CodeIgniter.php(906): App\Controllers\Simlab\PeminjamanController->__construct()
 2 SYSTEMPATH\CodeIgniter.php(490): CodeIgniter\CodeIgniter->createController()
 3 SYSTEMPATH\CodeIgniter.php(368): CodeIgniter\CodeIgniter->handleRequest(null, Object(Config\Cache), false)
 4 FCPATH\index.php(67): CodeIgniter\CodeIgniter->run()
 5 SYSTEMPATH\Commands\Server\rewrite.php(47): require_once('FCPATH\\index.php')
WARNING - 2024-01-25 20:20:46 --> [DEPRECATED] Creation of dynamic property App\Controllers\Simlab\PeminjamanController::$UserStaff is deprecated in APPPATH\Controllers\Simlab\PeminjamanController.php on line 29.
 1 SYSTEMPATH\CodeIgniter.php(906): App\Controllers\Simlab\PeminjamanController->__construct()
 2 SYSTEMPATH\CodeIgniter.php(490): CodeIgniter\CodeIgniter->createController()
 3 SYSTEMPATH\CodeIgniter.php(368): CodeIgniter\CodeIgniter->handleRequest(null, Object(Config\Cache), false)
 4 FCPATH\index.php(67): CodeIgniter\CodeIgniter->run()
 5 SYSTEMPATH\Commands\Server\rewrite.php(47): require_once('FCPATH\\index.php')
WARNING - 2024-01-25 20:20:46 --> [DEPRECATED] Creation of dynamic property App\Controllers\Simlab\PeminjamanController::$group is deprecated in APPPATH\Controllers\Simlab\PeminjamanController.php on line 30.
 1 SYSTEMPATH\CodeIgniter.php(906): App\Controllers\Simlab\PeminjamanController->__construct()
 2 SYSTEMPATH\CodeIgniter.php(490): CodeIgniter\CodeIgniter->createController()
 3 SYSTEMPATH\CodeIgniter.php(368): CodeIgniter\CodeIgniter->handleRequest(null, Object(Config\Cache), false)
 4 FCPATH\index.php(67): CodeIgniter\CodeIgniter->run()
 5 SYSTEMPATH\Commands\Server\rewrite.php(47): require_once('FCPATH\\index.php')
WARNING - 2024-01-25 20:20:46 --> [DEPRECATED] Creation of dynamic property App\Controllers\Simlab\PeminjamanController::$pinjamalat is deprecated in APPPATH\Controllers\Simlab\PeminjamanController.php on line 31.
 1 SYSTEMPATH\CodeIgniter.php(906): App\Controllers\Simlab\PeminjamanController->__construct()
 2 SYSTEMPATH\CodeIgniter.php(490): CodeIgniter\CodeIgniter->createController()
 3 SYSTEMPATH\CodeIgniter.php(368): CodeIgniter\CodeIgniter->handleRequest(null, Object(Config\Cache), false)
 4 FCPATH\index.php(67): CodeIgniter\CodeIgniter->run()
 5 SYSTEMPATH\Commands\Server\rewrite.php(47): require_once('FCPATH\\index.php')
WARNING - 2024-01-25 20:20:46 --> [DEPRECATED] Creation of dynamic property App\Controllers\Simlab\PeminjamanController::$detailpinjamalat is deprecated in APPPATH\Controllers\Simlab\PeminjamanController.php on line 32.
 1 SYSTEMPATH\CodeIgniter.php(906): App\Controllers\Simlab\PeminjamanController->__construct()
 2 SYSTEMPATH\CodeIgniter.php(490): CodeIgniter\CodeIgniter->createController()
 3 SYSTEMPATH\CodeIgniter.php(368): CodeIgniter\CodeIgniter->handleRequest(null, Object(Config\Cache), false)
 4 FCPATH\index.php(67): CodeIgniter\CodeIgniter->run()
 5 SYSTEMPATH\Commands\Server\rewrite.php(47): require_once('FCPATH\\index.php')
WARNING - 2024-01-25 20:20:46 --> [DEPRECATED] Creation of dynamic property App\Controllers\Simlab\PeminjamanController::$pinjamruang is deprecated in APPPATH\Controllers\Simlab\PeminjamanController.php on line 33.
 1 SYSTEMPATH\CodeIgniter.php(906): App\Controllers\Simlab\PeminjamanController->__construct()
 2 SYSTEMPATH\CodeIgniter.php(490): CodeIgniter\CodeIgniter->createController()
 3 SYSTEMPATH\CodeIgniter.php(368): CodeIgniter\CodeIgniter->handleRequest(null, Object(Config\Cache), false)
 4 FCPATH\index.php(67): CodeIgniter\CodeIgniter->run()
 5 SYSTEMPATH\Commands\Server\rewrite.php(47): require_once('FCPATH\\index.php')
WARNING - 2024-01-25 20:20:46 --> [DEPRECATED] Creation of dynamic property App\Controllers\Simlab\PeminjamanController::$jadwal is deprecated in APPPATH\Controllers\Simlab\PeminjamanController.php on line 34.
 1 SYSTEMPATH\CodeIgniter.php(906): App\Controllers\Simlab\PeminjamanController->__construct()
 2 SYSTEMPATH\CodeIgniter.php(490): CodeIgniter\CodeIgniter->createController()
 3 SYSTEMPATH\CodeIgniter.php(368): CodeIgniter\CodeIgniter->handleRequest(null, Object(Config\Cache), false)
 4 FCPATH\index.php(67): CodeIgniter\CodeIgniter->run()
 5 SYSTEMPATH\Commands\Server\rewrite.php(47): require_once('FCPATH\\index.php')
WARNING - 2024-01-25 20:20:46 --> [DEPRECATED] Creation of dynamic property App\Controllers\Simlab\PeminjamanController::$session is deprecated in APPPATH\Controllers\Simlab\PeminjamanController.php on line 36.
 1 SYSTEMPATH\CodeIgniter.php(906): App\Controllers\Simlab\PeminjamanController->__construct()
 2 SYSTEMPATH\CodeIgniter.php(490): CodeIgniter\CodeIgniter->createController()
 3 SYSTEMPATH\CodeIgniter.php(368): CodeIgniter\CodeIgniter->handleRequest(null, Object(Config\Cache), false)
 4 FCPATH\index.php(67): CodeIgniter\CodeIgniter->run()
 5 SYSTEMPATH\Commands\Server\rewrite.php(47): require_once('FCPATH\\index.php')
WARNING - 2024-01-25 20:21:07 --> [DEPRECATED] Creation of dynamic property App\Controllers\Simlab\AlatLaboratoriumController::$alatlab is deprecated in APPPATH\Controllers\Simlab\AlatLaboratoriumController.php on line 16.
 1 SYSTEMPATH\CodeIgniter.php(906): App\Controllers\Simlab\AlatLaboratoriumController->__construct()
 2 SYSTEMPATH\CodeIgniter.php(490): CodeIgniter\CodeIgniter->createController()
 3 SYSTEMPATH\CodeIgniter.php(368): CodeIgniter\CodeIgniter->handleRequest(null, Object(Config\Cache), false)
 4 FCPATH\index.php(67): CodeIgniter\CodeIgniter->run()
 5 SYSTEMPATH\Commands\Server\rewrite.php(47): require_once('FCPATH\\index.php')
WARNING - 2024-01-25 20:21:07 --> [DEPRECATED] Creation of dynamic property App\Controllers\Simlab\AlatLaboratoriumController::$kategori is deprecated in APPPATH\Controllers\Simlab\AlatLaboratoriumController.php on line 17.
 1 SYSTEMPATH\CodeIgniter.php(906): App\Controllers\Simlab\AlatLaboratoriumController->__construct()
 2 SYSTEMPATH\CodeIgniter.php(490): CodeIgniter\CodeIgniter->createController()
 3 SYSTEMPATH\CodeIgniter.php(368): CodeIgniter\CodeIgniter->handleRequest(null, Object(Config\Cache), false)
 4 FCPATH\index.php(67): CodeIgniter\CodeIgniter->run()
 5 SYSTEMPATH\Commands\Server\rewrite.php(47): require_once('FCPATH\\index.php')
WARNING - 2024-01-25 20:21:07 --> [DEPRECATED] Creation of dynamic property App\Controllers\Simlab\AlatLaboratoriumController::$ruanglab is deprecated in APPPATH\Controllers\Simlab\AlatLaboratoriumController.php on line 18.
 1 SYSTEMPATH\CodeIgniter.php(906): App\Controllers\Simlab\AlatLaboratoriumController->__construct()
 2 SYSTEMPATH\CodeIgniter.php(490): CodeIgniter\CodeIgniter->createController()
 3 SYSTEMPATH\CodeIgniter.php(368): CodeIgniter\CodeIgniter->handleRequest(null, Object(Config\Cache), false)
 4 FCPATH\index.php(67): CodeIgniter\CodeIgniter->run()
 5 SYSTEMPATH\Commands\Server\rewrite.php(47): require_once('FCPATH\\index.php')
