INFO - 2023-03-16 00:08:34 --> Session: Class initialized using 'CodeIgniter\Session\Handlers\FileHandler' driver.
INFO - 2023-03-16 00:08:39 --> Session: Class initialized using 'CodeIgniter\Session\Handlers\FileHandler' driver.
INFO - 2023-03-16 00:08:57 --> Session: Class initialized using 'CodeIgniter\Session\Handlers\FileHandler' driver.
CRITICAL - 2023-03-16 00:08:57 --> Call to a member function getRandomName() on null
in APPPATH/Controllers/Kmm/ProposalController.php on line 174.
 1 SYSTEMPATH/CodeIgniter.php(934): App\Controllers\Kmm\ProposalController->update()
 2 SYSTEMPATH/CodeIgniter.php(499): CodeIgniter\CodeIgniter->runController()
 3 SYSTEMPATH/CodeIgniter.php(368): CodeIgniter\CodeIgniter->handleRequest()
 4 FCPATH/index.php(67): CodeIgniter\CodeIgniter->run()
INFO - 2023-03-16 00:10:43 --> Session: Class initialized using 'CodeIgniter\Session\Handlers\FileHandler' driver.
CRITICAL - 2023-03-16 00:10:43 --> Call to a member function getRandomName() on null
in APPPATH/Controllers/Kmm/ProposalController.php on line 174.
 1 SYSTEMPATH/CodeIgniter.php(934): App\Controllers\Kmm\ProposalController->update()
 2 SYSTEMPATH/CodeIgniter.php(499): CodeIgniter\CodeIgniter->runController()
 3 SYSTEMPATH/CodeIgniter.php(368): CodeIgniter\CodeIgniter->handleRequest()
 4 FCPATH/index.php(67): CodeIgniter\CodeIgniter->run()
INFO - 2023-03-16 00:13:06 --> Session: Class initialized using 'CodeIgniter\Session\Handlers\FileHandler' driver.
CRITICAL - 2023-03-16 00:13:09 --> Call to a member function getRandomName() on null
in APPPATH/Controllers/Kmm/ProposalController.php on line 175.
 1 SYSTEMPATH/CodeIgniter.php(934): App\Controllers\Kmm\ProposalController->update()
 2 SYSTEMPATH/CodeIgniter.php(499): CodeIgniter\CodeIgniter->runController()
 3 SYSTEMPATH/CodeIgniter.php(368): CodeIgniter\CodeIgniter->handleRequest()
 4 FCPATH/index.php(67): CodeIgniter\CodeIgniter->run()
INFO - 2023-03-16 00:14:08 --> Session: Class initialized using 'CodeIgniter\Session\Handlers\FileHandler' driver.
CRITICAL - 2023-03-16 00:14:08 --> Call to a member function getRandomName() on null
in APPPATH/Controllers/Kmm/ProposalController.php on line 138.
 1 SYSTEMPATH/CodeIgniter.php(934): App\Controllers\Kmm\ProposalController->update()
 2 SYSTEMPATH/CodeIgniter.php(499): CodeIgniter\CodeIgniter->runController()
 3 SYSTEMPATH/CodeIgniter.php(368): CodeIgniter\CodeIgniter->handleRequest()
 4 FCPATH/index.php(67): CodeIgniter\CodeIgniter->run()
INFO - 2023-03-16 00:14:58 --> Session: Class initialized using 'CodeIgniter\Session\Handlers\FileHandler' driver.
CRITICAL - 2023-03-16 00:14:58 --> Call to a member function getRandomName() on null
in APPPATH/Controllers/Kmm/ProposalController.php on line 138.
 1 SYSTEMPATH/CodeIgniter.php(934): App\Controllers\Kmm\ProposalController->update()
 2 SYSTEMPATH/CodeIgniter.php(499): CodeIgniter\CodeIgniter->runController()
 3 SYSTEMPATH/CodeIgniter.php(368): CodeIgniter\CodeIgniter->handleRequest()
 4 FCPATH/index.php(67): CodeIgniter\CodeIgniter->run()
INFO - 2023-03-16 00:15:52 --> Session: Class initialized using 'CodeIgniter\Session\Handlers\FileHandler' driver.
CRITICAL - 2023-03-16 00:15:52 --> Call to a member function move() on null
in APPPATH/Controllers/Kmm/ProposalController.php on line 174.
 1 SYSTEMPATH/CodeIgniter.php(934): App\Controllers\Kmm\ProposalController->update()
 2 SYSTEMPATH/CodeIgniter.php(499): CodeIgniter\CodeIgniter->runController()
 3 SYSTEMPATH/CodeIgniter.php(368): CodeIgniter\CodeIgniter->handleRequest()
 4 FCPATH/index.php(67): CodeIgniter\CodeIgniter->run()
INFO - 2023-03-16 00:16:08 --> Session: Class initialized using 'CodeIgniter\Session\Handlers\FileHandler' driver.
INFO - 2023-03-16 00:16:13 --> Session: Class initialized using 'CodeIgniter\Session\Handlers\FileHandler' driver.
INFO - 2023-03-16 00:16:17 --> Session: Class initialized using 'CodeIgniter\Session\Handlers\FileHandler' driver.
CRITICAL - 2023-03-16 00:16:17 --> Call to a member function move() on null
in APPPATH/Controllers/Kmm/ProposalController.php on line 174.
 1 SYSTEMPATH/CodeIgniter.php(934): App\Controllers\Kmm\ProposalController->update()
 2 SYSTEMPATH/CodeIgniter.php(499): CodeIgniter\CodeIgniter->runController()
 3 SYSTEMPATH/CodeIgniter.php(368): CodeIgniter\CodeIgniter->handleRequest()
 4 FCPATH/index.php(67): CodeIgniter\CodeIgniter->run()
INFO - 2023-03-16 00:16:36 --> Session: Class initialized using 'CodeIgniter\Session\Handlers\FileHandler' driver.
CRITICAL - 2023-03-16 00:16:37 --> Call to a member function move() on null
in APPPATH/Controllers/Kmm/ProposalController.php on line 174.
 1 SYSTEMPATH/CodeIgniter.php(934): App\Controllers\Kmm\ProposalController->update()
 2 SYSTEMPATH/CodeIgniter.php(499): CodeIgniter\CodeIgniter->runController()
 3 SYSTEMPATH/CodeIgniter.php(368): CodeIgniter\CodeIgniter->handleRequest()
 4 FCPATH/index.php(67): CodeIgniter\CodeIgniter->run()
INFO - 2023-03-16 00:16:56 --> Session: Class initialized using 'CodeIgniter\Session\Handlers\FileHandler' driver.
CRITICAL - 2023-03-16 00:16:56 --> Call to a member function hasMoved() on null
in APPPATH/Controllers/Kmm/ProposalController.php on line 174.
 1 SYSTEMPATH/CodeIgniter.php(934): App\Controllers\Kmm\ProposalController->update()
 2 SYSTEMPATH/CodeIgniter.php(499): CodeIgniter\CodeIgniter->runController()
 3 SYSTEMPATH/CodeIgniter.php(368): CodeIgniter\CodeIgniter->handleRequest()
 4 FCPATH/index.php(67): CodeIgniter\CodeIgniter->run()
INFO - 2023-03-16 00:18:26 --> Session: Class initialized using 'CodeIgniter\Session\Handlers\FileHandler' driver.
CRITICAL - 2023-03-16 00:18:28 --> Call to a member function getRandomName() on null
in APPPATH/Controllers/Kmm/ProposalController.php on line 174.
 1 SYSTEMPATH/CodeIgniter.php(934): App\Controllers\Kmm\ProposalController->update()
 2 SYSTEMPATH/CodeIgniter.php(499): CodeIgniter\CodeIgniter->runController()
 3 SYSTEMPATH/CodeIgniter.php(368): CodeIgniter\CodeIgniter->handleRequest()
 4 FCPATH/index.php(67): CodeIgniter\CodeIgniter->run()
INFO - 2023-03-16 00:22:50 --> Session: Class initialized using 'CodeIgniter\Session\Handlers\FileHandler' driver.
CRITICAL - 2023-03-16 00:22:52 --> Call to a member function getRandomName() on null
in APPPATH/Controllers/Kmm/ProposalController.php on line 174.
 1 SYSTEMPATH/CodeIgniter.php(934): App\Controllers\Kmm\ProposalController->update()
 2 SYSTEMPATH/CodeIgniter.php(499): CodeIgniter\CodeIgniter->runController()
 3 SYSTEMPATH/CodeIgniter.php(368): CodeIgniter\CodeIgniter->handleRequest()
 4 FCPATH/index.php(67): CodeIgniter\CodeIgniter->run()
INFO - 2023-03-16 00:22:54 --> Session: Class initialized using 'CodeIgniter\Session\Handlers\FileHandler' driver.
INFO - 2023-03-16 00:23:02 --> Session: Class initialized using 'CodeIgniter\Session\Handlers\FileHandler' driver.
CRITICAL - 2023-03-16 00:23:02 --> The original file is not a valid file.
in SYSTEMPATH/HTTP/Files/UploadedFile.php on line 137.
 1 SYSTEMPATH/HTTP/Files/UploadedFile.php(137): CodeIgniter\HTTP\Exceptions\HTTPException::forInvalidFile()
 2 APPPATH/Controllers/Kmm/ProposalController.php(175): CodeIgniter\HTTP\Files\UploadedFile->move()
 3 SYSTEMPATH/CodeIgniter.php(934): App\Controllers\Kmm\ProposalController->update()
 4 SYSTEMPATH/CodeIgniter.php(499): CodeIgniter\CodeIgniter->runController()
 5 SYSTEMPATH/CodeIgniter.php(368): CodeIgniter\CodeIgniter->handleRequest()
 6 FCPATH/index.php(67): CodeIgniter\CodeIgniter->run()
INFO - 2023-03-16 00:23:15 --> Session: Class initialized using 'CodeIgniter\Session\Handlers\FileHandler' driver.
INFO - 2023-03-16 00:23:17 --> Session: Class initialized using 'CodeIgniter\Session\Handlers\FileHandler' driver.
INFO - 2023-03-16 00:23:20 --> Session: Class initialized using 'CodeIgniter\Session\Handlers\FileHandler' driver.
INFO - 2023-03-16 00:23:25 --> Session: Class initialized using 'CodeIgniter\Session\Handlers\FileHandler' driver.
INFO - 2023-03-16 00:23:29 --> Session: Class initialized using 'CodeIgniter\Session\Handlers\FileHandler' driver.
CRITICAL - 2023-03-16 00:23:31 --> The original file is not a valid file.
in SYSTEMPATH/HTTP/Files/UploadedFile.php on line 137.
 1 SYSTEMPATH/HTTP/Files/UploadedFile.php(137): CodeIgniter\HTTP\Exceptions\HTTPException::forInvalidFile()
 2 APPPATH/Controllers/Kmm/ProposalController.php(175): CodeIgniter\HTTP\Files\UploadedFile->move()
 3 SYSTEMPATH/CodeIgniter.php(934): App\Controllers\Kmm\ProposalController->update()
 4 SYSTEMPATH/CodeIgniter.php(499): CodeIgniter\CodeIgniter->runController()
 5 SYSTEMPATH/CodeIgniter.php(368): CodeIgniter\CodeIgniter->handleRequest()
 6 FCPATH/index.php(67): CodeIgniter\CodeIgniter->run()
INFO - 2023-03-16 00:25:43 --> Session: Class initialized using 'CodeIgniter\Session\Handlers\FileHandler' driver.
INFO - 2023-03-16 00:25:45 --> Session: Class initialized using 'CodeIgniter\Session\Handlers\FileHandler' driver.
INFO - 2023-03-16 00:25:54 --> Session: Class initialized using 'CodeIgniter\Session\Handlers\FileHandler' driver.
INFO - 2023-03-16 00:26:09 --> Session: Class initialized using 'CodeIgniter\Session\Handlers\FileHandler' driver.
INFO - 2023-03-16 00:26:09 --> Session: Class initialized using 'CodeIgniter\Session\Handlers\FileHandler' driver.
INFO - 2023-03-16 00:26:17 --> Session: Class initialized using 'CodeIgniter\Session\Handlers\FileHandler' driver.
CRITICAL - 2023-03-16 00:26:17 --> File not found: "kmm_assets/proposal-awal/1678921026_6f8b3b17149a8dffbc69.pdf"
in SYSTEMPATH/Files/File.php on line 47.
 1 SYSTEMPATH/Files/File.php(47): CodeIgniter\Files\Exceptions\FileNotFoundException::forFileNotFound()
 2 SYSTEMPATH/HTTP/DownloadResponse.php(97): CodeIgniter\Files\File->__construct()
 3 SYSTEMPATH/HTTP/ResponseTrait.php(794): CodeIgniter\HTTP\DownloadResponse->setFilePath()
 4 APPPATH/Controllers/Kmm/ProposalController.php(217): CodeIgniter\HTTP\Response->download()
 5 SYSTEMPATH/CodeIgniter.php(934): App\Controllers\Kmm\ProposalController->download_proposal()
 6 SYSTEMPATH/CodeIgniter.php(499): CodeIgniter\CodeIgniter->runController()
 7 SYSTEMPATH/CodeIgniter.php(368): CodeIgniter\CodeIgniter->handleRequest()
 8 FCPATH/index.php(67): CodeIgniter\CodeIgniter->run()
INFO - 2023-03-16 00:27:14 --> Session: Class initialized using 'CodeIgniter\Session\Handlers\FileHandler' driver.
INFO - 2023-03-16 00:27:18 --> Session: Class initialized using 'CodeIgniter\Session\Handlers\FileHandler' driver.
INFO - 2023-03-16 00:27:29 --> Session: Class initialized using 'CodeIgniter\Session\Handlers\FileHandler' driver.
INFO - 2023-03-16 00:27:30 --> Session: Class initialized using 'CodeIgniter\Session\Handlers\FileHandler' driver.
INFO - 2023-03-16 00:27:34 --> Session: Class initialized using 'CodeIgniter\Session\Handlers\FileHandler' driver.
CRITICAL - 2023-03-16 00:27:34 --> File not found: "kmm_assets/proposal-awal/1678921026_6f8b3b17149a8dffbc69.pdf"
in SYSTEMPATH/Files/File.php on line 47.
 1 SYSTEMPATH/Files/File.php(47): CodeIgniter\Files\Exceptions\FileNotFoundException::forFileNotFound()
 2 SYSTEMPATH/HTTP/DownloadResponse.php(97): CodeIgniter\Files\File->__construct()
 3 SYSTEMPATH/HTTP/ResponseTrait.php(794): CodeIgniter\HTTP\DownloadResponse->setFilePath()
 4 APPPATH/Controllers/Kmm/ProposalController.php(217): CodeIgniter\HTTP\Response->download()
 5 SYSTEMPATH/CodeIgniter.php(934): App\Controllers\Kmm\ProposalController->download_proposal()
 6 SYSTEMPATH/CodeIgniter.php(499): CodeIgniter\CodeIgniter->runController()
 7 SYSTEMPATH/CodeIgniter.php(368): CodeIgniter\CodeIgniter->handleRequest()
 8 FCPATH/index.php(67): CodeIgniter\CodeIgniter->run()
INFO - 2023-03-16 00:27:38 --> Session: Class initialized using 'CodeIgniter\Session\Handlers\FileHandler' driver.
INFO - 2023-03-16 00:28:49 --> Session: Class initialized using 'CodeIgniter\Session\Handlers\FileHandler' driver.
INFO - 2023-03-16 00:29:04 --> Session: Class initialized using 'CodeIgniter\Session\Handlers\FileHandler' driver.
INFO - 2023-03-16 00:29:08 --> Session: Class initialized using 'CodeIgniter\Session\Handlers\FileHandler' driver.
INFO - 2023-03-16 00:29:12 --> Session: Class initialized using 'CodeIgniter\Session\Handlers\FileHandler' driver.
INFO - 2023-03-16 00:29:27 --> Session: Class initialized using 'CodeIgniter\Session\Handlers\FileHandler' driver.
INFO - 2023-03-16 00:29:28 --> Session: Class initialized using 'CodeIgniter\Session\Handlers\FileHandler' driver.
INFO - 2023-03-16 00:29:33 --> Session: Class initialized using 'CodeIgniter\Session\Handlers\FileHandler' driver.
INFO - 2023-03-16 00:30:34 --> Session: Class initialized using 'CodeIgniter\Session\Handlers\FileHandler' driver.
INFO - 2023-03-16 00:30:41 --> Session: Class initialized using 'CodeIgniter\Session\Handlers\FileHandler' driver.
INFO - 2023-03-16 00:30:49 --> Session: Class initialized using 'CodeIgniter\Session\Handlers\FileHandler' driver.
CRITICAL - 2023-03-16 00:30:50 --> The original file is not a valid file.
in SYSTEMPATH/HTTP/Files/UploadedFile.php on line 137.
 1 SYSTEMPATH/HTTP/Files/UploadedFile.php(137): CodeIgniter\HTTP\Exceptions\HTTPException::forInvalidFile()
 2 APPPATH/Controllers/Kmm/ProposalController.php(190): CodeIgniter\HTTP\Files\UploadedFile->move()
 3 SYSTEMPATH/CodeIgniter.php(934): App\Controllers\Kmm\ProposalController->update()
 4 SYSTEMPATH/CodeIgniter.php(499): CodeIgniter\CodeIgniter->runController()
 5 SYSTEMPATH/CodeIgniter.php(368): CodeIgniter\CodeIgniter->handleRequest()
 6 FCPATH/index.php(67): CodeIgniter\CodeIgniter->run()
INFO - 2023-03-16 00:31:22 --> Session: Class initialized using 'CodeIgniter\Session\Handlers\FileHandler' driver.
INFO - 2023-03-16 00:31:27 --> Session: Class initialized using 'CodeIgniter\Session\Handlers\FileHandler' driver.
CRITICAL - 2023-03-16 00:31:27 --> The original file is not a valid file.
in SYSTEMPATH/HTTP/Files/UploadedFile.php on line 137.
 1 SYSTEMPATH/HTTP/Files/UploadedFile.php(137): CodeIgniter\HTTP\Exceptions\HTTPException::forInvalidFile()
 2 APPPATH/Controllers/Kmm/ProposalController.php(190): CodeIgniter\HTTP\Files\UploadedFile->move()
 3 SYSTEMPATH/CodeIgniter.php(934): App\Controllers\Kmm\ProposalController->update()
 4 SYSTEMPATH/CodeIgniter.php(499): CodeIgniter\CodeIgniter->runController()
 5 SYSTEMPATH/CodeIgniter.php(368): CodeIgniter\CodeIgniter->handleRequest()
 6 FCPATH/index.php(67): CodeIgniter\CodeIgniter->run()
INFO - 2023-03-16 00:31:34 --> Session: Class initialized using 'CodeIgniter\Session\Handlers\FileHandler' driver.
INFO - 2023-03-16 00:31:36 --> Session: Class initialized using 'CodeIgniter\Session\Handlers\FileHandler' driver.
INFO - 2023-03-16 00:31:38 --> Session: Class initialized using 'CodeIgniter\Session\Handlers\FileHandler' driver.
INFO - 2023-03-16 00:31:43 --> Session: Class initialized using 'CodeIgniter\Session\Handlers\FileHandler' driver.
INFO - 2023-03-16 00:31:51 --> Session: Class initialized using 'CodeIgniter\Session\Handlers\FileHandler' driver.
INFO - 2023-03-16 00:31:56 --> Session: Class initialized using 'CodeIgniter\Session\Handlers\FileHandler' driver.
CRITICAL - 2023-03-16 00:31:56 --> The original file is not a valid file.
in SYSTEMPATH/HTTP/Files/UploadedFile.php on line 137.
 1 SYSTEMPATH/HTTP/Files/UploadedFile.php(137): CodeIgniter\HTTP\Exceptions\HTTPException::forInvalidFile()
 2 APPPATH/Controllers/Kmm/ProposalController.php(190): CodeIgniter\HTTP\Files\UploadedFile->move()
 3 SYSTEMPATH/CodeIgniter.php(934): App\Controllers\Kmm\ProposalController->update()
 4 SYSTEMPATH/CodeIgniter.php(499): CodeIgniter\CodeIgniter->runController()
 5 SYSTEMPATH/CodeIgniter.php(368): CodeIgniter\CodeIgniter->handleRequest()
 6 FCPATH/index.php(67): CodeIgniter\CodeIgniter->run()
INFO - 2023-03-16 00:33:04 --> Session: Class initialized using 'CodeIgniter\Session\Handlers\FileHandler' driver.
INFO - 2023-03-16 00:33:08 --> Session: Class initialized using 'CodeIgniter\Session\Handlers\FileHandler' driver.
CRITICAL - 2023-03-16 00:33:08 --> The original file is not a valid file.
in SYSTEMPATH/HTTP/Files/UploadedFile.php on line 137.
 1 SYSTEMPATH/HTTP/Files/UploadedFile.php(137): CodeIgniter\HTTP\Exceptions\HTTPException::forInvalidFile()
 2 APPPATH/Controllers/Kmm/ProposalController.php(190): CodeIgniter\HTTP\Files\UploadedFile->move()
 3 SYSTEMPATH/CodeIgniter.php(934): App\Controllers\Kmm\ProposalController->update()
 4 SYSTEMPATH/CodeIgniter.php(499): CodeIgniter\CodeIgniter->runController()
 5 SYSTEMPATH/CodeIgniter.php(368): CodeIgniter\CodeIgniter->handleRequest()
 6 FCPATH/index.php(67): CodeIgniter\CodeIgniter->run()
INFO - 2023-03-16 00:33:20 --> Session: Class initialized using 'CodeIgniter\Session\Handlers\FileHandler' driver.
INFO - 2023-03-16 00:33:26 --> Session: Class initialized using 'CodeIgniter\Session\Handlers\FileHandler' driver.
INFO - 2023-03-16 00:33:29 --> Session: Class initialized using 'CodeIgniter\Session\Handlers\FileHandler' driver.
INFO - 2023-03-16 00:33:51 --> Session: Class initialized using 'CodeIgniter\Session\Handlers\FileHandler' driver.
CRITICAL - 2023-03-16 00:33:51 --> File not found: "kmm_assets/proposal-awal/1678921026_6f8b3b17149a8dffbc69.pdf"
in SYSTEMPATH/Files/File.php on line 47.
 1 SYSTEMPATH/Files/File.php(47): CodeIgniter\Files\Exceptions\FileNotFoundException::forFileNotFound()
 2 SYSTEMPATH/HTTP/DownloadResponse.php(97): CodeIgniter\Files\File->__construct()
 3 SYSTEMPATH/HTTP/ResponseTrait.php(794): CodeIgniter\HTTP\DownloadResponse->setFilePath()
 4 APPPATH/Controllers/Kmm/ProposalController.php(217): CodeIgniter\HTTP\Response->download()
 5 SYSTEMPATH/CodeIgniter.php(934): App\Controllers\Kmm\ProposalController->download_proposal()
 6 SYSTEMPATH/CodeIgniter.php(499): CodeIgniter\CodeIgniter->runController()
 7 SYSTEMPATH/CodeIgniter.php(368): CodeIgniter\CodeIgniter->handleRequest()
 8 FCPATH/index.php(67): CodeIgniter\CodeIgniter->run()
INFO - 2023-03-16 00:33:54 --> Session: Class initialized using 'CodeIgniter\Session\Handlers\FileHandler' driver.
INFO - 2023-03-16 00:34:01 --> Session: Class initialized using 'CodeIgniter\Session\Handlers\FileHandler' driver.
INFO - 2023-03-16 00:34:14 --> Session: Class initialized using 'CodeIgniter\Session\Handlers\FileHandler' driver.
INFO - 2023-03-16 00:34:15 --> Session: Class initialized using 'CodeIgniter\Session\Handlers\FileHandler' driver.
INFO - 2023-03-16 00:34:18 --> Session: Class initialized using 'CodeIgniter\Session\Handlers\FileHandler' driver.
INFO - 2023-03-16 00:34:31 --> Session: Class initialized using 'CodeIgniter\Session\Handlers\FileHandler' driver.
INFO - 2023-03-16 00:34:39 --> Session: Class initialized using 'CodeIgniter\Session\Handlers\FileHandler' driver.
CRITICAL - 2023-03-16 00:34:45 --> The original file is not a valid file.
in SYSTEMPATH/HTTP/Files/UploadedFile.php on line 137.
 1 SYSTEMPATH/HTTP/Files/UploadedFile.php(137): CodeIgniter\HTTP\Exceptions\HTTPException::forInvalidFile()
 2 APPPATH/Controllers/Kmm/ProposalController.php(190): CodeIgniter\HTTP\Files\UploadedFile->move()
 3 SYSTEMPATH/CodeIgniter.php(934): App\Controllers\Kmm\ProposalController->update()
 4 SYSTEMPATH/CodeIgniter.php(499): CodeIgniter\CodeIgniter->runController()
 5 SYSTEMPATH/CodeIgniter.php(368): CodeIgniter\CodeIgniter->handleRequest()
 6 FCPATH/index.php(67): CodeIgniter\CodeIgniter->run()
INFO - 2023-03-16 00:35:15 --> Session: Class initialized using 'CodeIgniter\Session\Handlers\FileHandler' driver.
INFO - 2023-03-16 00:36:17 --> Session: Class initialized using 'CodeIgniter\Session\Handlers\FileHandler' driver.
INFO - 2023-03-16 00:36:19 --> Session: Class initialized using 'CodeIgniter\Session\Handlers\FileHandler' driver.
INFO - 2023-03-16 00:36:25 --> Session: Class initialized using 'CodeIgniter\Session\Handlers\FileHandler' driver.
CRITICAL - 2023-03-16 00:36:25 --> Attempt to read property "proposal_awal" on null
in APPPATH/Controllers/Kmm/ProposalController.php on line 209.
 1 APPPATH/Controllers/Kmm/ProposalController.php(209): CodeIgniter\Debug\Exceptions->errorHandler()
 2 SYSTEMPATH/CodeIgniter.php(934): App\Controllers\Kmm\ProposalController->delete()
 3 SYSTEMPATH/CodeIgniter.php(499): CodeIgniter\CodeIgniter->runController()
 4 SYSTEMPATH/CodeIgniter.php(368): CodeIgniter\CodeIgniter->handleRequest()
 5 FCPATH/index.php(67): CodeIgniter\CodeIgniter->run()
INFO - 2023-03-16 00:40:13 --> Session: Class initialized using 'CodeIgniter\Session\Handlers\FileHandler' driver.
CRITICAL - 2023-03-16 00:40:14 --> Attempt to read property "proposal_awal" on null
in APPPATH/Controllers/Kmm/ProposalController.php on line 208.
 1 APPPATH/Controllers/Kmm/ProposalController.php(208): CodeIgniter\Debug\Exceptions->errorHandler()
 2 SYSTEMPATH/CodeIgniter.php(934): App\Controllers\Kmm\ProposalController->delete()
 3 SYSTEMPATH/CodeIgniter.php(499): CodeIgniter\CodeIgniter->runController()
 4 SYSTEMPATH/CodeIgniter.php(368): CodeIgniter\CodeIgniter->handleRequest()
 5 FCPATH/index.php(67): CodeIgniter\CodeIgniter->run()
INFO - 2023-03-16 00:40:57 --> Session: Class initialized using 'CodeIgniter\Session\Handlers\FileHandler' driver.
INFO - 2023-03-16 00:41:00 --> Session: Class initialized using 'CodeIgniter\Session\Handlers\FileHandler' driver.
INFO - 2023-03-16 00:41:18 --> Session: Class initialized using 'CodeIgniter\Session\Handlers\FileHandler' driver.
INFO - 2023-03-16 00:41:20 --> Session: Class initialized using 'CodeIgniter\Session\Handlers\FileHandler' driver.
INFO - 2023-03-16 00:41:23 --> Session: Class initialized using 'CodeIgniter\Session\Handlers\FileHandler' driver.
INFO - 2023-03-16 00:41:50 --> Session: Class initialized using 'CodeIgniter\Session\Handlers\FileHandler' driver.
INFO - 2023-03-16 00:41:50 --> Session: Class initialized using 'CodeIgniter\Session\Handlers\FileHandler' driver.
INFO - 2023-03-16 00:42:02 --> Session: Class initialized using 'CodeIgniter\Session\Handlers\FileHandler' driver.
INFO - 2023-03-16 00:42:03 --> Session: Class initialized using 'CodeIgniter\Session\Handlers\FileHandler' driver.
INFO - 2023-03-16 00:42:24 --> Session: Class initialized using 'CodeIgniter\Session\Handlers\FileHandler' driver.
INFO - 2023-03-16 00:42:45 --> Session: Class initialized using 'CodeIgniter\Session\Handlers\FileHandler' driver.
INFO - 2023-03-16 00:42:48 --> Session: Class initialized using 'CodeIgniter\Session\Handlers\FileHandler' driver.
INFO - 2023-03-16 00:48:37 --> Session: Class initialized using 'CodeIgniter\Session\Handlers\FileHandler' driver.
INFO - 2023-03-16 00:49:36 --> Session: Class initialized using 'CodeIgniter\Session\Handlers\FileHandler' driver.
CRITICAL - 2023-03-16 00:49:36 --> The original file is not a valid file.
in SYSTEMPATH/HTTP/Files/UploadedFile.php on line 137.
 1 SYSTEMPATH/HTTP/Files/UploadedFile.php(137): CodeIgniter\HTTP\Exceptions\HTTPException::forInvalidFile()
 2 APPPATH/Controllers/Kmm/ProposalController.php(190): CodeIgniter\HTTP\Files\UploadedFile->move()
 3 SYSTEMPATH/CodeIgniter.php(934): App\Controllers\Kmm\ProposalController->update()
 4 SYSTEMPATH/CodeIgniter.php(499): CodeIgniter\CodeIgniter->runController()
 5 SYSTEMPATH/CodeIgniter.php(368): CodeIgniter\CodeIgniter->handleRequest()
 6 FCPATH/index.php(67): CodeIgniter\CodeIgniter->run()
INFO - 2023-03-16 00:49:40 --> Session: Class initialized using 'CodeIgniter\Session\Handlers\FileHandler' driver.
INFO - 2023-03-16 00:49:43 --> Session: Class initialized using 'CodeIgniter\Session\Handlers\FileHandler' driver.
INFO - 2023-03-16 00:49:54 --> Session: Class initialized using 'CodeIgniter\Session\Handlers\FileHandler' driver.
INFO - 2023-03-16 00:50:17 --> Session: Class initialized using 'CodeIgniter\Session\Handlers\FileHandler' driver.
INFO - 2023-03-16 00:50:18 --> Session: Class initialized using 'CodeIgniter\Session\Handlers\FileHandler' driver.
INFO - 2023-03-16 00:51:56 --> Session: Class initialized using 'CodeIgniter\Session\Handlers\FileHandler' driver.
CRITICAL - 2023-03-16 00:51:57 --> Undefined property: stdClass::$status
in APPPATH/Views/kmm/pengajuan_proposal/index.php on line 65.
 1 APPPATH/Views/kmm/pengajuan_proposal/index.php(65): CodeIgniter\Debug\Exceptions->errorHandler()
 2 SYSTEMPATH/View/View.php(213): include('APPPATH/Views/kmm/pengajuan_proposal/index.php')
 3 SYSTEMPATH/View/View.php(216): CodeIgniter\View\View->CodeIgniter\View\{closure}()
 4 SYSTEMPATH/Common.php(1177): CodeIgniter\View\View->render()
 5 APPPATH/Controllers/Kmm/ProposalController.php(34): view()
 6 SYSTEMPATH/CodeIgniter.php(934): App\Controllers\Kmm\ProposalController->index()
 7 SYSTEMPATH/CodeIgniter.php(499): CodeIgniter\CodeIgniter->runController()
 8 SYSTEMPATH/CodeIgniter.php(368): CodeIgniter\CodeIgniter->handleRequest()
 9 FCPATH/index.php(67): CodeIgniter\CodeIgniter->run()
INFO - 2023-03-16 00:52:24 --> Session: Class initialized using 'CodeIgniter\Session\Handlers\FileHandler' driver.
INFO - 2023-03-16 00:52:38 --> Session: Class initialized using 'CodeIgniter\Session\Handlers\FileHandler' driver.
INFO - 2023-03-16 00:57:10 --> Session: Class initialized using 'CodeIgniter\Session\Handlers\FileHandler' driver.
INFO - 2023-03-16 00:57:36 --> Session: Class initialized using 'CodeIgniter\Session\Handlers\FileHandler' driver.
INFO - 2023-03-16 00:58:04 --> Session: Class initialized using 'CodeIgniter\Session\Handlers\FileHandler' driver.
INFO - 2023-03-16 01:00:25 --> Session: Class initialized using 'CodeIgniter\Session\Handlers\FileHandler' driver.
INFO - 2023-03-16 01:00:31 --> Session: Class initialized using 'CodeIgniter\Session\Handlers\FileHandler' driver.
INFO - 2023-03-16 01:00:54 --> Session: Class initialized using 'CodeIgniter\Session\Handlers\FileHandler' driver.
INFO - 2023-03-16 01:00:55 --> Session: Class initialized using 'CodeIgniter\Session\Handlers\FileHandler' driver.
INFO - 2023-03-16 01:01:04 --> Session: Class initialized using 'CodeIgniter\Session\Handlers\FileHandler' driver.
INFO - 2023-03-16 01:10:03 --> Session: Class initialized using 'CodeIgniter\Session\Handlers\FileHandler' driver.
INFO - 2023-03-16 01:10:04 --> Session: Class initialized using 'CodeIgniter\Session\Handlers\FileHandler' driver.
INFO - 2023-03-16 01:15:59 --> Session: Class initialized using 'CodeIgniter\Session\Handlers\FileHandler' driver.
INFO - 2023-03-16 01:16:08 --> Session: Class initialized using 'CodeIgniter\Session\Handlers\FileHandler' driver.
INFO - 2023-03-16 02:23:28 --> Session: Class initialized using 'CodeIgniter\Session\Handlers\FileHandler' driver.
INFO - 2023-03-16 03:35:26 --> Session: Class initialized using 'CodeIgniter\Session\Handlers\FileHandler' driver.
INFO - 2023-03-16 07:50:15 --> Session: Class initialized using 'CodeIgniter\Session\Handlers\FileHandler' driver.
INFO - 2023-03-16 07:50:17 --> Session: Class initialized using 'CodeIgniter\Session\Handlers\FileHandler' driver.
INFO - 2023-03-16 07:50:23 --> Session: Class initialized using 'CodeIgniter\Session\Handlers\FileHandler' driver.
INFO - 2023-03-16 07:50:35 --> Session: Class initialized using 'CodeIgniter\Session\Handlers\FileHandler' driver.
INFO - 2023-03-16 07:50:38 --> Session: Class initialized using 'CodeIgniter\Session\Handlers\FileHandler' driver.
INFO - 2023-03-16 07:51:02 --> Session: Class initialized using 'CodeIgniter\Session\Handlers\FileHandler' driver.
INFO - 2023-03-16 08:01:31 --> Session: Class initialized using 'CodeIgniter\Session\Handlers\FileHandler' driver.
CRITICAL - 2023-03-16 08:01:31 --> syntax error, unexpected identifier "fe"
in APPPATH/Views/kmm/kmm_partial/dashboard/side_menu.php on line 35.
 1 SYSTEMPATH/View/View.php(216): CodeIgniter\View\View->CodeIgniter\View\{closure}()
 2 SYSTEMPATH/View/View.php(431): CodeIgniter\View\View->render()
 3 APPPATH/Views/kmm/kmm_dashboard.php(3): CodeIgniter\View\View->include()
 4 SYSTEMPATH/View/View.php(213): include('APPPATH/Views/kmm/kmm_dashboard.php')
 5 SYSTEMPATH/View/View.php(216): CodeIgniter\View\View->CodeIgniter\View\{closure}()
 6 SYSTEMPATH/Common.php(1177): CodeIgniter\View\View->render()
 7 APPPATH/Controllers/DashboardController.php(51): view()
 8 SYSTEMPATH/CodeIgniter.php(934): App\Controllers\DashboardController->simkmm()
 9 SYSTEMPATH/CodeIgniter.php(499): CodeIgniter\CodeIgniter->runController()
10 SYSTEMPATH/CodeIgniter.php(368): CodeIgniter\CodeIgniter->handleRequest()
11 FCPATH/index.php(67): CodeIgniter\CodeIgniter->run()
INFO - 2023-03-16 08:02:10 --> Session: Class initialized using 'CodeIgniter\Session\Handlers\FileHandler' driver.
INFO - 2023-03-16 08:02:39 --> Session: Class initialized using 'CodeIgniter\Session\Handlers\FileHandler' driver.
INFO - 2023-03-16 08:02:42 --> Session: Class initialized using 'CodeIgniter\Session\Handlers\FileHandler' driver.
CRITICAL - 2023-03-16 08:02:42 --> Invalid file: "kmm/kmm-partial/layout.php"
in SYSTEMPATH/Exceptions/FrameworkException.php on line 33.
 1 SYSTEMPATH/View/View.php(201): CodeIgniter\Exceptions\FrameworkException::forInvalidFile()
 2 SYSTEMPATH/View/View.php(229): CodeIgniter\View\View->render()
 3 SYSTEMPATH/Common.php(1177): CodeIgniter\View\View->render()
 4 APPPATH/Controllers/Kmm/KMMController.php(31): view()
 5 SYSTEMPATH/CodeIgniter.php(934): App\Controllers\Kmm\KMMController->index()
 6 SYSTEMPATH/CodeIgniter.php(499): CodeIgniter\CodeIgniter->runController()
 7 SYSTEMPATH/CodeIgniter.php(368): CodeIgniter\CodeIgniter->handleRequest()
 8 FCPATH/index.php(67): CodeIgniter\CodeIgniter->run()
INFO - 2023-03-16 08:03:15 --> Session: Class initialized using 'CodeIgniter\Session\Handlers\FileHandler' driver.
CRITICAL - 2023-03-16 08:03:16 --> Invalid file: "kmm/kmm-partial/dashboard/layout.php"
in SYSTEMPATH/Exceptions/FrameworkException.php on line 33.
 1 SYSTEMPATH/View/View.php(201): CodeIgniter\Exceptions\FrameworkException::forInvalidFile()
 2 SYSTEMPATH/View/View.php(229): CodeIgniter\View\View->render()
 3 SYSTEMPATH/Common.php(1177): CodeIgniter\View\View->render()
 4 APPPATH/Controllers/Kmm/KMMController.php(31): view()
 5 SYSTEMPATH/CodeIgniter.php(934): App\Controllers\Kmm\KMMController->index()
 6 SYSTEMPATH/CodeIgniter.php(499): CodeIgniter\CodeIgniter->runController()
 7 SYSTEMPATH/CodeIgniter.php(368): CodeIgniter\CodeIgniter->handleRequest()
 8 FCPATH/index.php(67): CodeIgniter\CodeIgniter->run()
INFO - 2023-03-16 08:04:16 --> Session: Class initialized using 'CodeIgniter\Session\Handlers\FileHandler' driver.
CRITICAL - 2023-03-16 08:04:16 --> Invalid file: "kmm/kmm_partial/dashboard/layout.php"
in SYSTEMPATH/Exceptions/FrameworkException.php on line 33.
 1 SYSTEMPATH/View/View.php(201): CodeIgniter\Exceptions\FrameworkException::forInvalidFile()
 2 SYSTEMPATH/View/View.php(229): CodeIgniter\View\View->render()
 3 SYSTEMPATH/Common.php(1177): CodeIgniter\View\View->render()
 4 APPPATH/Controllers/Kmm/KMMController.php(31): view()
 5 SYSTEMPATH/CodeIgniter.php(934): App\Controllers\Kmm\KMMController->index()
 6 SYSTEMPATH/CodeIgniter.php(499): CodeIgniter\CodeIgniter->runController()
 7 SYSTEMPATH/CodeIgniter.php(368): CodeIgniter\CodeIgniter->handleRequest()
 8 FCPATH/index.php(67): CodeIgniter\CodeIgniter->run()
INFO - 2023-03-16 08:04:45 --> Session: Class initialized using 'CodeIgniter\Session\Handlers\FileHandler' driver.
INFO - 2023-03-16 08:44:36 --> Session: Class initialized using 'CodeIgniter\Session\Handlers\FileHandler' driver.
INFO - 2023-03-16 08:44:36 --> Session: Class initialized using 'CodeIgniter\Session\Handlers\FileHandler' driver.
INFO - 2023-03-16 08:44:44 --> Session: Class initialized using 'CodeIgniter\Session\Handlers\FileHandler' driver.
INFO - 2023-03-16 08:44:49 --> Session: Class initialized using 'CodeIgniter\Session\Handlers\FileHandler' driver.
INFO - 2023-03-16 08:44:52 --> Session: Class initialized using 'CodeIgniter\Session\Handlers\FileHandler' driver.
INFO - 2023-03-16 08:45:00 --> Session: Class initialized using 'CodeIgniter\Session\Handlers\FileHandler' driver.
INFO - 2023-03-16 08:45:15 --> Session: Class initialized using 'CodeIgniter\Session\Handlers\FileHandler' driver.
INFO - 2023-03-16 08:59:55 --> Session: Class initialized using 'CodeIgniter\Session\Handlers\FileHandler' driver.
ERROR - 2023-03-16 09:00:06 --> Error connecting to the database: mysqli_sql_exception: Connection timed out in /home/d3ti.myfin.id/ci4_core/vendor/codeigniter4/framework/system/Database/MySQLi/Connection.php:174
Stack trace:
#0 /home/d3ti.myfin.id/ci4_core/vendor/codeigniter4/framework/system/Database/MySQLi/Connection.php(174): mysqli->real_connect()
#1 /home/d3ti.myfin.id/ci4_core/vendor/codeigniter4/framework/system/Database/BaseConnection.php(391): CodeIgniter\Database\MySQLi\Connection->connect()
#2 /home/d3ti.myfin.id/ci4_core/vendor/codeigniter4/framework/system/Database/BaseConnection.php(573): CodeIgniter\Database\BaseConnection->initialize()
#3 /home/d3ti.myfin.id/ci4_core/vendor/codeigniter4/framework/system/Database/BaseBuilder.php(1602): CodeIgniter\Database\BaseConnection->query()
#4 /home/d3ti.myfin.id/ci4_core/vendor/codeigniter4/framework/system/Model.php(199): CodeIgniter\Database\BaseBuilder->get()
#5 /home/d3ti.myfin.id/ci4_core/vendor/codeigniter4/framework/system/BaseModel.php(557): CodeIgniter\Model->doFind()
#6 /home/d3ti.myfin.id/ci4_core/app/ThirdParty/MythAuth/src/Authentication/AuthenticationBase.php(130): CodeIgniter\BaseModel->find()
#7 /home/d3ti.myfin.id/ci4_core/app/ThirdParty/MythAuth/src/Authentication/LocalAuthenticator.php(68): Myth\Auth\Authentication\AuthenticationBase->isLoggedIn()
#8 /home/d3ti.myfin.id/ci4_core/app/ThirdParty/MythAuth/src/Filters/LoginFilter.php(29): Myth\Auth\Authentication\LocalAuthenticator->check()
#9 /home/d3ti.myfin.id/ci4_core/vendor/codeigniter4/framework/system/Filters/Filters.php(173): Myth\Auth\Filters\LoginFilter->before()
#10 /home/d3ti.myfin.id/ci4_core/vendor/codeigniter4/framework/system/CodeIgniter.php(473): CodeIgniter\Filters\Filters->run()
#11 /home/d3ti.myfin.id/ci4_core/vendor/codeigniter4/framework/system/CodeIgniter.php(368): CodeIgniter\CodeIgniter->handleRequest()
#12 /home/d3ti.myfin.id/public_html/index.php(67): CodeIgniter\CodeIgniter->run()
#13 {main}

Next CodeIgniter\Database\Exceptions\DatabaseException: Connection timed out in /home/d3ti.myfin.id/ci4_core/vendor/codeigniter4/framework/system/Database/MySQLi/Connection.php:218
Stack trace:
#0 /home/d3ti.myfin.id/ci4_core/vendor/codeigniter4/framework/system/Database/BaseConnection.php(391): CodeIgniter\Database\MySQLi\Connection->connect()
#1 /home/d3ti.myfin.id/ci4_core/vendor/codeigniter4/framework/system/Database/BaseConnection.php(573): CodeIgniter\Database\BaseConnection->initialize()
#2 /home/d3ti.myfin.id/ci4_core/vendor/codeigniter4/framework/system/Database/BaseBuilder.php(1602): CodeIgniter\Database\BaseConnection->query()
#3 /home/d3ti.myfin.id/ci4_core/vendor/codeigniter4/framework/system/Model.php(199): CodeIgniter\Database\BaseBuilder->get()
#4 /home/d3ti.myfin.id/ci4_core/vendor/codeigniter4/framework/system/BaseModel.php(557): CodeIgniter\Model->doFind()
#5 /home/d3ti.myfin.id/ci4_core/app/ThirdParty/MythAuth/src/Authentication/AuthenticationBase.php(130): CodeIgniter\BaseModel->find()
#6 /home/d3ti.myfin.id/ci4_core/app/ThirdParty/MythAuth/src/Authentication/LocalAuthenticator.php(68): Myth\Auth\Authentication\AuthenticationBase->isLoggedIn()
#7 /home/d3ti.myfin.id/ci4_core/app/ThirdParty/MythAuth/src/Filters/LoginFilter.php(29): Myth\Auth\Authentication\LocalAuthenticator->check()
#8 /home/d3ti.myfin.id/ci4_core/vendor/codeigniter4/framework/system/Filters/Filters.php(173): Myth\Auth\Filters\LoginFilter->before()
#9 /home/d3ti.myfin.id/ci4_core/vendor/codeigniter4/framework/system/CodeIgniter.php(473): CodeIgniter\Filters\Filters->run()
#10 /home/d3ti.myfin.id/ci4_core/vendor/codeigniter4/framework/system/CodeIgniter.php(368): CodeIgniter\CodeIgniter->handleRequest()
#11 /home/d3ti.myfin.id/public_html/index.php(67): CodeIgniter\CodeIgniter->run()
#12 {main}
CRITICAL - 2023-03-16 09:00:06 --> Unable to connect to the database.
Main connection [MySQLi]: Connection timed out
in SYSTEMPATH/Database/BaseConnection.php on line 427.
 1 SYSTEMPATH/Database/BaseConnection.php(573): CodeIgniter\Database\BaseConnection->initialize()
 2 SYSTEMPATH/Database/BaseBuilder.php(1602): CodeIgniter\Database\BaseConnection->query()
 3 SYSTEMPATH/Model.php(199): CodeIgniter\Database\BaseBuilder->get()
 4 SYSTEMPATH/BaseModel.php(557): CodeIgniter\Model->doFind()
 5 APPPATH/ThirdParty/MythAuth/src/Authentication/AuthenticationBase.php(130): CodeIgniter\BaseModel->find()
 6 APPPATH/ThirdParty/MythAuth/src/Authentication/LocalAuthenticator.php(68): Myth\Auth\Authentication\AuthenticationBase->isLoggedIn()
 7 APPPATH/ThirdParty/MythAuth/src/Filters/LoginFilter.php(29): Myth\Auth\Authentication\LocalAuthenticator->check()
 8 SYSTEMPATH/Filters/Filters.php(173): Myth\Auth\Filters\LoginFilter->before()
 9 SYSTEMPATH/CodeIgniter.php(473): CodeIgniter\Filters\Filters->run()
10 SYSTEMPATH/CodeIgniter.php(368): CodeIgniter\CodeIgniter->handleRequest()
11 FCPATH/index.php(67): CodeIgniter\CodeIgniter->run()
INFO - 2023-03-16 09:00:53 --> Session: Class initialized using 'CodeIgniter\Session\Handlers\FileHandler' driver.
ERROR - 2023-03-16 09:01:13 --> Error connecting to the database: ErrorException: mysqli::real_connect(): php_network_getaddresses: getaddrinfo failed: Temporary failure in name resolution in /home/d3ti.myfin.id/ci4_core/vendor/codeigniter4/framework/system/Database/MySQLi/Connection.php:174
Stack trace:
#0 [internal function]: CodeIgniter\Debug\Exceptions->errorHandler()
#1 /home/d3ti.myfin.id/ci4_core/vendor/codeigniter4/framework/system/Database/MySQLi/Connection.php(174): mysqli->real_connect()
#2 /home/d3ti.myfin.id/ci4_core/vendor/codeigniter4/framework/system/Database/BaseConnection.php(391): CodeIgniter\Database\MySQLi\Connection->connect()
#3 /home/d3ti.myfin.id/ci4_core/vendor/codeigniter4/framework/system/Database/BaseConnection.php(573): CodeIgniter\Database\BaseConnection->initialize()
#4 /home/d3ti.myfin.id/ci4_core/vendor/codeigniter4/framework/system/Database/BaseBuilder.php(1602): CodeIgniter\Database\BaseConnection->query()
#5 /home/d3ti.myfin.id/ci4_core/vendor/codeigniter4/framework/system/Model.php(199): CodeIgniter\Database\BaseBuilder->get()
#6 /home/d3ti.myfin.id/ci4_core/vendor/codeigniter4/framework/system/BaseModel.php(557): CodeIgniter\Model->doFind()
#7 /home/d3ti.myfin.id/ci4_core/app/ThirdParty/MythAuth/src/Authentication/AuthenticationBase.php(130): CodeIgniter\BaseModel->find()
#8 /home/d3ti.myfin.id/ci4_core/app/ThirdParty/MythAuth/src/Authentication/LocalAuthenticator.php(68): Myth\Auth\Authentication\AuthenticationBase->isLoggedIn()
#9 /home/d3ti.myfin.id/ci4_core/app/ThirdParty/MythAuth/src/Filters/LoginFilter.php(29): Myth\Auth\Authentication\LocalAuthenticator->check()
#10 /home/d3ti.myfin.id/ci4_core/vendor/codeigniter4/framework/system/Filters/Filters.php(173): Myth\Auth\Filters\LoginFilter->before()
#11 /home/d3ti.myfin.id/ci4_core/vendor/codeigniter4/framework/system/CodeIgniter.php(473): CodeIgniter\Filters\Filters->run()
#12 /home/d3ti.myfin.id/ci4_core/vendor/codeigniter4/framework/system/CodeIgniter.php(368): CodeIgniter\CodeIgniter->handleRequest()
#13 /home/d3ti.myfin.id/public_html/index.php(67): CodeIgniter\CodeIgniter->run()
#14 {main}

Next mysqli_sql_exception: php_network_getaddresses: getaddrinfo failed: Temporary failure in name resolution in /home/d3ti.myfin.id/ci4_core/vendor/codeigniter4/framework/system/Database/MySQLi/Connection.php:174
Stack trace:
#0 /home/d3ti.myfin.id/ci4_core/vendor/codeigniter4/framework/system/Database/MySQLi/Connection.php(174): mysqli->real_connect()
#1 /home/d3ti.myfin.id/ci4_core/vendor/codeigniter4/framework/system/Database/BaseConnection.php(391): CodeIgniter\Database\MySQLi\Connection->connect()
#2 /home/d3ti.myfin.id/ci4_core/vendor/codeigniter4/framework/system/Database/BaseConnection.php(573): CodeIgniter\Database\BaseConnection->initialize()
#3 /home/d3ti.myfin.id/ci4_core/vendor/codeigniter4/framework/system/Database/BaseBuilder.php(1602): CodeIgniter\Database\BaseConnection->query()
#4 /home/d3ti.myfin.id/ci4_core/vendor/codeigniter4/framework/system/Model.php(199): CodeIgniter\Database\BaseBuilder->get()
#5 /home/d3ti.myfin.id/ci4_core/vendor/codeigniter4/framework/system/BaseModel.php(557): CodeIgniter\Model->doFind()
#6 /home/d3ti.myfin.id/ci4_core/app/ThirdParty/MythAuth/src/Authentication/AuthenticationBase.php(130): CodeIgniter\BaseModel->find()
#7 /home/d3ti.myfin.id/ci4_core/app/ThirdParty/MythAuth/src/Authentication/LocalAuthenticator.php(68): Myth\Auth\Authentication\AuthenticationBase->isLoggedIn()
#8 /home/d3ti.myfin.id/ci4_core/app/ThirdParty/MythAuth/src/Filters/LoginFilter.php(29): Myth\Auth\Authentication\LocalAuthenticator->check()
#9 /home/d3ti.myfin.id/ci4_core/vendor/codeigniter4/framework/system/Filters/Filters.php(173): Myth\Auth\Filters\LoginFilter->before()
#10 /home/d3ti.myfin.id/ci4_core/vendor/codeigniter4/framework/system/CodeIgniter.php(473): CodeIgniter\Filters\Filters->run()
#11 /home/d3ti.myfin.id/ci4_core/vendor/codeigniter4/framework/system/CodeIgniter.php(368): CodeIgniter\CodeIgniter->handleRequest()
#12 /home/d3ti.myfin.id/public_html/index.php(67): CodeIgniter\CodeIgniter->run()
#13 {main}

Next CodeIgniter\Database\Exceptions\DatabaseException: php_network_getaddresses: getaddrinfo failed: Temporary failure in name resolution in /home/d3ti.myfin.id/ci4_core/vendor/codeigniter4/framework/system/Database/MySQLi/Connection.php:218
Stack trace:
#0 /home/d3ti.myfin.id/ci4_core/vendor/codeigniter4/framework/system/Database/BaseConnection.php(391): CodeIgniter\Database\MySQLi\Connection->connect()
#1 /home/d3ti.myfin.id/ci4_core/vendor/codeigniter4/framework/system/Database/BaseConnection.php(573): CodeIgniter\Database\BaseConnection->initialize()
#2 /home/d3ti.myfin.id/ci4_core/vendor/codeigniter4/framework/system/Database/BaseBuilder.php(1602): CodeIgniter\Database\BaseConnection->query()
#3 /home/d3ti.myfin.id/ci4_core/vendor/codeigniter4/framework/system/Model.php(199): CodeIgniter\Database\BaseBuilder->get()
#4 /home/d3ti.myfin.id/ci4_core/vendor/codeigniter4/framework/system/BaseModel.php(557): CodeIgniter\Model->doFind()
#5 /home/d3ti.myfin.id/ci4_core/app/ThirdParty/MythAuth/src/Authentication/AuthenticationBase.php(130): CodeIgniter\BaseModel->find()
#6 /home/d3ti.myfin.id/ci4_core/app/ThirdParty/MythAuth/src/Authentication/LocalAuthenticator.php(68): Myth\Auth\Authentication\AuthenticationBase->isLoggedIn()
#7 /home/d3ti.myfin.id/ci4_core/app/ThirdParty/MythAuth/src/Filters/LoginFilter.php(29): Myth\Auth\Authentication\LocalAuthenticator->check()
#8 /home/d3ti.myfin.id/ci4_core/vendor/codeigniter4/framework/system/Filters/Filters.php(173): Myth\Auth\Filters\LoginFilter->before()
#9 /home/d3ti.myfin.id/ci4_core/vendor/codeigniter4/framework/system/CodeIgniter.php(473): CodeIgniter\Filters\Filters->run()
#10 /home/d3ti.myfin.id/ci4_core/vendor/codeigniter4/framework/system/CodeIgniter.php(368): CodeIgniter\CodeIgniter->handleRequest()
#11 /home/d3ti.myfin.id/public_html/index.php(67): CodeIgniter\CodeIgniter->run()
#12 {main}
CRITICAL - 2023-03-16 09:01:13 --> Unable to connect to the database.
Main connection [MySQLi]: php_network_getaddresses: getaddrinfo failed: Temporary failure in name resolution
in SYSTEMPATH/Database/BaseConnection.php on line 427.
 1 SYSTEMPATH/Database/BaseConnection.php(573): CodeIgniter\Database\BaseConnection->initialize()
 2 SYSTEMPATH/Database/BaseBuilder.php(1602): CodeIgniter\Database\BaseConnection->query()
 3 SYSTEMPATH/Model.php(199): CodeIgniter\Database\BaseBuilder->get()
 4 SYSTEMPATH/BaseModel.php(557): CodeIgniter\Model->doFind()
 5 APPPATH/ThirdParty/MythAuth/src/Authentication/AuthenticationBase.php(130): CodeIgniter\BaseModel->find()
 6 APPPATH/ThirdParty/MythAuth/src/Authentication/LocalAuthenticator.php(68): Myth\Auth\Authentication\AuthenticationBase->isLoggedIn()
 7 APPPATH/ThirdParty/MythAuth/src/Filters/LoginFilter.php(29): Myth\Auth\Authentication\LocalAuthenticator->check()
 8 SYSTEMPATH/Filters/Filters.php(173): Myth\Auth\Filters\LoginFilter->before()
 9 SYSTEMPATH/CodeIgniter.php(473): CodeIgniter\Filters\Filters->run()
10 SYSTEMPATH/CodeIgniter.php(368): CodeIgniter\CodeIgniter->handleRequest()
11 FCPATH/index.php(67): CodeIgniter\CodeIgniter->run()
INFO - 2023-03-16 09:01:18 --> Session: Class initialized using 'CodeIgniter\Session\Handlers\FileHandler' driver.
ERROR - 2023-03-16 09:01:34 --> Error connecting to the database: mysqli_sql_exception: Connection timed out in /home/d3ti.myfin.id/ci4_core/vendor/codeigniter4/framework/system/Database/MySQLi/Connection.php:174
Stack trace:
#0 /home/d3ti.myfin.id/ci4_core/vendor/codeigniter4/framework/system/Database/MySQLi/Connection.php(174): mysqli->real_connect()
#1 /home/d3ti.myfin.id/ci4_core/vendor/codeigniter4/framework/system/Database/BaseConnection.php(391): CodeIgniter\Database\MySQLi\Connection->connect()
#2 /home/d3ti.myfin.id/ci4_core/vendor/codeigniter4/framework/system/Database/BaseConnection.php(573): CodeIgniter\Database\BaseConnection->initialize()
#3 /home/d3ti.myfin.id/ci4_core/vendor/codeigniter4/framework/system/Database/BaseBuilder.php(1602): CodeIgniter\Database\BaseConnection->query()
#4 /home/d3ti.myfin.id/ci4_core/vendor/codeigniter4/framework/system/Model.php(199): CodeIgniter\Database\BaseBuilder->get()
#5 /home/d3ti.myfin.id/ci4_core/vendor/codeigniter4/framework/system/BaseModel.php(557): CodeIgniter\Model->doFind()
#6 /home/d3ti.myfin.id/ci4_core/app/ThirdParty/MythAuth/src/Authentication/AuthenticationBase.php(130): CodeIgniter\BaseModel->find()
#7 /home/d3ti.myfin.id/ci4_core/app/ThirdParty/MythAuth/src/Authentication/LocalAuthenticator.php(68): Myth\Auth\Authentication\AuthenticationBase->isLoggedIn()
#8 /home/d3ti.myfin.id/ci4_core/app/Views/master_partial/landing/navbar.php(18): Myth\Auth\Authentication\LocalAuthenticator->check()
#9 /home/d3ti.myfin.id/ci4_core/vendor/codeigniter4/framework/system/View/View.php(213): include('...')
#10 /home/d3ti.myfin.id/ci4_core/vendor/codeigniter4/framework/system/View/View.php(216): CodeIgniter\View\View->CodeIgniter\View\{closure}()
#11 /home/d3ti.myfin.id/ci4_core/vendor/codeigniter4/framework/system/View/View.php(431): CodeIgniter\View\View->render()
#12 /home/d3ti.myfin.id/ci4_core/app/Views/landing/index.php(2): CodeIgniter\View\View->include()
#13 /home/d3ti.myfin.id/ci4_core/vendor/codeigniter4/framework/system/View/View.php(213): include('...')
#14 /home/d3ti.myfin.id/ci4_core/vendor/codeigniter4/framework/system/View/View.php(216): CodeIgniter\View\View->CodeIgniter\View\{closure}()
#15 /home/d3ti.myfin.id/ci4_core/vendor/codeigniter4/framework/system/Common.php(1177): CodeIgniter\View\View->render()
#16 /home/d3ti.myfin.id/ci4_core/app/Controllers/LandingController.php(15): view()
#17 /home/d3ti.myfin.id/ci4_core/vendor/codeigniter4/framework/system/CodeIgniter.php(934): App\Controllers\LandingController->index()
#18 /home/d3ti.myfin.id/ci4_core/vendor/codeigniter4/framework/system/CodeIgniter.php(499): CodeIgniter\CodeIgniter->runController()
#19 /home/d3ti.myfin.id/ci4_core/vendor/codeigniter4/framework/system/CodeIgniter.php(368): CodeIgniter\CodeIgniter->handleRequest()
#20 /home/d3ti.myfin.id/public_html/index.php(67): CodeIgniter\CodeIgniter->run()
#21 {main}

Next CodeIgniter\Database\Exceptions\DatabaseException: Connection timed out in /home/d3ti.myfin.id/ci4_core/vendor/codeigniter4/framework/system/Database/MySQLi/Connection.php:218
Stack trace:
#0 /home/d3ti.myfin.id/ci4_core/vendor/codeigniter4/framework/system/Database/BaseConnection.php(391): CodeIgniter\Database\MySQLi\Connection->connect()
#1 /home/d3ti.myfin.id/ci4_core/vendor/codeigniter4/framework/system/Database/BaseConnection.php(573): CodeIgniter\Database\BaseConnection->initialize()
#2 /home/d3ti.myfin.id/ci4_core/vendor/codeigniter4/framework/system/Database/BaseBuilder.php(1602): CodeIgniter\Database\BaseConnection->query()
#3 /home/d3ti.myfin.id/ci4_core/vendor/codeigniter4/framework/system/Model.php(199): CodeIgniter\Database\BaseBuilder->get()
#4 /home/d3ti.myfin.id/ci4_core/vendor/codeigniter4/framework/system/BaseModel.php(557): CodeIgniter\Model->doFind()
#5 /home/d3ti.myfin.id/ci4_core/app/ThirdParty/MythAuth/src/Authentication/AuthenticationBase.php(130): CodeIgniter\BaseModel->find()
#6 /home/d3ti.myfin.id/ci4_core/app/ThirdParty/MythAuth/src/Authentication/LocalAuthenticator.php(68): Myth\Auth\Authentication\AuthenticationBase->isLoggedIn()
#7 /home/d3ti.myfin.id/ci4_core/app/Views/master_partial/landing/navbar.php(18): Myth\Auth\Authentication\LocalAuthenticator->check()
#8 /home/d3ti.myfin.id/ci4_core/vendor/codeigniter4/framework/system/View/View.php(213): include('...')
#9 /home/d3ti.myfin.id/ci4_core/vendor/codeigniter4/framework/system/View/View.php(216): CodeIgniter\View\View->CodeIgniter\View\{closure}()
#10 /home/d3ti.myfin.id/ci4_core/vendor/codeigniter4/framework/system/View/View.php(431): CodeIgniter\View\View->render()
#11 /home/d3ti.myfin.id/ci4_core/app/Views/landing/index.php(2): CodeIgniter\View\View->include()
#12 /home/d3ti.myfin.id/ci4_core/vendor/codeigniter4/framework/system/View/View.php(213): include('...')
#13 /home/d3ti.myfin.id/ci4_core/vendor/codeigniter4/framework/system/View/View.php(216): CodeIgniter\View\View->CodeIgniter\View\{closure}()
#14 /home/d3ti.myfin.id/ci4_core/vendor/codeigniter4/framework/system/Common.php(1177): CodeIgniter\View\View->render()
#15 /home/d3ti.myfin.id/ci4_core/app/Controllers/LandingController.php(15): view()
#16 /home/d3ti.myfin.id/ci4_core/vendor/codeigniter4/framework/system/CodeIgniter.php(934): App\Controllers\LandingController->index()
#17 /home/d3ti.myfin.id/ci4_core/vendor/codeigniter4/framework/system/CodeIgniter.php(499): CodeIgniter\CodeIgniter->runController()
#18 /home/d3ti.myfin.id/ci4_core/vendor/codeigniter4/framework/system/CodeIgniter.php(368): CodeIgniter\CodeIgniter->handleRequest()
#19 /home/d3ti.myfin.id/public_html/index.php(67): CodeIgniter\CodeIgniter->run()
#20 {main}
CRITICAL - 2023-03-16 09:01:34 --> Unable to connect to the database.
Main connection [MySQLi]: Connection timed out
in SYSTEMPATH/Database/BaseConnection.php on line 427.
 1 SYSTEMPATH/Database/BaseConnection.php(573): CodeIgniter\Database\BaseConnection->initialize()
 2 SYSTEMPATH/Database/BaseBuilder.php(1602): CodeIgniter\Database\BaseConnection->query()
 3 SYSTEMPATH/Model.php(199): CodeIgniter\Database\BaseBuilder->get()
 4 SYSTEMPATH/BaseModel.php(557): CodeIgniter\Model->doFind()
 5 APPPATH/ThirdParty/MythAuth/src/Authentication/AuthenticationBase.php(130): CodeIgniter\BaseModel->find()
 6 APPPATH/ThirdParty/MythAuth/src/Authentication/LocalAuthenticator.php(68): Myth\Auth\Authentication\AuthenticationBase->isLoggedIn()
 7 APPPATH/Views/master_partial/landing/navbar.php(18): Myth\Auth\Authentication\LocalAuthenticator->check()
 8 SYSTEMPATH/View/View.php(213): include('APPPATH/Views/master_partial/landing/navbar.php')
 9 SYSTEMPATH/View/View.php(216): CodeIgniter\View\View->CodeIgniter\View\{closure}()
10 SYSTEMPATH/View/View.php(431): CodeIgniter\View\View->render()
11 APPPATH/Views/landing/index.php(2): CodeIgniter\View\View->include()
12 SYSTEMPATH/View/View.php(213): include('APPPATH/Views/landing/index.php')
13 SYSTEMPATH/View/View.php(216): CodeIgniter\View\View->CodeIgniter\View\{closure}()
14 SYSTEMPATH/Common.php(1177): CodeIgniter\View\View->render()
15 APPPATH/Controllers/LandingController.php(15): view()
16 SYSTEMPATH/CodeIgniter.php(934): App\Controllers\LandingController->index()
17 SYSTEMPATH/CodeIgniter.php(499): CodeIgniter\CodeIgniter->runController()
18 SYSTEMPATH/CodeIgniter.php(368): CodeIgniter\CodeIgniter->handleRequest()
19 FCPATH/index.php(67): CodeIgniter\CodeIgniter->run()
INFO - 2023-03-16 09:01:34 --> Session: Class initialized using 'CodeIgniter\Session\Handlers\FileHandler' driver.
INFO - 2023-03-16 09:01:46 --> Session: Class initialized using 'CodeIgniter\Session\Handlers\FileHandler' driver.
ERROR - 2023-03-16 09:02:06 --> Error connecting to the database: ErrorException: mysqli::real_connect(): php_network_getaddresses: getaddrinfo failed: Temporary failure in name resolution in /home/d3ti.myfin.id/ci4_core/vendor/codeigniter4/framework/system/Database/MySQLi/Connection.php:174
Stack trace:
#0 [internal function]: CodeIgniter\Debug\Exceptions->errorHandler()
#1 /home/d3ti.myfin.id/ci4_core/vendor/codeigniter4/framework/system/Database/MySQLi/Connection.php(174): mysqli->real_connect()
#2 /home/d3ti.myfin.id/ci4_core/vendor/codeigniter4/framework/system/Database/BaseConnection.php(391): CodeIgniter\Database\MySQLi\Connection->connect()
#3 /home/d3ti.myfin.id/ci4_core/vendor/codeigniter4/framework/system/Database/BaseConnection.php(573): CodeIgniter\Database\BaseConnection->initialize()
#4 /home/d3ti.myfin.id/ci4_core/vendor/codeigniter4/framework/system/Database/BaseBuilder.php(1602): CodeIgniter\Database\BaseConnection->query()
#5 /home/d3ti.myfin.id/ci4_core/vendor/codeigniter4/framework/system/Model.php(199): CodeIgniter\Database\BaseBuilder->get()
#6 /home/d3ti.myfin.id/ci4_core/vendor/codeigniter4/framework/system/BaseModel.php(557): CodeIgniter\Model->doFind()
#7 /home/d3ti.myfin.id/ci4_core/app/ThirdParty/MythAuth/src/Authentication/AuthenticationBase.php(130): CodeIgniter\BaseModel->find()
#8 /home/d3ti.myfin.id/ci4_core/app/ThirdParty/MythAuth/src/Authentication/LocalAuthenticator.php(68): Myth\Auth\Authentication\AuthenticationBase->isLoggedIn()
#9 /home/d3ti.myfin.id/ci4_core/app/ThirdParty/MythAuth/src/Filters/LoginFilter.php(29): Myth\Auth\Authentication\LocalAuthenticator->check()
#10 /home/d3ti.myfin.id/ci4_core/vendor/codeigniter4/framework/system/Filters/Filters.php(173): Myth\Auth\Filters\LoginFilter->before()
#11 /home/d3ti.myfin.id/ci4_core/vendor/codeigniter4/framework/system/CodeIgniter.php(473): CodeIgniter\Filters\Filters->run()
#12 /home/d3ti.myfin.id/ci4_core/vendor/codeigniter4/framework/system/CodeIgniter.php(368): CodeIgniter\CodeIgniter->handleRequest()
#13 /home/d3ti.myfin.id/public_html/index.php(67): CodeIgniter\CodeIgniter->run()
#14 {main}

Next mysqli_sql_exception: php_network_getaddresses: getaddrinfo failed: Temporary failure in name resolution in /home/d3ti.myfin.id/ci4_core/vendor/codeigniter4/framework/system/Database/MySQLi/Connection.php:174
Stack trace:
#0 /home/d3ti.myfin.id/ci4_core/vendor/codeigniter4/framework/system/Database/MySQLi/Connection.php(174): mysqli->real_connect()
#1 /home/d3ti.myfin.id/ci4_core/vendor/codeigniter4/framework/system/Database/BaseConnection.php(391): CodeIgniter\Database\MySQLi\Connection->connect()
#2 /home/d3ti.myfin.id/ci4_core/vendor/codeigniter4/framework/system/Database/BaseConnection.php(573): CodeIgniter\Database\BaseConnection->initialize()
#3 /home/d3ti.myfin.id/ci4_core/vendor/codeigniter4/framework/system/Database/BaseBuilder.php(1602): CodeIgniter\Database\BaseConnection->query()
#4 /home/d3ti.myfin.id/ci4_core/vendor/codeigniter4/framework/system/Model.php(199): CodeIgniter\Database\BaseBuilder->get()
#5 /home/d3ti.myfin.id/ci4_core/vendor/codeigniter4/framework/system/BaseModel.php(557): CodeIgniter\Model->doFind()
#6 /home/d3ti.myfin.id/ci4_core/app/ThirdParty/MythAuth/src/Authentication/AuthenticationBase.php(130): CodeIgniter\BaseModel->find()
#7 /home/d3ti.myfin.id/ci4_core/app/ThirdParty/MythAuth/src/Authentication/LocalAuthenticator.php(68): Myth\Auth\Authentication\AuthenticationBase->isLoggedIn()
#8 /home/d3ti.myfin.id/ci4_core/app/ThirdParty/MythAuth/src/Filters/LoginFilter.php(29): Myth\Auth\Authentication\LocalAuthenticator->check()
#9 /home/d3ti.myfin.id/ci4_core/vendor/codeigniter4/framework/system/Filters/Filters.php(173): Myth\Auth\Filters\LoginFilter->before()
#10 /home/d3ti.myfin.id/ci4_core/vendor/codeigniter4/framework/system/CodeIgniter.php(473): CodeIgniter\Filters\Filters->run()
#11 /home/d3ti.myfin.id/ci4_core/vendor/codeigniter4/framework/system/CodeIgniter.php(368): CodeIgniter\CodeIgniter->handleRequest()
#12 /home/d3ti.myfin.id/public_html/index.php(67): CodeIgniter\CodeIgniter->run()
#13 {main}

Next CodeIgniter\Database\Exceptions\DatabaseException: php_network_getaddresses: getaddrinfo failed: Temporary failure in name resolution in /home/d3ti.myfin.id/ci4_core/vendor/codeigniter4/framework/system/Database/MySQLi/Connection.php:218
Stack trace:
#0 /home/d3ti.myfin.id/ci4_core/vendor/codeigniter4/framework/system/Database/BaseConnection.php(391): CodeIgniter\Database\MySQLi\Connection->connect()
#1 /home/d3ti.myfin.id/ci4_core/vendor/codeigniter4/framework/system/Database/BaseConnection.php(573): CodeIgniter\Database\BaseConnection->initialize()
#2 /home/d3ti.myfin.id/ci4_core/vendor/codeigniter4/framework/system/Database/BaseBuilder.php(1602): CodeIgniter\Database\BaseConnection->query()
#3 /home/d3ti.myfin.id/ci4_core/vendor/codeigniter4/framework/system/Model.php(199): CodeIgniter\Database\BaseBuilder->get()
#4 /home/d3ti.myfin.id/ci4_core/vendor/codeigniter4/framework/system/BaseModel.php(557): CodeIgniter\Model->doFind()
#5 /home/d3ti.myfin.id/ci4_core/app/ThirdParty/MythAuth/src/Authentication/AuthenticationBase.php(130): CodeIgniter\BaseModel->find()
#6 /home/d3ti.myfin.id/ci4_core/app/ThirdParty/MythAuth/src/Authentication/LocalAuthenticator.php(68): Myth\Auth\Authentication\AuthenticationBase->isLoggedIn()
#7 /home/d3ti.myfin.id/ci4_core/app/ThirdParty/MythAuth/src/Filters/LoginFilter.php(29): Myth\Auth\Authentication\LocalAuthenticator->check()
#8 /home/d3ti.myfin.id/ci4_core/vendor/codeigniter4/framework/system/Filters/Filters.php(173): Myth\Auth\Filters\LoginFilter->before()
#9 /home/d3ti.myfin.id/ci4_core/vendor/codeigniter4/framework/system/CodeIgniter.php(473): CodeIgniter\Filters\Filters->run()
#10 /home/d3ti.myfin.id/ci4_core/vendor/codeigniter4/framework/system/CodeIgniter.php(368): CodeIgniter\CodeIgniter->handleRequest()
#11 /home/d3ti.myfin.id/public_html/index.php(67): CodeIgniter\CodeIgniter->run()
#12 {main}
CRITICAL - 2023-03-16 09:02:06 --> Unable to connect to the database.
Main connection [MySQLi]: php_network_getaddresses: getaddrinfo failed: Temporary failure in name resolution
in SYSTEMPATH/Database/BaseConnection.php on line 427.
 1 SYSTEMPATH/Database/BaseConnection.php(573): CodeIgniter\Database\BaseConnection->initialize()
 2 SYSTEMPATH/Database/BaseBuilder.php(1602): CodeIgniter\Database\BaseConnection->query()
 3 SYSTEMPATH/Model.php(199): CodeIgniter\Database\BaseBuilder->get()
 4 SYSTEMPATH/BaseModel.php(557): CodeIgniter\Model->doFind()
 5 APPPATH/ThirdParty/MythAuth/src/Authentication/AuthenticationBase.php(130): CodeIgniter\BaseModel->find()
 6 APPPATH/ThirdParty/MythAuth/src/Authentication/LocalAuthenticator.php(68): Myth\Auth\Authentication\AuthenticationBase->isLoggedIn()
 7 APPPATH/ThirdParty/MythAuth/src/Filters/LoginFilter.php(29): Myth\Auth\Authentication\LocalAuthenticator->check()
 8 SYSTEMPATH/Filters/Filters.php(173): Myth\Auth\Filters\LoginFilter->before()
 9 SYSTEMPATH/CodeIgniter.php(473): CodeIgniter\Filters\Filters->run()
10 SYSTEMPATH/CodeIgniter.php(368): CodeIgniter\CodeIgniter->handleRequest()
11 FCPATH/index.php(67): CodeIgniter\CodeIgniter->run()
INFO - 2023-03-16 09:02:58 --> Session: Class initialized using 'CodeIgniter\Session\Handlers\FileHandler' driver.
INFO - 2023-03-16 09:03:00 --> Session: Class initialized using 'CodeIgniter\Session\Handlers\FileHandler' driver.
INFO - 2023-03-16 09:03:06 --> Session: Class initialized using 'CodeIgniter\Session\Handlers\FileHandler' driver.
INFO - 2023-03-16 09:03:06 --> Session: Class initialized using 'CodeIgniter\Session\Handlers\FileHandler' driver.
INFO - 2023-03-16 09:03:08 --> Session: Class initialized using 'CodeIgniter\Session\Handlers\FileHandler' driver.
INFO - 2023-03-16 09:03:14 --> Session: Class initialized using 'CodeIgniter\Session\Handlers\FileHandler' driver.
INFO - 2023-03-16 09:03:34 --> Session: Class initialized using 'CodeIgniter\Session\Handlers\FileHandler' driver.
INFO - 2023-03-16 09:03:37 --> Session: Class initialized using 'CodeIgniter\Session\Handlers\FileHandler' driver.
INFO - 2023-03-16 09:03:39 --> Session: Class initialized using 'CodeIgniter\Session\Handlers\FileHandler' driver.
INFO - 2023-03-16 09:13:31 --> Session: Class initialized using 'CodeIgniter\Session\Handlers\FileHandler' driver.
CRITICAL - 2023-03-16 09:13:33 --> syntax error, unexpected single-quoted string "created_at", expecting "]"
in APPPATH/Models/Kmm/KMMModel.php on line 13.
 1 SYSTEMPATH/Autoloader/Autoloader.php(289): CodeIgniter\Autoloader\Autoloader->includeFile()
 2 SYSTEMPATH/Autoloader/Autoloader.php(267): CodeIgniter\Autoloader\Autoloader->loadInNamespace()
 3 APPPATH/Controllers/Kmm/KMMController.php(19): CodeIgniter\Autoloader\Autoloader->loadClass()
 4 SYSTEMPATH/CodeIgniter.php(906): App\Controllers\Kmm\KMMController->__construct()
 5 SYSTEMPATH/CodeIgniter.php(490): CodeIgniter\CodeIgniter->createController()
 6 SYSTEMPATH/CodeIgniter.php(368): CodeIgniter\CodeIgniter->handleRequest()
 7 FCPATH/index.php(67): CodeIgniter\CodeIgniter->run()
INFO - 2023-03-16 09:14:02 --> Session: Class initialized using 'CodeIgniter\Session\Handlers\FileHandler' driver.
INFO - 2023-03-16 09:15:14 --> Session: Class initialized using 'CodeIgniter\Session\Handlers\FileHandler' driver.
CRITICAL - 2023-03-16 09:15:15 --> Call to a member function getRandomName() on null
in APPPATH/Controllers/Kmm/KMMController.php on line 57.
 1 SYSTEMPATH/CodeIgniter.php(934): App\Controllers\Kmm\KMMController->store()
 2 SYSTEMPATH/CodeIgniter.php(499): CodeIgniter\CodeIgniter->runController()
 3 SYSTEMPATH/CodeIgniter.php(368): CodeIgniter\CodeIgniter->handleRequest()
 4 FCPATH/index.php(67): CodeIgniter\CodeIgniter->run()
INFO - 2023-03-16 09:15:37 --> Session: Class initialized using 'CodeIgniter\Session\Handlers\FileHandler' driver.
INFO - 2023-03-16 09:16:24 --> Session: Class initialized using 'CodeIgniter\Session\Handlers\FileHandler' driver.
INFO - 2023-03-16 09:16:26 --> Session: Class initialized using 'CodeIgniter\Session\Handlers\FileHandler' driver.
INFO - 2023-03-16 09:16:59 --> Session: Class initialized using 'CodeIgniter\Session\Handlers\FileHandler' driver.
CRITICAL - 2023-03-16 09:17:00 --> Call to a member function getRandomName() on null
in APPPATH/Controllers/Kmm/KMMController.php on line 57.
 1 SYSTEMPATH/CodeIgniter.php(934): App\Controllers\Kmm\KMMController->store()
 2 SYSTEMPATH/CodeIgniter.php(499): CodeIgniter\CodeIgniter->runController()
 3 SYSTEMPATH/CodeIgniter.php(368): CodeIgniter\CodeIgniter->handleRequest()
 4 FCPATH/index.php(67): CodeIgniter\CodeIgniter->run()
INFO - 2023-03-16 09:18:49 --> Session: Class initialized using 'CodeIgniter\Session\Handlers\FileHandler' driver.
CRITICAL - 2023-03-16 09:18:50 --> Call to a member function getRandomName() on null
in APPPATH/Controllers/Kmm/KMMController.php on line 57.
 1 SYSTEMPATH/CodeIgniter.php(934): App\Controllers\Kmm\KMMController->store()
 2 SYSTEMPATH/CodeIgniter.php(499): CodeIgniter\CodeIgniter->runController()
 3 SYSTEMPATH/CodeIgniter.php(368): CodeIgniter\CodeIgniter->handleRequest()
 4 FCPATH/index.php(67): CodeIgniter\CodeIgniter->run()
INFO - 2023-03-16 09:18:53 --> Session: Class initialized using 'CodeIgniter\Session\Handlers\FileHandler' driver.
INFO - 2023-03-16 09:18:56 --> Session: Class initialized using 'CodeIgniter\Session\Handlers\FileHandler' driver.
CRITICAL - 2023-03-16 09:18:56 --> Call to a member function getRandomName() on null
in APPPATH/Controllers/Kmm/KMMController.php on line 59.
 1 SYSTEMPATH/CodeIgniter.php(934): App\Controllers\Kmm\KMMController->store()
 2 SYSTEMPATH/CodeIgniter.php(499): CodeIgniter\CodeIgniter->runController()
 3 SYSTEMPATH/CodeIgniter.php(368): CodeIgniter\CodeIgniter->handleRequest()
 4 FCPATH/index.php(67): CodeIgniter\CodeIgniter->run()
INFO - 2023-03-16 14:19:05 --> Session: Class initialized using 'CodeIgniter\Session\Handlers\FileHandler' driver.
INFO - 2023-03-16 14:46:47 --> Session: Class initialized using 'CodeIgniter\Session\Handlers\FileHandler' driver.
